Removed Pin From Net: NetName=5V Pin=P4-A1
Removed Pin From Net: NetName=5V Pin=P4-A2
Removed Pin From Net: NetName=5V Pin=P4-A3
Removed Pin From Net: NetName=5V Pin=P4-A4
Removed Pin From Net: NetName=5V Pin=P4-A5
Removed Pin From Net: NetName=5V Pin=P4-A6
Removed Pin From Net: NetName=5V Pin=P4-A7
Removed Pin From Net: NetName=5V Pin=P4-A8
Removed Pin From Net: NetName=5V Pin=P4-A9
Removed Pin From Net: NetName=5V Pin=P4-A10
Removed Pin From Net: NetName=5V Pin=P4-A11
Removed Pin From Net: NetName=GND Pin=P4-B1
Removed Pin From Net: NetName=GND Pin=P4-B2
Removed Pin From Net: NetName=GND Pin=P4-B3
Removed Pin From Net: NetName=GND Pin=P4-B4
Removed Pin From Net: NetName=GND Pin=P4-B5
Removed Pin From Net: NetName=GND Pin=P4-B6
Removed Pin From Net: NetName=GND Pin=P4-B7
Removed Pin From Net: NetName=GND Pin=P4-B8
Removed Pin From Net: NetName=GND Pin=P4-B9
Removed Pin From Net: NetName=GND Pin=P4-B10
Removed Pin From Net: NetName=GND Pin=P4-B11
Added Pin To Net: NetName=GND Pin=P4-A1
Added Pin To Net: NetName=GND Pin=P4-A2
Added Pin To Net: NetName=GND Pin=P4-A3
Added Pin To Net: NetName=GND Pin=P4-A4
Added Pin To Net: NetName=GND Pin=P4-A5
Added Pin To Net: NetName=GND Pin=P4-A6
Added Pin To Net: NetName=GND Pin=P4-A7
Added Pin To Net: NetName=GND Pin=P4-A8
Added Pin To Net: NetName=GND Pin=P4-A9
Added Pin To Net: NetName=GND Pin=P4-A10
Added Pin To Net: NetName=GND Pin=P4-A11
Added Pin To Net: NetName=5V Pin=P4-B1
Added Pin To Net: NetName=5V Pin=P4-B2
Added Pin To Net: NetName=5V Pin=P4-B3
Added Pin To Net: NetName=5V Pin=P4-B4
Added Pin To Net: NetName=5V Pin=P4-B5
Added Pin To Net: NetName=5V Pin=P4-B6
Added Pin To Net: NetName=5V Pin=P4-B7
Added Pin To Net: NetName=5V Pin=P4-B8
Added Pin To Net: NetName=5V Pin=P4-B9
Added Pin To Net: NetName=5V Pin=P4-B10
Added Pin To Net: NetName=5V Pin=P4-B11
Added Room: Name=Sheet1
