Change Component Designator: OldDesignator=P4 NewDesignator=P5
Change Component Designator: OldDesignator=P5 NewDesignator=P6
Change Component Designator: OldDesignator=R? NewDesignator=R1
Added Component: Designator=P4(AMPHENOL_G630H9812248EU)
Add component (AddParameter): Name = "Digi-Key_Part_Number"; Value = "G630H9812248EU-ND"; VariantName = "[No Variations]"
Add component (AddParameter): Name = "MF"; Value = "Amphenol ICC"; VariantName = "[No Variations]"
Add component (AddParameter): Name = "MP"; Value = "G630H9812248EU"; VariantName = "[No Variations]"
Add component (AddParameter): Name = "Package"; Value = "None"; VariantName = "[No Variations]"
Add component (AddParameter): Name = "Purchase-URL"; Value = "https://pricing.snapeda.com/search/part/G630H9812248EU/?ref=eda"; VariantName = "[No Variations]"
Add component (AddParameter): Name = "SnapEDA_Link"; Value = "https://www.snapeda.com/parts/G630H9812248EU/Amphenol%20FCI/view-part/704000/?ref=snap"; VariantName = "[No Variations]"
Add component (AddParameter): Name = "Value"; Value = ""; VariantName = "[No Variations]"
Added Pin To Net: NetName=GND Pin=P4-A1
Added Pin To Net: NetName=GND Pin=P4-A2
Added Pin To Net: NetName=GND Pin=P4-A3
Added Pin To Net: NetName=GND Pin=P4-A4
Added Pin To Net: NetName=GND Pin=P4-A5
Added Pin To Net: NetName=GND Pin=P4-A6
Added Pin To Net: NetName=GND Pin=P4-A7
Added Pin To Net: NetName=GND Pin=P4-A8
Added Pin To Net: NetName=GND Pin=P4-A9
Added Pin To Net: NetName=GND Pin=P4-A10
Added Pin To Net: NetName=GND Pin=P4-A11
Added Pin To Net: NetName=5V Pin=P4-B1
Added Pin To Net: NetName=5V Pin=P4-B2
Added Pin To Net: NetName=5V Pin=P4-B3
Added Pin To Net: NetName=5V Pin=P4-B4
Added Pin To Net: NetName=5V Pin=P4-B5
Added Pin To Net: NetName=5V Pin=P4-B6
Added Pin To Net: NetName=5V Pin=P4-B7
Added Pin To Net: NetName=5V Pin=P4-B8
Added Pin To Net: NetName=5V Pin=P4-B9
Added Pin To Net: NetName=5V Pin=P4-B10
Added Pin To Net: NetName=5V Pin=P4-B11
Added Pin To Net: NetName=R1_C_BUFF Pin=P4-B20
Added Pin To Net: NetName=B1_C_BUFF Pin=P4-B21
Added Pin To Net: NetName=R2_C_BUFF Pin=P4-B22
Added Pin To Net: NetName=B2_C_BUFF Pin=P4-B23
Added Pin To Net: NetName=A_BUFF Pin=P4-B24
Added Pin To Net: NetName=C_BUFF Pin=P4-B25
Added Pin To Net: NetName=CLK_C_BUFF Pin=P4-B26
Added Pin To Net: NetName=OE_C_BUFF Pin=P4-B27
Added Pin To Net: NetName=G1_C_BUFF Pin=P4-B28
Added Pin To Net: NetName=G2_C_BUFF Pin=P4-B29
Added Pin To Net: NetName=B_BUFF Pin=P4-B30
Added Pin To Net: NetName=D_BUFF Pin=P4-B31
Added Pin To Net: NetName=LAT_C_BUFF Pin=P4-B32
Added Pin To Net: NetName=E_BUFF Pin=P4-B40
Added Pin To Net: NetName=AIN2 Pin=P4-B41
Added Pin To Net: NetName=AIN3 Pin=P4-B42
Added Pin To Net: NetName=DISP_SENSE_C Pin=P4-B48
Added Pin To Net: NetName=BAT_SENSE_C Pin=P4-B49
Added Member To Class: ClassName=Sheet1 Member=Component P6 OUTPUT_B
Added Room: Name=Sheet1
