Removed Pin From Net: NetName=GND Pin=P3-A1
Removed Pin From Net: NetName=GND Pin=P3-A2
Removed Pin From Net: NetName=GND Pin=P3-A3
Removed Pin From Net: NetName=GND Pin=P3-A4
Removed Pin From Net: NetName=GND Pin=P3-A5
Removed Pin From Net: NetName=GND Pin=P3-A6
Removed Pin From Net: NetName=GND Pin=P3-A7
Removed Pin From Net: NetName=GND Pin=P3-A8
Removed Pin From Net: NetName=GND Pin=P3-A9
Removed Pin From Net: NetName=GND Pin=P3-A10
Removed Pin From Net: NetName=GND Pin=P3-A11
Removed Pin From Net: NetName=5V Pin=P3-B1
Removed Pin From Net: NetName=5V Pin=P3-B2
Removed Pin From Net: NetName=5V Pin=P3-B3
Removed Pin From Net: NetName=5V Pin=P3-B4
Removed Pin From Net: NetName=5V Pin=P3-B5
Removed Pin From Net: NetName=5V Pin=P3-B6
Removed Pin From Net: NetName=5V Pin=P3-B7
Removed Pin From Net: NetName=5V Pin=P3-B8
Removed Pin From Net: NetName=5V Pin=P3-B9
Removed Pin From Net: NetName=5V Pin=P3-B10
Removed Pin From Net: NetName=5V Pin=P3-B11
Add Component: Footprint Not Found AMPHENOL_G630H9812248EU
Added Component: Designator=R1(FP-RC1206-MFG)
Add component (AddParameter): Name = "Automotive"; Value = "No"; VariantName = "[No Variations]"
Add component (AddParameter): Name = "Category"; Value = "Res"; VariantName = "[No Variations]"
Add component (AddParameter): Name = "ComponentLink2Description"; Value = "Datasheet"; VariantName = "[No Variations]"
Add component (AddParameter): Name = "ComponentLink2URL"; Value = "https://www.yageo.com/upload/media/product/productsearch/datasheet/rchip/PYu-RC_Group_51_RoHS_L_10.pdf"; VariantName = "[No Variations]"
Add component (AddParameter): Name = "Composition"; Value = "Thick Film"; VariantName = "[No Variations]"
Add component (AddParameter): Name = "Device Class L1"; Value = "Passive Components"; VariantName = "[No Variations]"
Add component (AddParameter): Name = "Device Class L2"; Value = "Resistors"; VariantName = "[No Variations]"
Add component (AddParameter): Name = "Device Class L3"; Value = "Chip SMD Resistors"; VariantName = "[No Variations]"
Add component (AddParameter): Name = "Digikey Description"; Value = "RES SMD 0 OHM JUMPER 1/4W 1206"; VariantName = "[No Variations]"
Add component (AddParameter): Name = "Footprint Url"; Value = "https://www.yageo.com/upload/website/yageo_PYu-R_Mount_10_19050818_343.pdf"; VariantName = "[No Variations]"
Add component (AddParameter): Name = "Height"; Value = "0.65mm"; VariantName = "[No Variations]"
Add component (AddParameter): Name = "Ipc Land Pattern Name"; Value = "RESC310160X55"; VariantName = "[No Variations]"
Add component (AddParameter): Name = "Lead Free"; Value = "Yes"; VariantName = "[No Variations]"
Add component (AddParameter): Name = "Manufacturer"; Value = "YAGEO"; VariantName = "[No Variations]"
Add component (AddParameter): Name = "Manufacturer Part Number"; Value = "RC1206JR-070RL"; VariantName = "[No Variations]"
Add component (AddParameter): Name = "Mouser Description"; Value = "Resistor: thick film; SMD; 1206; 0O; 0.25W; ±5%; -55÷155°C"; VariantName = "[No Variations]"
Add component (AddParameter): Name = "Octopart"; Value = "https://octopart.com/rc1206jr-070rl-yageo-40025601"; VariantName = "[No Variations]"
Add component (AddParameter): Name = "Package"; Value = "RC1206"; VariantName = "[No Variations]"
Add component (AddParameter): Name = "Power Rating"; Value = "0.25W"; VariantName = "[No Variations]"
Add component (AddParameter): Name = "Resistance"; Value = "0O"; VariantName = "[No Variations]"
Add component (AddParameter): Name = "RoHS"; Value = "TRUE"; VariantName = "[No Variations]"
Add component (AddParameter): Name = "Series"; Value = "RC"; VariantName = "[No Variations]"
Add component (AddParameter): Name = "Temperature"; Value = "-55°C to +155°C"; VariantName = "[No Variations]"
Add component (AddParameter): Name = "Temperature Coefficient"; Value = "300ppm/°C"; VariantName = "[No Variations]"
Add component (AddParameter): Name = "Temperature Range High"; Value = "+155°C"; VariantName = "[No Variations]"
Add component (AddParameter): Name = "Temperature Range Low"; Value = "-55°C"; VariantName = "[No Variations]"
Add component (AddParameter): Name = "Tolerance"; Value = "5%"; VariantName = "[No Variations]"
Add component (AddParameter): Name = "Value"; Value = "0O"; VariantName = "[No Variations]"
Add component (AddParameter): Name = "Voltage Rating"; Value = "200V"; VariantName = "[No Variations]"
Added Pin To Net: NetName=SDA Pin=P1-A44
Added Pin To Net: NetName=SCL Pin=P1-A45
Added Pin To Net: NetName=CLK Pin=P2-A26
Added Pin To Net: NetName=OE Pin=P2-A27
Added Pin To Net: NetName=LAT Pin=P2-A32
Added Pin To Net: NetName=SDA Pin=P2-A44
Added Pin To Net: NetName=SCL Pin=P2-A45
Added Pin To Net: NetName=5V Pin=P3-A1
Added Pin To Net: NetName=5V Pin=P3-A2
Added Pin To Net: NetName=5V Pin=P3-A3
Added Pin To Net: NetName=5V Pin=P3-A4
Added Pin To Net: NetName=5V Pin=P3-A5
Added Pin To Net: NetName=5V Pin=P3-A6
Added Pin To Net: NetName=5V Pin=P3-A7
Added Pin To Net: NetName=5V Pin=P3-A8
Added Pin To Net: NetName=5V Pin=P3-A9
Added Pin To Net: NetName=5V Pin=P3-A10
Added Pin To Net: NetName=5V Pin=P3-A11
Added Pin To Net: NetName=CLK Pin=P3-A26
Added Pin To Net: NetName=OE Pin=P3-A27
Added Pin To Net: NetName=LAT Pin=P3-A32
Added Pin To Net: NetName=SDA Pin=P3-A44
Added Pin To Net: NetName=SCL Pin=P3-A45
Added Pin To Net: NetName=GND Pin=P3-B1
Added Pin To Net: NetName=GND Pin=P3-B2
Added Pin To Net: NetName=GND Pin=P3-B3
Added Pin To Net: NetName=GND Pin=P3-B4
Added Pin To Net: NetName=GND Pin=P3-B5
Added Pin To Net: NetName=GND Pin=P3-B6
Added Pin To Net: NetName=GND Pin=P3-B7
Added Pin To Net: NetName=GND Pin=P3-B8
Added Pin To Net: NetName=GND Pin=P3-B9
Added Pin To Net: NetName=GND Pin=P3-B10
Added Pin To Net: NetName=GND Pin=P3-B11
Add Pin To Net: Unknown Pin: Pin P4-A1
Add Pin To Net: Unknown Pin: Pin P4-A2
Add Pin To Net: Unknown Pin: Pin P4-A3
Add Pin To Net: Unknown Pin: Pin P4-A4
Add Pin To Net: Unknown Pin: Pin P4-A5
Add Pin To Net: Unknown Pin: Pin P4-A6
Add Pin To Net: Unknown Pin: Pin P4-A7
Add Pin To Net: Unknown Pin: Pin P4-A8
Add Pin To Net: Unknown Pin: Pin P4-A9
Add Pin To Net: Unknown Pin: Pin P4-A10
Add Pin To Net: Unknown Pin: Pin P4-A11
Add Pin To Net: Unknown Pin: Pin P4-A24
Add Pin To Net: Unknown Pin: Pin P4-A25
Add Pin To Net: Unknown Pin: Pin P4-A26
Add Pin To Net: Unknown Pin: Pin P4-A27
Add Pin To Net: Unknown Pin: Pin P4-A30
Add Pin To Net: Unknown Pin: Pin P4-A31
Add Pin To Net: Unknown Pin: Pin P4-A32
Add Pin To Net: Unknown Pin: Pin P4-A40
Add Pin To Net: Unknown Pin: Pin P4-A41
Add Pin To Net: Unknown Pin: Pin P4-A42
Add Pin To Net: Unknown Pin: Pin P4-A44
Add Pin To Net: Unknown Pin: Pin P4-A45
Add Pin To Net: Unknown Pin: Pin P4-B1
Add Pin To Net: Unknown Pin: Pin P4-B2
Add Pin To Net: Unknown Pin: Pin P4-B3
Add Pin To Net: Unknown Pin: Pin P4-B4
Add Pin To Net: Unknown Pin: Pin P4-B5
Add Pin To Net: Unknown Pin: Pin P4-B6
Add Pin To Net: Unknown Pin: Pin P4-B7
Add Pin To Net: Unknown Pin: Pin P4-B8
Add Pin To Net: Unknown Pin: Pin P4-B9
Add Pin To Net: Unknown Pin: Pin P4-B10
Add Pin To Net: Unknown Pin: Pin P4-B11
Added Pin To Net: NetName=CLK Pin=P5-13
Added Pin To Net: NetName=LAT Pin=P5-14
Added Pin To Net: NetName=OE Pin=P5-15
Added Pin To Net: NetName=GND Pin=R1-2
Change Net Name : Old Net Name=A_BUFF New Net Name=A
Change Net Name : Old Net Name=B_BUFF New Net Name=B
Change Net Name : Old Net Name=C_BUFF New Net Name=C
Change Net Name : Old Net Name=D_BUFF New Net Name=D
Added Pin To Net: NetName=B1 Pin=P2-A21
Added Pin To Net: NetName=B1 Pin=P3-A21
Added Pin To Net: NetName=B1 Pin=P5-3
Added Net: Name=B1
Added Pin To Net: NetName=B2 Pin=P2-A23
Added Pin To Net: NetName=B2 Pin=P3-A23
Added Pin To Net: NetName=B2 Pin=P5-7
Added Net: Name=B2
Added Pin To Net: NetName=BAT_SENSE Pin=J1-6
Added Pin To Net: NetName=BAT_SENSE Pin=P1-A49
Added Pin To Net: NetName=BAT_SENSE Pin=P2-A49
Added Pin To Net: NetName=BAT_SENSE Pin=P3-A49
Added Pin To Net: NetName=BAT_SENSE Pin=R1-1
Added Net: Name=BAT_SENSE
Added Pin To Net: NetName=DISP_SENSE Pin=P1-A48
Added Pin To Net: NetName=DISP_SENSE Pin=P2-A48
Added Pin To Net: NetName=DISP_SENSE Pin=P3-A48
Added Net: Name=DISP_SENSE
Added Pin To Net: NetName=G1 Pin=P2-A28
Added Pin To Net: NetName=G1 Pin=P3-A28
Added Pin To Net: NetName=G1 Pin=P5-2
Added Net: Name=G1
Added Pin To Net: NetName=G2 Pin=P2-A29
Added Pin To Net: NetName=G2 Pin=P3-A29
Added Pin To Net: NetName=G2 Pin=P5-6
Added Net: Name=G2
Added Pin To Net: NetName=R1 Pin=P2-A20
Added Pin To Net: NetName=R1 Pin=P3-A20
Added Pin To Net: NetName=R1 Pin=P5-1
Added Net: Name=R1
Added Pin To Net: NetName=R2 Pin=P2-A22
Added Pin To Net: NetName=R2 Pin=P3-A22
Added Pin To Net: NetName=R2 Pin=P5-5
Added Net: Name=R2
Change Class Name : Old Net Name=Connectors New Net Name=Sheet1
Add Class Member: Failed to add class member : Component P4 G630H9812248EU
Added Member To Class: ClassName=Sheet1 Member=Component R1 RC1206JR-070RL
Added Room: Name=Sheet1
