Removed Pin From Net: NetName=5V Pin=J1-1
Removed Pin From Net: NetName=5V Pin=J1-2
Removed Pin From Net: NetName=5V Pin=J1-3
Removed Pin From Net: NetName=BAT_SENSE_A Pin=J1-6
Removed Pin From Net: NetName=GND Pin=J1-7
Removed Pin From Net: NetName=GND Pin=J1-8
Removed Pin From Net: NetName=GND Pin=J1-MH1
Removed Pin From Net: NetName=GND Pin=J1-MH2
Removed Pin From Net: NetName=R1_C_BUFF Pin=P3-A20
Removed Pin From Net: NetName=B1_C_BUFF Pin=P3-A21
Removed Pin From Net: NetName=R2_C_BUFF Pin=P3-A22
Removed Pin From Net: NetName=B2_C_BUFF Pin=P3-A23
Removed Pin From Net: NetName=A_BUFF Pin=P3-A24
Removed Pin From Net: NetName=C_BUFF Pin=P3-A25
Removed Pin From Net: NetName=CLK_C_BUFF Pin=P3-A26
Removed Pin From Net: NetName=OE_C_BUFF Pin=P3-A27
Removed Pin From Net: NetName=G1_C_BUFF Pin=P3-A28
Removed Pin From Net: NetName=G2_C_BUFF Pin=P3-A29
Removed Pin From Net: NetName=B_BUFF Pin=P3-A30
Removed Pin From Net: NetName=D_BUFF Pin=P3-A31
Removed Pin From Net: NetName=LAT_C_BUFF Pin=P3-A32
Removed Pin From Net: NetName=E_BUFF Pin=P3-A40
Removed Pin From Net: NetName=AIN2 Pin=P3-A41
Removed Pin From Net: NetName=AIN3 Pin=P3-A42
Removed Pin From Net: NetName=DISP_SENSE_C Pin=P3-A48
Removed Pin From Net: NetName=BAT_SENSE_C Pin=P3-A49
Removed Pin From Net: NetName=R1_B_BUFF Pin=P5-1
Removed Pin From Net: NetName=G1_B_BUFF Pin=P5-2
Removed Pin From Net: NetName=B1_B_BUFF Pin=P5-3
Removed Pin From Net: NetName=R2_B_BUFF Pin=P5-5
Removed Pin From Net: NetName=G2_B_BUFF Pin=P5-6
Removed Pin From Net: NetName=B2_B_BUFF Pin=P5-7
Removed Pin From Net: NetName=A_BUFF Pin=P5-9
Removed Pin From Net: NetName=B_BUFF Pin=P5-10
Removed Pin From Net: NetName=C_BUFF Pin=P5-11
Removed Pin From Net: NetName=D_BUFF Pin=P5-12
Removed Pin From Net: NetName=CLK_B_BUFF Pin=P5-13
Removed Pin From Net: NetName=LAT_B_BUFF Pin=P5-14
Removed Pin From Net: NetName=OE_B_BUFF Pin=P5-15
Removed Pin From Net: NetName=R1_O Pin=P6-1
Removed Pin From Net: NetName=G1_O Pin=P6-2
Removed Pin From Net: NetName=B1_O Pin=P6-3
Removed Pin From Net: NetName=GND Pin=P6-4
Removed Pin From Net: NetName=R2_O Pin=P6-5
Removed Pin From Net: NetName=G2_O Pin=P6-6
Removed Pin From Net: NetName=B2_O Pin=P6-7
Removed Pin From Net: NetName=GND Pin=P6-8
Removed Pin From Net: NetName=A_O Pin=P6-9
Removed Pin From Net: NetName=B_O Pin=P6-10
Removed Pin From Net: NetName=C_O Pin=P6-11
Removed Pin From Net: NetName=D_O Pin=P6-12
Removed Pin From Net: NetName=CLK_O Pin=P6-13
Removed Pin From Net: NetName=LAT_O Pin=P6-14
Removed Pin From Net: NetName=OE_O Pin=P6-15
Removed Pin From Net: NetName=GND Pin=P6-16
Removed Member From Class: ClassName=Connectors Member=J1
Removed Member From Class: ClassName=Connectors Member=P6
Change Component Comment : Designator=P5 Old Comment=INPUT_B New Comment=OUTPUT_B
Added Component: Designator=P4(HDR2X8)
Add component (AddParameter): Name = "LatestRevisionDate"; Value = "17-Jul-2002"; VariantName = "[No Variations]"
Add component (AddParameter): Name = "LatestRevisionNote"; Value = "Re-released for DXP Platform."; VariantName = "[No Variations]"
Add component (AddParameter): Name = "Publisher"; Value = "Altium Limited"; VariantName = "[No Variations]"
Add Component: Footprint Not Found AMPHENOL_G630H9812248EU
Added Component: Designator=R?(FP-RC1206-MFG)
Add component (AddParameter): Name = "Automotive"; Value = "No"; VariantName = "[No Variations]"
Add component (AddParameter): Name = "Category"; Value = "Res"; VariantName = "[No Variations]"
Add component (AddParameter): Name = "ComponentLink2Description"; Value = "Datasheet"; VariantName = "[No Variations]"
Add component (AddParameter): Name = "ComponentLink2URL"; Value = "https://www.yageo.com/upload/media/product/productsearch/datasheet/rchip/PYu-RC_Group_51_RoHS_L_10.pdf"; VariantName = "[No Variations]"
Add component (AddParameter): Name = "Composition"; Value = "Thick Film"; VariantName = "[No Variations]"
Add component (AddParameter): Name = "Device Class L1"; Value = "Passive Components"; VariantName = "[No Variations]"
Add component (AddParameter): Name = "Device Class L2"; Value = "Resistors"; VariantName = "[No Variations]"
Add component (AddParameter): Name = "Device Class L3"; Value = "Chip SMD Resistors"; VariantName = "[No Variations]"
Add component (AddParameter): Name = "Digikey Description"; Value = "RES SMD 0 OHM JUMPER 1/4W 1206"; VariantName = "[No Variations]"
Add component (AddParameter): Name = "Footprint Url"; Value = "https://www.yageo.com/upload/website/yageo_PYu-R_Mount_10_19050818_343.pdf"; VariantName = "[No Variations]"
Add component (AddParameter): Name = "Height"; Value = "0.65mm"; VariantName = "[No Variations]"
Add component (AddParameter): Name = "Ipc Land Pattern Name"; Value = "RESC310160X55"; VariantName = "[No Variations]"
Add component (AddParameter): Name = "Lead Free"; Value = "Yes"; VariantName = "[No Variations]"
Add component (AddParameter): Name = "Manufacturer"; Value = "YAGEO"; VariantName = "[No Variations]"
Add component (AddParameter): Name = "Manufacturer Part Number"; Value = "RC1206JR-070RL"; VariantName = "[No Variations]"
Add component (AddParameter): Name = "Mouser Description"; Value = "Resistor: thick film; SMD; 1206; 0O; 0.25W; ±5%; -55÷155°C"; VariantName = "[No Variations]"
Add component (AddParameter): Name = "Octopart"; Value = "https://octopart.com/rc1206jr-070rl-yageo-40025601"; VariantName = "[No Variations]"
Add component (AddParameter): Name = "Package"; Value = "RC1206"; VariantName = "[No Variations]"
Add component (AddParameter): Name = "Power Rating"; Value = "0.25W"; VariantName = "[No Variations]"
Add component (AddParameter): Name = "Resistance"; Value = "0O"; VariantName = "[No Variations]"
Add component (AddParameter): Name = "RoHS"; Value = "TRUE"; VariantName = "[No Variations]"
Add component (AddParameter): Name = "Series"; Value = "RC"; VariantName = "[No Variations]"
Add component (AddParameter): Name = "Temperature"; Value = "-55°C to +155°C"; VariantName = "[No Variations]"
Add component (AddParameter): Name = "Temperature Coefficient"; Value = "300ppm/°C"; VariantName = "[No Variations]"
Add component (AddParameter): Name = "Temperature Range High"; Value = "+155°C"; VariantName = "[No Variations]"
Add component (AddParameter): Name = "Temperature Range Low"; Value = "-55°C"; VariantName = "[No Variations]"
Add component (AddParameter): Name = "Tolerance"; Value = "5%"; VariantName = "[No Variations]"
Add component (AddParameter): Name = "Value"; Value = "0O"; VariantName = "[No Variations]"
Add component (AddParameter): Name = "Voltage Rating"; Value = "200V"; VariantName = "[No Variations]"
Added Pin To Net: NetName=R1_C_BUFF Pin=P3-B20
Added Pin To Net: NetName=B1_C_BUFF Pin=P3-B21
Added Pin To Net: NetName=R2_C_BUFF Pin=P3-B22
Added Pin To Net: NetName=B2_C_BUFF Pin=P3-B23
Added Pin To Net: NetName=A_BUFF Pin=P3-B24
Added Pin To Net: NetName=C_BUFF Pin=P3-B25
Added Pin To Net: NetName=CLK_C_BUFF Pin=P3-B26
Added Pin To Net: NetName=OE_C_BUFF Pin=P3-B27
Added Pin To Net: NetName=G1_C_BUFF Pin=P3-B28
Added Pin To Net: NetName=G2_C_BUFF Pin=P3-B29
Added Pin To Net: NetName=B_BUFF Pin=P3-B30
Added Pin To Net: NetName=D_BUFF Pin=P3-B31
Added Pin To Net: NetName=LAT_C_BUFF Pin=P3-B32
Added Pin To Net: NetName=E_BUFF Pin=P3-B40
Added Pin To Net: NetName=AIN2 Pin=P3-B41
Added Pin To Net: NetName=AIN3 Pin=P3-B42
Added Pin To Net: NetName=DISP_SENSE_C Pin=P3-B48
Added Pin To Net: NetName=BAT_SENSE_C Pin=P3-B49
Added Pin To Net: NetName=R1_B_BUFF Pin=P4-1
Added Pin To Net: NetName=G1_B_BUFF Pin=P4-2
Added Pin To Net: NetName=B1_B_BUFF Pin=P4-3
Added Pin To Net: NetName=GND Pin=P4-4
Added Pin To Net: NetName=R2_B_BUFF Pin=P4-5
Added Pin To Net: NetName=G2_B_BUFF Pin=P4-6
Added Pin To Net: NetName=B2_B_BUFF Pin=P4-7
Added Pin To Net: NetName=GND Pin=P4-8
Added Pin To Net: NetName=A_BUFF Pin=P4-9
Added Pin To Net: NetName=B_BUFF Pin=P4-10
Added Pin To Net: NetName=C_BUFF Pin=P4-11
Added Pin To Net: NetName=D_BUFF Pin=P4-12
Added Pin To Net: NetName=CLK_B_BUFF Pin=P4-13
Added Pin To Net: NetName=LAT_B_BUFF Pin=P4-14
Added Pin To Net: NetName=OE_B_BUFF Pin=P4-15
Added Pin To Net: NetName=GND Pin=P4-16
Added Pin To Net: NetName=R1_O Pin=P5-1
Added Pin To Net: NetName=G1_O Pin=P5-2
Added Pin To Net: NetName=B1_O Pin=P5-3
Added Pin To Net: NetName=R2_O Pin=P5-5
Added Pin To Net: NetName=G2_O Pin=P5-6
Added Pin To Net: NetName=B2_O Pin=P5-7
Added Pin To Net: NetName=A_O Pin=P5-9
Added Pin To Net: NetName=B_O Pin=P5-10
Added Pin To Net: NetName=C_O Pin=P5-11
Added Pin To Net: NetName=D_O Pin=P5-12
Added Pin To Net: NetName=CLK_O Pin=P5-13
Added Pin To Net: NetName=LAT_O Pin=P5-14
Added Pin To Net: NetName=OE_O Pin=P5-15
Add Pin To Net: Unknown Pin: Pin P?-A1
Add Pin To Net: Unknown Pin: Pin P?-A2
Add Pin To Net: Unknown Pin: Pin P?-A3
Add Pin To Net: Unknown Pin: Pin P?-A4
Add Pin To Net: Unknown Pin: Pin P?-A5
Add Pin To Net: Unknown Pin: Pin P?-A6
Add Pin To Net: Unknown Pin: Pin P?-A7
Add Pin To Net: Unknown Pin: Pin P?-A8
Add Pin To Net: Unknown Pin: Pin P?-A9
Add Pin To Net: Unknown Pin: Pin P?-A10
Add Pin To Net: Unknown Pin: Pin P?-A11
Add Pin To Net: Unknown Pin: Pin P?-B1
Add Pin To Net: Unknown Pin: Pin P?-B2
Add Pin To Net: Unknown Pin: Pin P?-B3
Add Pin To Net: Unknown Pin: Pin P?-B4
Add Pin To Net: Unknown Pin: Pin P?-B5
Add Pin To Net: Unknown Pin: Pin P?-B6
Add Pin To Net: Unknown Pin: Pin P?-B7
Add Pin To Net: Unknown Pin: Pin P?-B8
Add Pin To Net: Unknown Pin: Pin P?-B9
Add Pin To Net: Unknown Pin: Pin P?-B10
Add Pin To Net: Unknown Pin: Pin P?-B11
Add Pin To Net: Unknown Pin: Pin P?-B20
Add Pin To Net: Unknown Pin: Pin P?-B21
Add Pin To Net: Unknown Pin: Pin P?-B22
Add Pin To Net: Unknown Pin: Pin P?-B23
Add Pin To Net: Unknown Pin: Pin P?-B24
Add Pin To Net: Unknown Pin: Pin P?-B25
Add Pin To Net: Unknown Pin: Pin P?-B26
Add Pin To Net: Unknown Pin: Pin P?-B27
Add Pin To Net: Unknown Pin: Pin P?-B28
Add Pin To Net: Unknown Pin: Pin P?-B29
Add Pin To Net: Unknown Pin: Pin P?-B30
Add Pin To Net: Unknown Pin: Pin P?-B31
Add Pin To Net: Unknown Pin: Pin P?-B32
Add Pin To Net: Unknown Pin: Pin P?-B40
Add Pin To Net: Unknown Pin: Pin P?-B41
Add Pin To Net: Unknown Pin: Pin P?-B42
Add Pin To Net: Unknown Pin: Pin P?-B48
Add Pin To Net: Unknown Pin: Pin P?-B49
Change Class Name : Old Net Name=Connectors New Net Name=Sheet1
Added Member To Class: ClassName=Sheet1 Member=Component P4 INPUT_B
Add Class Member: Failed to add class member : Component P? G630H9812248EU
Added Member To Class: ClassName=Sheet1 Member=Component R? RC1206JR-070RL
Added Room: Name=Sheet1
