Added Component: Designator=J1(SAMTEC_PCIE-098-02-X-D-EMS2-BG)
Add component (AddParameter): Name = "Availability"; Value = "Unavailable"; VariantName = "[No Variations]"
Add component (AddParameter): Name = "MF"; Value = "Samtec Inc."; VariantName = "[No Variations]"
Add component (AddParameter): Name = "MP"; Value = "PCIE-098-02-X-D-EMS2-BG"; VariantName = "[No Variations]"
Add component (AddParameter): Name = "Package"; Value = "None"; VariantName = "[No Variations]"
Add component (AddParameter): Name = "Price"; Value = "None"; VariantName = "[No Variations]"
Add component (AddParameter): Name = "Value"; Value = ""; VariantName = "[No Variations]"
Added Component: Designator=J2(SAMTEC_PCIE-098-02-X-D-EMS2-BG)
Add component (AddParameter): Name = "Availability"; Value = "Unavailable"; VariantName = "[No Variations]"
Add component (AddParameter): Name = "MF"; Value = "Samtec Inc."; VariantName = "[No Variations]"
Add component (AddParameter): Name = "MP"; Value = "PCIE-098-02-X-D-EMS2-BG"; VariantName = "[No Variations]"
Add component (AddParameter): Name = "Package"; Value = "None"; VariantName = "[No Variations]"
Add component (AddParameter): Name = "Price"; Value = "None"; VariantName = "[No Variations]"
Add component (AddParameter): Name = "Value"; Value = ""; VariantName = "[No Variations]"
Added Component: Designator=J3(SAMTEC_PCIE-098-02-X-D-EMS2-BG)
Add component (AddParameter): Name = "Availability"; Value = "Unavailable"; VariantName = "[No Variations]"
Add component (AddParameter): Name = "MF"; Value = "Samtec Inc."; VariantName = "[No Variations]"
Add component (AddParameter): Name = "MP"; Value = "PCIE-098-02-X-D-EMS2-BG"; VariantName = "[No Variations]"
Add component (AddParameter): Name = "Package"; Value = "None"; VariantName = "[No Variations]"
Add component (AddParameter): Name = "Price"; Value = "None"; VariantName = "[No Variations]"
Add component (AddParameter): Name = "Value"; Value = ""; VariantName = "[No Variations]"
Added Component: Designator=J4(SAMTEC_PCIE-098-02-X-D-EMS2-BG)
Add component (AddParameter): Name = "Availability"; Value = "Unavailable"; VariantName = "[No Variations]"
Add component (AddParameter): Name = "MF"; Value = "Samtec Inc."; VariantName = "[No Variations]"
Add component (AddParameter): Name = "MP"; Value = "PCIE-098-02-X-D-EMS2-BG"; VariantName = "[No Variations]"
Add component (AddParameter): Name = "Package"; Value = "None"; VariantName = "[No Variations]"
Add component (AddParameter): Name = "Price"; Value = "None"; VariantName = "[No Variations]"
Add component (AddParameter): Name = "Value"; Value = ""; VariantName = "[No Variations]"
Added Component: Designator=J6(SAMTEC_PCIE-098-02-X-D-EMS2-BG)
Add component (AddParameter): Name = "Availability"; Value = "Unavailable"; VariantName = "[No Variations]"
Add component (AddParameter): Name = "MF"; Value = "Samtec Inc."; VariantName = "[No Variations]"
Add component (AddParameter): Name = "MP"; Value = "PCIE-098-02-X-D-EMS2-BG"; VariantName = "[No Variations]"
Add component (AddParameter): Name = "Package"; Value = "None"; VariantName = "[No Variations]"
Add component (AddParameter): Name = "Price"; Value = "None"; VariantName = "[No Variations]"
Add component (AddParameter): Name = "Value"; Value = ""; VariantName = "[No Variations]"
Added Component: Designator=P1(HDR2X20)
Add component (AddParameter): Name = "LatestRevisionDate"; Value = "17-Jul-2002"; VariantName = "[No Variations]"
Add component (AddParameter): Name = "LatestRevisionNote"; Value = "Re-released for DXP Platform."; VariantName = "[No Variations]"
Add component (AddParameter): Name = "Publisher"; Value = "Altium Limited"; VariantName = "[No Variations]"
Added Component: Designator=P1(PCIeX4-GF-2D-1000-1K-O64)
Added Component: Designator=P2(HDR2X8)
Add component (AddParameter): Name = "LatestRevisionDate"; Value = "17-Jul-2002"; VariantName = "[No Variations]"
Add component (AddParameter): Name = "LatestRevisionNote"; Value = "Re-released for DXP Platform."; VariantName = "[No Variations]"
Add component (AddParameter): Name = "Publisher"; Value = "Altium Limited"; VariantName = "[No Variations]"
Added Component: Designator=P3(HDR2X8)
Add component (AddParameter): Name = "LatestRevisionDate"; Value = "17-Jul-2002"; VariantName = "[No Variations]"
Add component (AddParameter): Name = "LatestRevisionNote"; Value = "Re-released for DXP Platform."; VariantName = "[No Variations]"
Add component (AddParameter): Name = "Publisher"; Value = "Altium Limited"; VariantName = "[No Variations]"
Added Component: Designator=P?(PCIeX4-GF-2D-1000-1K-O64)
Added Component: Designator=U1(FP-DW0020A-MFG)
Add component (AddParameter): Name = "Ambient Temperature Range High"; Value = "+85°C"; VariantName = "[No Variations]"
Add component (AddParameter): Name = "Ambient Temperature Range Low"; Value = "-40°C"; VariantName = "[No Variations]"
Add component (AddParameter): Name = "Automotive"; Value = "No"; VariantName = "[No Variations]"
Add component (AddParameter): Name = "Category"; Value = "IC"; VariantName = "[No Variations]"
Add component (AddParameter): Name = "ComponentLink2Description"; Value = "Datasheet"; VariantName = "[No Variations]"
Add component (AddParameter): Name = "ComponentLink2URL"; Value = "http://www.ti.com/lit/ds/symlink/sn74hct245.pdf"; VariantName = "[No Variations]"
Add component (AddParameter): Name = "Device Class L1"; Value = "Integrated Circuits (ICs)"; VariantName = "[No Variations]"
Add component (AddParameter): Name = "Device Class L2"; Value = "Logic ICs"; VariantName = "[No Variations]"
Add component (AddParameter): Name = "Device Class L3"; Value = "Drivers and Transceivers"; VariantName = "[No Variations]"
Add component (AddParameter): Name = "Digikey Description"; Value = "IC TXRX NON-INVERT 5.5V 20SOIC"; VariantName = "[No Variations]"
Add component (AddParameter): Name = "Frequency"; Value = "25MHz"; VariantName = "[No Variations]"
Add component (AddParameter): Name = "Height"; Value = "2.65mm"; VariantName = "[No Variations]"
Add component (AddParameter): Name = "Ipc Land Pattern Name"; Value = "SOIC127P1030X265-20"; VariantName = "[No Variations]"
Add component (AddParameter): Name = "Lead Free"; Value = "Yes"; VariantName = "[No Variations]"
Add component (AddParameter): Name = "Logic Function Desc"; Value = "Non-Inverting"; VariantName = "[No Variations]"
Add component (AddParameter): Name = "Manufacturer"; Value = "Texas Instruments"; VariantName = "[No Variations]"
Add component (AddParameter): Name = "Manufacturer Part Number"; Value = "SN74HCT245DWR"; VariantName = "[No Variations]"
Add component (AddParameter): Name = "Max Junction Temp"; Value = "+150°C"; VariantName = "[No Variations]"
Add component (AddParameter): Name = "Max Supply Voltage"; Value = "5.5V"; VariantName = "[No Variations]"
Add component (AddParameter): Name = "Min Supply Voltage"; Value = "4.5V"; VariantName = "[No Variations]"
Add component (AddParameter): Name = "Mouser Description"; Value = "Octal Bus Transceivers With 3-State Outputs 20-SOIC -40 to 85"; VariantName = "[No Variations]"
Add component (AddParameter): Name = "Nominal Supply Current"; Value = "80uA"; VariantName = "[No Variations]"
Add component (AddParameter): Name = "Number Of Circuits"; Value = "1"; VariantName = "[No Variations]"
Add component (AddParameter): Name = "Number Of Inputs"; Value = "8"; VariantName = "[No Variations]"
Add component (AddParameter): Name = "Number Of Outputs"; Value = "8"; VariantName = "[No Variations]"
Add component (AddParameter): Name = "Octopart"; Value = "https://octopart.com/sn74hct245dwr-texas+instruments-516824"; VariantName = "[No Variations]"
Add component (AddParameter): Name = "Package"; Value = "DW0020A"; VariantName = "[No Variations]"
Add component (AddParameter): Name = "Propagation Delay"; Value = "18ns"; VariantName = "[No Variations]"
Add component (AddParameter): Name = "RoHS"; Value = "TRUE"; VariantName = "[No Variations]"
Add component (AddParameter): Name = "Standoff Height"; Value = "0.1mm"; VariantName = "[No Variations]"
Add component (AddParameter): Name = "Temperature"; Value = "-40°C to +85°C"; VariantName = "[No Variations]"
Add component (AddParameter): Name = "Temperature Range High"; Value = "+85°C"; VariantName = "[No Variations]"
Add component (AddParameter): Name = "Temperature Range Low"; Value = "-40°C"; VariantName = "[No Variations]"
Added Component: Designator=U2(FP-DW0020A-MFG)
Add component (AddParameter): Name = "Ambient Temperature Range High"; Value = "+85°C"; VariantName = "[No Variations]"
Add component (AddParameter): Name = "Ambient Temperature Range Low"; Value = "-40°C"; VariantName = "[No Variations]"
Add component (AddParameter): Name = "Automotive"; Value = "No"; VariantName = "[No Variations]"
Add component (AddParameter): Name = "Category"; Value = "IC"; VariantName = "[No Variations]"
Add component (AddParameter): Name = "ComponentLink2Description"; Value = "Datasheet"; VariantName = "[No Variations]"
Add component (AddParameter): Name = "ComponentLink2URL"; Value = "http://www.ti.com/lit/ds/symlink/sn74hct245.pdf"; VariantName = "[No Variations]"
Add component (AddParameter): Name = "Device Class L1"; Value = "Integrated Circuits (ICs)"; VariantName = "[No Variations]"
Add component (AddParameter): Name = "Device Class L2"; Value = "Logic ICs"; VariantName = "[No Variations]"
Add component (AddParameter): Name = "Device Class L3"; Value = "Drivers and Transceivers"; VariantName = "[No Variations]"
Add component (AddParameter): Name = "Digikey Description"; Value = "IC TXRX NON-INVERT 5.5V 20SOIC"; VariantName = "[No Variations]"
Add component (AddParameter): Name = "Frequency"; Value = "25MHz"; VariantName = "[No Variations]"
Add component (AddParameter): Name = "Height"; Value = "2.65mm"; VariantName = "[No Variations]"
Add component (AddParameter): Name = "Ipc Land Pattern Name"; Value = "SOIC127P1030X265-20"; VariantName = "[No Variations]"
Add component (AddParameter): Name = "Lead Free"; Value = "Yes"; VariantName = "[No Variations]"
Add component (AddParameter): Name = "Logic Function Desc"; Value = "Non-Inverting"; VariantName = "[No Variations]"
Add component (AddParameter): Name = "Manufacturer"; Value = "Texas Instruments"; VariantName = "[No Variations]"
Add component (AddParameter): Name = "Manufacturer Part Number"; Value = "SN74HCT245DWR"; VariantName = "[No Variations]"
Add component (AddParameter): Name = "Max Junction Temp"; Value = "+150°C"; VariantName = "[No Variations]"
Add component (AddParameter): Name = "Max Supply Voltage"; Value = "5.5V"; VariantName = "[No Variations]"
Add component (AddParameter): Name = "Min Supply Voltage"; Value = "4.5V"; VariantName = "[No Variations]"
Add component (AddParameter): Name = "Mouser Description"; Value = "Octal Bus Transceivers With 3-State Outputs 20-SOIC -40 to 85"; VariantName = "[No Variations]"
Add component (AddParameter): Name = "Nominal Supply Current"; Value = "80uA"; VariantName = "[No Variations]"
Add component (AddParameter): Name = "Number Of Circuits"; Value = "1"; VariantName = "[No Variations]"
Add component (AddParameter): Name = "Number Of Inputs"; Value = "8"; VariantName = "[No Variations]"
Add component (AddParameter): Name = "Number Of Outputs"; Value = "8"; VariantName = "[No Variations]"
Add component (AddParameter): Name = "Octopart"; Value = "https://octopart.com/sn74hct245dwr-texas+instruments-516824"; VariantName = "[No Variations]"
Add component (AddParameter): Name = "Package"; Value = "DW0020A"; VariantName = "[No Variations]"
Add component (AddParameter): Name = "Propagation Delay"; Value = "18ns"; VariantName = "[No Variations]"
Add component (AddParameter): Name = "RoHS"; Value = "TRUE"; VariantName = "[No Variations]"
Add component (AddParameter): Name = "Standoff Height"; Value = "0.1mm"; VariantName = "[No Variations]"
Add component (AddParameter): Name = "Temperature"; Value = "-40°C to +85°C"; VariantName = "[No Variations]"
Add component (AddParameter): Name = "Temperature Range High"; Value = "+85°C"; VariantName = "[No Variations]"
Add component (AddParameter): Name = "Temperature Range Low"; Value = "-40°C"; VariantName = "[No Variations]"
Added Component: Designator=U3(SOIC-SO28_N)
Add component (AddParameter): Name = "Code_JEDEC"; Value = "MS-013"; VariantName = "[No Variations]"
Add component (AddParameter): Name = "ComponentLink1Description"; Value = "Manufacturer URL"; VariantName = "[No Variations]"
Add component (AddParameter): Name = "ComponentLink1URL"; Value = "http://www.microchip.com/"; VariantName = "[No Variations]"
Add component (AddParameter): Name = "ComponentLink2Description"; Value = "Datasheet"; VariantName = "[No Variations]"
Add component (AddParameter): Name = "ComponentLink2URL"; Value = "http://ww1.microchip.com/downloads/en/DeviceDoc/21952b.pdf"; VariantName = "[No Variations]"
Add component (AddParameter): Name = "ComponentLink3Description"; Value = "Package Specification"; VariantName = "[No Variations]"
Add component (AddParameter): Name = "ComponentLink3URL"; Value = "http://www.microchip.com/stellent/groups/techpub_sg/documents/packagingspec/en012702.pdf"; VariantName = "[No Variations]"
Add component (AddParameter): Name = "DatasheetVersion"; Value = "revB, Feb-2007"; VariantName = "[No Variations]"
Add component (AddParameter): Name = "PackageDescription"; Value = "28-Lead Plastic Small Outline (SO) - Wide 7.50mm Body [SOIC]"; VariantName = "[No Variations]"
Add component (AddParameter): Name = "PackageReference"; Value = "SOIC-SO28"; VariantName = "[No Variations]"
Add component (AddParameter): Name = "PackageVersion"; Value = "revBB, Aug-2009"; VariantName = "[No Variations]"
Add component (AddParameter): Name = "RevisionNote"; Value = "URLs added."; VariantName = "[No Variations]"
Added Component: Designator=U4(FP-DW0020A-MFG)
Add component (AddParameter): Name = "Ambient Temperature Range High"; Value = "+85°C"; VariantName = "[No Variations]"
Add component (AddParameter): Name = "Ambient Temperature Range Low"; Value = "-40°C"; VariantName = "[No Variations]"
Add component (AddParameter): Name = "Automotive"; Value = "No"; VariantName = "[No Variations]"
Add component (AddParameter): Name = "Category"; Value = "IC"; VariantName = "[No Variations]"
Add component (AddParameter): Name = "ComponentLink2Description"; Value = "Datasheet"; VariantName = "[No Variations]"
Add component (AddParameter): Name = "ComponentLink2URL"; Value = "http://www.ti.com/lit/ds/symlink/sn74hct245.pdf"; VariantName = "[No Variations]"
Add component (AddParameter): Name = "Device Class L1"; Value = "Integrated Circuits (ICs)"; VariantName = "[No Variations]"
Add component (AddParameter): Name = "Device Class L2"; Value = "Logic ICs"; VariantName = "[No Variations]"
Add component (AddParameter): Name = "Device Class L3"; Value = "Drivers and Transceivers"; VariantName = "[No Variations]"
Add component (AddParameter): Name = "Digikey Description"; Value = "IC TXRX NON-INVERT 5.5V 20SOIC"; VariantName = "[No Variations]"
Add component (AddParameter): Name = "Frequency"; Value = "25MHz"; VariantName = "[No Variations]"
Add component (AddParameter): Name = "Height"; Value = "2.65mm"; VariantName = "[No Variations]"
Add component (AddParameter): Name = "Ipc Land Pattern Name"; Value = "SOIC127P1030X265-20"; VariantName = "[No Variations]"
Add component (AddParameter): Name = "Lead Free"; Value = "Yes"; VariantName = "[No Variations]"
Add component (AddParameter): Name = "Logic Function Desc"; Value = "Non-Inverting"; VariantName = "[No Variations]"
Add component (AddParameter): Name = "Manufacturer"; Value = "Texas Instruments"; VariantName = "[No Variations]"
Add component (AddParameter): Name = "Manufacturer Part Number"; Value = "SN74HCT245DWR"; VariantName = "[No Variations]"
Add component (AddParameter): Name = "Max Junction Temp"; Value = "+150°C"; VariantName = "[No Variations]"
Add component (AddParameter): Name = "Max Supply Voltage"; Value = "5.5V"; VariantName = "[No Variations]"
Add component (AddParameter): Name = "Min Supply Voltage"; Value = "4.5V"; VariantName = "[No Variations]"
Add component (AddParameter): Name = "Mouser Description"; Value = "Octal Bus Transceivers With 3-State Outputs 20-SOIC -40 to 85"; VariantName = "[No Variations]"
Add component (AddParameter): Name = "Nominal Supply Current"; Value = "80uA"; VariantName = "[No Variations]"
Add component (AddParameter): Name = "Number Of Circuits"; Value = "1"; VariantName = "[No Variations]"
Add component (AddParameter): Name = "Number Of Inputs"; Value = "8"; VariantName = "[No Variations]"
Add component (AddParameter): Name = "Number Of Outputs"; Value = "8"; VariantName = "[No Variations]"
Add component (AddParameter): Name = "Octopart"; Value = "https://octopart.com/sn74hct245dwr-texas+instruments-516824"; VariantName = "[No Variations]"
Add component (AddParameter): Name = "Package"; Value = "DW0020A"; VariantName = "[No Variations]"
Add component (AddParameter): Name = "Propagation Delay"; Value = "18ns"; VariantName = "[No Variations]"
Add component (AddParameter): Name = "RoHS"; Value = "TRUE"; VariantName = "[No Variations]"
Add component (AddParameter): Name = "Standoff Height"; Value = "0.1mm"; VariantName = "[No Variations]"
Add component (AddParameter): Name = "Temperature"; Value = "-40°C to +85°C"; VariantName = "[No Variations]"
Add component (AddParameter): Name = "Temperature Range High"; Value = "+85°C"; VariantName = "[No Variations]"
Add component (AddParameter): Name = "Temperature Range Low"; Value = "-40°C"; VariantName = "[No Variations]"
Added Component: Designator=U5(FP-DW0020A-MFG)
Add component (AddParameter): Name = "Ambient Temperature Range High"; Value = "+85°C"; VariantName = "[No Variations]"
Add component (AddParameter): Name = "Ambient Temperature Range Low"; Value = "-40°C"; VariantName = "[No Variations]"
Add component (AddParameter): Name = "Automotive"; Value = "No"; VariantName = "[No Variations]"
Add component (AddParameter): Name = "Category"; Value = "IC"; VariantName = "[No Variations]"
Add component (AddParameter): Name = "ComponentLink2Description"; Value = "Datasheet"; VariantName = "[No Variations]"
Add component (AddParameter): Name = "ComponentLink2URL"; Value = "http://www.ti.com/lit/ds/symlink/sn74hct245.pdf"; VariantName = "[No Variations]"
Add component (AddParameter): Name = "Device Class L1"; Value = "Integrated Circuits (ICs)"; VariantName = "[No Variations]"
Add component (AddParameter): Name = "Device Class L2"; Value = "Logic ICs"; VariantName = "[No Variations]"
Add component (AddParameter): Name = "Device Class L3"; Value = "Drivers and Transceivers"; VariantName = "[No Variations]"
Add component (AddParameter): Name = "Digikey Description"; Value = "IC TXRX NON-INVERT 5.5V 20SOIC"; VariantName = "[No Variations]"
Add component (AddParameter): Name = "Frequency"; Value = "25MHz"; VariantName = "[No Variations]"
Add component (AddParameter): Name = "Height"; Value = "2.65mm"; VariantName = "[No Variations]"
Add component (AddParameter): Name = "Ipc Land Pattern Name"; Value = "SOIC127P1030X265-20"; VariantName = "[No Variations]"
Add component (AddParameter): Name = "Lead Free"; Value = "Yes"; VariantName = "[No Variations]"
Add component (AddParameter): Name = "Logic Function Desc"; Value = "Non-Inverting"; VariantName = "[No Variations]"
Add component (AddParameter): Name = "Manufacturer"; Value = "Texas Instruments"; VariantName = "[No Variations]"
Add component (AddParameter): Name = "Manufacturer Part Number"; Value = "SN74HCT245DWR"; VariantName = "[No Variations]"
Add component (AddParameter): Name = "Max Junction Temp"; Value = "+150°C"; VariantName = "[No Variations]"
Add component (AddParameter): Name = "Max Supply Voltage"; Value = "5.5V"; VariantName = "[No Variations]"
Add component (AddParameter): Name = "Min Supply Voltage"; Value = "4.5V"; VariantName = "[No Variations]"
Add component (AddParameter): Name = "Mouser Description"; Value = "Octal Bus Transceivers With 3-State Outputs 20-SOIC -40 to 85"; VariantName = "[No Variations]"
Add component (AddParameter): Name = "Nominal Supply Current"; Value = "80uA"; VariantName = "[No Variations]"
Add component (AddParameter): Name = "Number Of Circuits"; Value = "1"; VariantName = "[No Variations]"
Add component (AddParameter): Name = "Number Of Inputs"; Value = "8"; VariantName = "[No Variations]"
Add component (AddParameter): Name = "Number Of Outputs"; Value = "8"; VariantName = "[No Variations]"
Add component (AddParameter): Name = "Octopart"; Value = "https://octopart.com/sn74hct245dwr-texas+instruments-516824"; VariantName = "[No Variations]"
Add component (AddParameter): Name = "Package"; Value = "DW0020A"; VariantName = "[No Variations]"
Add component (AddParameter): Name = "Propagation Delay"; Value = "18ns"; VariantName = "[No Variations]"
Add component (AddParameter): Name = "RoHS"; Value = "TRUE"; VariantName = "[No Variations]"
Add component (AddParameter): Name = "Standoff Height"; Value = "0.1mm"; VariantName = "[No Variations]"
Add component (AddParameter): Name = "Temperature"; Value = "-40°C to +85°C"; VariantName = "[No Variations]"
Add component (AddParameter): Name = "Temperature Range High"; Value = "+85°C"; VariantName = "[No Variations]"
Add component (AddParameter): Name = "Temperature Range Low"; Value = "-40°C"; VariantName = "[No Variations]"
Added Pin To Net: NetName=NetJ5_A01 Pin=J6-A01
Added Pin To Net: NetName=NetJ5_A02 Pin=J6-A02
Added Pin To Net: NetName=NetJ5_A03 Pin=J6-A03
Added Pin To Net: NetName=NetJ5_A04 Pin=J6-A04
Added Pin To Net: NetName=NetJ5_A05 Pin=J6-A05
Added Pin To Net: NetName=NetJ5_A06 Pin=J6-A06
Added Pin To Net: NetName=NetJ5_A07 Pin=J6-A07
Added Pin To Net: NetName=NetJ5_A08 Pin=J6-A08
Added Pin To Net: NetName=NetJ5_A09 Pin=J6-A09
Added Pin To Net: NetName=NetJ5_A10 Pin=J6-A10
Added Pin To Net: NetName=NetJ5_A11 Pin=J6-A11
Added Pin To Net: NetName=NetJ5_A12 Pin=J6-A12
Added Pin To Net: NetName=NetJ5_A13 Pin=J6-A13
Added Pin To Net: NetName=NetJ5_A14 Pin=J6-A14
Added Pin To Net: NetName=NetJ5_A15 Pin=J6-A15
Added Pin To Net: NetName=NetJ5_A16 Pin=J6-A16
Added Pin To Net: NetName=NetJ5_A17 Pin=J6-A17
Added Pin To Net: NetName=NetJ5_A18 Pin=J6-A18
Added Pin To Net: NetName=NetJ5_A19 Pin=J6-A19
Added Pin To Net: NetName=NetJ5_A20 Pin=J6-A20
Added Pin To Net: NetName=NetJ5_A21 Pin=J6-A21
Added Pin To Net: NetName=NetJ5_A22 Pin=J6-A22
Added Pin To Net: NetName=NetJ5_A23 Pin=J6-A23
Added Pin To Net: NetName=NetJ5_A24 Pin=J6-A24
Added Pin To Net: NetName=NetJ5_A25 Pin=J6-A25
Added Pin To Net: NetName=NetJ5_A26 Pin=J6-A26
Added Pin To Net: NetName=NetJ5_A27 Pin=J6-A27
Added Pin To Net: NetName=NetJ5_A28 Pin=J6-A28
Added Pin To Net: NetName=NetJ5_A29 Pin=J6-A29
Added Pin To Net: NetName=NetJ5_A30 Pin=J6-A30
Added Pin To Net: NetName=NetJ5_A31 Pin=J6-A31
Added Pin To Net: NetName=NetJ5_A32 Pin=J6-A32
Added Pin To Net: NetName=NetJ5_A33 Pin=J6-A33
Added Pin To Net: NetName=NetJ5_A34 Pin=J6-A34
Added Pin To Net: NetName=NetJ5_A35 Pin=J6-A35
Added Pin To Net: NetName=NetJ5_A36 Pin=J6-A36
Added Pin To Net: NetName=NetJ5_A37 Pin=J6-A37
Added Pin To Net: NetName=NetJ5_A38 Pin=J6-A38
Added Pin To Net: NetName=NetJ5_A39 Pin=J6-A39
Added Pin To Net: NetName=NetJ5_A40 Pin=J6-A40
Added Pin To Net: NetName=NetJ5_A41 Pin=J6-A41
Added Pin To Net: NetName=NetJ5_A42 Pin=J6-A42
Added Pin To Net: NetName=NetJ5_A43 Pin=J6-A43
Added Pin To Net: NetName=NetJ5_A44 Pin=J6-A44
Added Pin To Net: NetName=NetJ5_A45 Pin=J6-A45
Added Pin To Net: NetName=NetJ5_A46 Pin=J6-A46
Added Pin To Net: NetName=NetJ5_A47 Pin=J6-A47
Added Pin To Net: NetName=NetJ5_A48 Pin=J6-A48
Added Pin To Net: NetName=NetJ5_A49 Pin=J6-A49
Added Pin To Net: NetName=B01 Pin=J6-B01
Added Pin To Net: NetName=B02 Pin=J6-B02
Added Pin To Net: NetName=B03 Pin=J6-B03
Added Pin To Net: NetName=B04 Pin=J6-B04
Added Pin To Net: NetName=B05 Pin=J6-B05
Added Pin To Net: NetName=B06 Pin=J6-B06
Added Pin To Net: NetName=B07 Pin=J6-B07
Added Pin To Net: NetName=B08 Pin=J6-B08
Added Pin To Net: NetName=B09 Pin=J6-B09
Added Pin To Net: NetName=B010 Pin=J6-B10
Added Pin To Net: NetName=B011 Pin=J6-B11
Added Pin To Net: NetName=B012 Pin=J6-B12
Added Pin To Net: NetName=B013 Pin=J6-B13
Added Pin To Net: NetName=B014 Pin=J6-B14
Added Pin To Net: NetName=B015 Pin=J6-B15
Added Pin To Net: NetName=B016 Pin=J6-B16
Added Pin To Net: NetName=B017 Pin=J6-B17
Added Pin To Net: NetName=B018 Pin=J6-B18
Added Pin To Net: NetName=B019 Pin=J6-B19
Added Pin To Net: NetName=B020 Pin=J6-B20
Added Pin To Net: NetName=B021 Pin=J6-B21
Added Pin To Net: NetName=B022 Pin=J6-B22
Added Pin To Net: NetName=B023 Pin=J6-B23
Added Pin To Net: NetName=B024 Pin=J6-B24
Added Pin To Net: NetName=B025 Pin=J6-B25
Added Pin To Net: NetName=B026 Pin=J6-B26
Added Pin To Net: NetName=B027 Pin=J6-B27
Added Pin To Net: NetName=B028 Pin=J6-B28
Added Pin To Net: NetName=B029 Pin=J6-B29
Added Pin To Net: NetName=B030 Pin=J6-B30
Added Pin To Net: NetName=B031 Pin=J6-B31
Added Pin To Net: NetName=B032 Pin=J6-B32
Added Pin To Net: NetName=B033 Pin=J6-B33
Added Pin To Net: NetName=B034 Pin=J6-B34
Added Pin To Net: NetName=B035 Pin=J6-B35
Added Pin To Net: NetName=B036 Pin=J6-B36
Added Pin To Net: NetName=B037 Pin=J6-B37
Added Pin To Net: NetName=B038 Pin=J6-B38
Added Pin To Net: NetName=B039 Pin=J6-B39
Added Pin To Net: NetName=B040 Pin=J6-B40
Added Pin To Net: NetName=B041 Pin=J6-B41
Added Pin To Net: NetName=B042 Pin=J6-B42
Added Pin To Net: NetName=B043 Pin=J6-B43
Added Pin To Net: NetName=B044 Pin=J6-B44
Added Pin To Net: NetName=B045 Pin=J6-B45
Added Pin To Net: NetName=B046 Pin=J6-B46
Added Pin To Net: NetName=B047 Pin=J6-B47
Added Pin To Net: NetName=B048 Pin=J6-B48
Added Pin To Net: NetName=B049 Pin=J6-B49
Added Pin To Net: NetName=NetP1_1 Pin=P1-1
Added Pin To Net: NetName=5V Pin=P1-2
Added Pin To Net: NetName=5V Pin=P1-4
Added Pin To Net: NetName=NetP1_9 Pin=P1-9
Added Pin To Net: NetName=NetP1_1 Pin=P1-17
Added Pin To Net: NetName=NetP1_9 Pin=P1-25
Added Pin To Net: NetName=NetP1_9 Pin=P1-39
Add Pin To Net: Unknown Pin: Pin P1-A1
Add Pin To Net: Unknown Pin: Pin P1-A2
Add Pin To Net: Unknown Pin: Pin P1-A3
Add Pin To Net: Unknown Pin: Pin P1-A4
Add Pin To Net: Unknown Pin: Pin P1-A5
Add Pin To Net: Unknown Pin: Pin P1-A6
Add Pin To Net: Unknown Pin: Pin P1-A7
Add Pin To Net: Unknown Pin: Pin P1-A8
Add Pin To Net: Unknown Pin: Pin P1-A9
Add Pin To Net: Unknown Pin: Pin P1-A10
Add Pin To Net: Unknown Pin: Pin P1-A11
Add Pin To Net: Unknown Pin: Pin P1-A12
Add Pin To Net: Unknown Pin: Pin P1-A13
Add Pin To Net: Unknown Pin: Pin P1-A14
Add Pin To Net: Unknown Pin: Pin P1-A15
Add Pin To Net: Unknown Pin: Pin P1-A16
Add Pin To Net: Unknown Pin: Pin P1-A17
Add Pin To Net: Unknown Pin: Pin P1-A18
Add Pin To Net: Unknown Pin: Pin P1-A20
Add Pin To Net: Unknown Pin: Pin P1-A21
Add Pin To Net: Unknown Pin: Pin P1-A22
Add Pin To Net: Unknown Pin: Pin P1-A23
Add Pin To Net: Unknown Pin: Pin P1-A24
Add Pin To Net: Unknown Pin: Pin P1-A25
Add Pin To Net: Unknown Pin: Pin P1-A26
Add Pin To Net: Unknown Pin: Pin P1-A27
Add Pin To Net: Unknown Pin: Pin P1-A28
Add Pin To Net: Unknown Pin: Pin P1-A29
Add Pin To Net: Unknown Pin: Pin P1-A30
Add Pin To Net: Unknown Pin: Pin P1-A31
Add Pin To Net: Unknown Pin: Pin P1-B1
Add Pin To Net: Unknown Pin: Pin P1-B2
Add Pin To Net: Unknown Pin: Pin P1-B3
Add Pin To Net: Unknown Pin: Pin P1-B4
Add Pin To Net: Unknown Pin: Pin P1-B5
Add Pin To Net: Unknown Pin: Pin P1-B6
Add Pin To Net: Unknown Pin: Pin P1-B7
Add Pin To Net: Unknown Pin: Pin P1-B8
Add Pin To Net: Unknown Pin: Pin P1-B9
Add Pin To Net: Unknown Pin: Pin P1-B10
Add Pin To Net: Unknown Pin: Pin P1-B11
Add Pin To Net: Unknown Pin: Pin P1-B13
Add Pin To Net: Unknown Pin: Pin P1-B14
Add Pin To Net: Unknown Pin: Pin P1-B15
Add Pin To Net: Unknown Pin: Pin P1-B16
Add Pin To Net: Unknown Pin: Pin P1-B17
Add Pin To Net: Unknown Pin: Pin P1-B18
Add Pin To Net: Unknown Pin: Pin P1-B19
Add Pin To Net: Unknown Pin: Pin P1-B20
Add Pin To Net: Unknown Pin: Pin P1-B21
Add Pin To Net: Unknown Pin: Pin P1-B22
Add Pin To Net: Unknown Pin: Pin P1-B23
Add Pin To Net: Unknown Pin: Pin P1-B24
Add Pin To Net: Unknown Pin: Pin P1-B25
Add Pin To Net: Unknown Pin: Pin P1-B26
Add Pin To Net: Unknown Pin: Pin P1-B27
Add Pin To Net: Unknown Pin: Pin P1-B28
Add Pin To Net: Unknown Pin: Pin P1-B29
Add Pin To Net: Unknown Pin: Pin P1-B31
Add Pin To Net: Unknown Pin: Pin P1-B32
Add Net: Net with name "+3.3V" already exists
Add Net: Net with name "+12V" already exists
Add Net: Net with name "3.3Vaux" already exists
Add Net: Net with name "GND" already exists
Add Net: Net with name "GND" already exists
Add Net: Net with name "JTAG1" already exists
Add Net: Net with name "JTAG2" already exists
Add Net: Net with name "JTAG3" already exists
Add Net: Net with name "JTAG4" already exists
Add Net: Net with name "JTAG5" already exists
Add Net: Net with name "PER0_N" already exists
Add Net: Net with name "PER0_P" already exists
Add Net: Net with name "PER1_N" already exists
Add Net: Net with name "PER1_P" already exists
Add Net: Net with name "PER2_N" already exists
Add Net: Net with name "PER2_P" already exists
Add Net: Net with name "PER3_N" already exists
Add Net: Net with name "PER3_P" already exists
Add Net: Net with name "PERST#" already exists
Add Net: Net with name "PET0_N" already exists
Add Net: Net with name "PET0_P" already exists
Add Net: Net with name "PET1_N" already exists
Add Net: Net with name "PET1_P" already exists
Add Net: Net with name "PET2_N" already exists
Add Net: Net with name "PET2_P" already exists
Add Net: Net with name "PET3_N" already exists
Add Net: Net with name "PET3_P" already exists
Add Net: Net with name "PRSNT1#" already exists
Add Net: Net with name "PRSNT2#" already exists
Add Net: Net with name "REFCLK+" already exists
Add Net: Net with name "REFCLK-" already exists
Add Net: Net with name "SMCLK" already exists
Add Net: Net with name "SMDAT" already exists
Add Net: Net with name "WAKE#" already exists
Added Class: Name=CON_PCI_Express_X4_64PIN
Added Class: Name=JTAG[1..5]
Added Differential Pair: Name=PER0
Added Differential Pair: Name=PER1
Added Differential Pair: Name=PER2
Added Differential Pair: Name=PER3
Added Differential Pair: Name=PET0
Added Differential Pair: Name=PET1
Added Differential Pair: Name=PET2
Added Differential Pair: Name=PET3
Added Member To Class: ClassName=Display Member=Component J1 PCIE-098-02-X-D-EMS2-BG
Added Member To Class: ClassName=Display Member=Component J2 PCIE-098-02-X-D-EMS2-BG
Added Member To Class: ClassName=Display Member=Component J3 PCIE-098-02-X-D-EMS2-BG
Added Member To Class: ClassName=Display Member=Component J4 PCIE-098-02-X-D-EMS2-BG
Added Member To Class: ClassName=Card_Edge_Connector_Adapter Member=Component J6 PCIE-098-02-X-D-EMS2-BG
Added Member To Class: ClassName=Display Member=Component P1 RASPI
Added Member To Class: ClassName=Display Member=Component P2 OUTPUT
Added Member To Class: ClassName=Display Member=Component P3 INPUT
Add Class Member: Failed to add class member : Component P? PCIeX4-GF-2D-1000-1K-O64
Added Member To Class: ClassName=Display Member=Component U1 SN74HCT245DWR
Added Member To Class: ClassName=Display Member=Component U2 SN74HCT245DWR
Added Member To Class: ClassName=Display Member=Component U3 MCP23017-E/SO
Added Member To Class: ClassName=Display Member=Component U4 SN74HCT245DWR
Added Member To Class: ClassName=Display Member=Component U5 SN74HCT245DWR
Added Room: Name=Card_Edge_Connector_Adapter
Added Room: Name=CON_PCI_Express_X4_64PIN
Added Room: Name=Display
