Removed Pin From Net: NetName=GND Pin=P2-4
Removed Pin From Net: NetName=GND Pin=P2-8
Removed Pin From Net: NetName=GND Pin=P2-16
Removed Member From Class: ClassName=Display Member=J1
Removed Member From Class: ClassName=Display Member=J3
Removed Member From Class: ClassName=Display Member=J4
Change Component Designator: OldDesignator=P3 NewDesignator=P2
Add Component: Footprint Not Found SAMTEC_PCIE-098-02-X-D-EMS2-BG
Add Component: Footprint Not Found SAMTEC_PCIE-098-02-X-D-EMS2-BG
Added Component: Designator=P3(HDR2X8)
Add component (AddParameter): Name = "LatestRevisionDate"; Value = "17-Jul-2002"; VariantName = "[No Variations]"
Add component (AddParameter): Name = "LatestRevisionNote"; Value = "Re-released for DXP Platform."; VariantName = "[No Variations]"
Add component (AddParameter): Name = "Publisher"; Value = "Altium Limited"; VariantName = "[No Variations]"
Added Component: Designator=P?(AMPHENOL_G630H9812248EU)
Add component (AddParameter): Name = "Digi-Key_Part_Number"; Value = "G630H9812248EU-ND"; VariantName = "[No Variations]"
Add component (AddParameter): Name = "MF"; Value = "Amphenol ICC"; VariantName = "[No Variations]"
Add component (AddParameter): Name = "MP"; Value = "G630H9812248EU"; VariantName = "[No Variations]"
Add component (AddParameter): Name = "Package"; Value = "None"; VariantName = "[No Variations]"
Add component (AddParameter): Name = "Purchase-URL"; Value = "https://pricing.snapeda.com/search/part/G630H9812248EU/?ref=eda"; VariantName = "[No Variations]"
Add component (AddParameter): Name = "SnapEDA_Link"; Value = "https://www.snapeda.com/parts/G630H9812248EU/Amphenol%20FCI/view-part/704000/?ref=snap"; VariantName = "[No Variations]"
Add component (AddParameter): Name = "TOP"; Value = ""; VariantName = "[No Variations]"
Add component (AddParameter): Name = "Value"; Value = ""; VariantName = "[No Variations]"
Added Component: Designator=P?(AMPHENOL_G630H9812248EU)
Add component (AddParameter): Name = "Digi-Key_Part_Number"; Value = "G630H9812248EU-ND"; VariantName = "[No Variations]"
Add component (AddParameter): Name = "LEFT"; Value = ""; VariantName = "[No Variations]"
Add component (AddParameter): Name = "MF"; Value = "Amphenol ICC"; VariantName = "[No Variations]"
Add component (AddParameter): Name = "MP"; Value = "G630H9812248EU"; VariantName = "[No Variations]"
Add component (AddParameter): Name = "Package"; Value = "None"; VariantName = "[No Variations]"
Add component (AddParameter): Name = "Purchase-URL"; Value = "https://pricing.snapeda.com/search/part/G630H9812248EU/?ref=eda"; VariantName = "[No Variations]"
Add component (AddParameter): Name = "SnapEDA_Link"; Value = "https://www.snapeda.com/parts/G630H9812248EU/Amphenol%20FCI/view-part/704000/?ref=snap"; VariantName = "[No Variations]"
Add component (AddParameter): Name = "Value"; Value = ""; VariantName = "[No Variations]"
Added Component: Designator=P?(AMPHENOL_G630H9812248EU)
Add component (AddParameter): Name = "BOTTOM"; Value = ""; VariantName = "[No Variations]"
Add component (AddParameter): Name = "Digi-Key_Part_Number"; Value = "G630H9812248EU-ND"; VariantName = "[No Variations]"
Add component (AddParameter): Name = "MF"; Value = "Amphenol ICC"; VariantName = "[No Variations]"
Add component (AddParameter): Name = "MP"; Value = "G630H9812248EU"; VariantName = "[No Variations]"
Add component (AddParameter): Name = "Package"; Value = "None"; VariantName = "[No Variations]"
Add component (AddParameter): Name = "Purchase-URL"; Value = "https://pricing.snapeda.com/search/part/G630H9812248EU/?ref=eda"; VariantName = "[No Variations]"
Add component (AddParameter): Name = "SnapEDA_Link"; Value = "https://www.snapeda.com/parts/G630H9812248EU/Amphenol%20FCI/view-part/704000/?ref=snap"; VariantName = "[No Variations]"
Add component (AddParameter): Name = "Value"; Value = ""; VariantName = "[No Variations]"
Added Component: Designator=P?(AMPHENOL_G630H9812248EU)
Add component (AddParameter): Name = "BOTTOM"; Value = ""; VariantName = "[No Variations]"
Add component (AddParameter): Name = "Digi-Key_Part_Number"; Value = "G630H9812248EU-ND"; VariantName = "[No Variations]"
Add component (AddParameter): Name = "MF"; Value = "Amphenol ICC"; VariantName = "[No Variations]"
Add component (AddParameter): Name = "MP"; Value = "G630H9812248EU"; VariantName = "[No Variations]"
Add component (AddParameter): Name = "Package"; Value = "None"; VariantName = "[No Variations]"
Add component (AddParameter): Name = "Purchase-URL"; Value = "https://pricing.snapeda.com/search/part/G630H9812248EU/?ref=eda"; VariantName = "[No Variations]"
Add component (AddParameter): Name = "SnapEDA_Link"; Value = "https://www.snapeda.com/parts/G630H9812248EU/Amphenol%20FCI/view-part/704000/?ref=snap"; VariantName = "[No Variations]"
Add component (AddParameter): Name = "Value"; Value = ""; VariantName = "[No Variations]"
Add Pin To Net: Unknown Pin: Pin J5-A01
Add Pin To Net: Unknown Pin: Pin J5-A02
Add Pin To Net: Unknown Pin: Pin J5-A03
Add Pin To Net: Unknown Pin: Pin J5-A04
Add Pin To Net: Unknown Pin: Pin J5-A05
Add Pin To Net: Unknown Pin: Pin J5-A06
Add Pin To Net: Unknown Pin: Pin J5-A07
Add Pin To Net: Unknown Pin: Pin J5-A08
Add Pin To Net: Unknown Pin: Pin J5-A09
Add Pin To Net: Unknown Pin: Pin J5-A10
Add Pin To Net: Unknown Pin: Pin J5-A11
Add Pin To Net: Unknown Pin: Pin J5-A12
Add Pin To Net: Unknown Pin: Pin J5-A13
Add Pin To Net: Unknown Pin: Pin J5-A14
Add Pin To Net: Unknown Pin: Pin J5-A15
Add Pin To Net: Unknown Pin: Pin J5-A16
Add Pin To Net: Unknown Pin: Pin J5-A17
Add Pin To Net: Unknown Pin: Pin J5-A18
Add Pin To Net: Unknown Pin: Pin J5-A19
Add Pin To Net: Unknown Pin: Pin J5-A20
Add Pin To Net: Unknown Pin: Pin J5-A21
Add Pin To Net: Unknown Pin: Pin J5-A22
Add Pin To Net: Unknown Pin: Pin J5-A23
Add Pin To Net: Unknown Pin: Pin J5-A24
Add Pin To Net: Unknown Pin: Pin J5-A25
Add Pin To Net: Unknown Pin: Pin J5-A26
Add Pin To Net: Unknown Pin: Pin J5-A27
Add Pin To Net: Unknown Pin: Pin J5-A28
Add Pin To Net: Unknown Pin: Pin J5-A29
Add Pin To Net: Unknown Pin: Pin J5-A30
Add Pin To Net: Unknown Pin: Pin J5-A31
Add Pin To Net: Unknown Pin: Pin J5-A32
Add Pin To Net: Unknown Pin: Pin J5-A33
Add Pin To Net: Unknown Pin: Pin J5-A34
Add Pin To Net: Unknown Pin: Pin J5-A35
Add Pin To Net: Unknown Pin: Pin J5-A36
Add Pin To Net: Unknown Pin: Pin J5-A37
Add Pin To Net: Unknown Pin: Pin J5-A38
Add Pin To Net: Unknown Pin: Pin J5-A39
Add Pin To Net: Unknown Pin: Pin J5-A40
Add Pin To Net: Unknown Pin: Pin J5-A41
Add Pin To Net: Unknown Pin: Pin J5-A42
Add Pin To Net: Unknown Pin: Pin J5-A43
Add Pin To Net: Unknown Pin: Pin J5-A44
Add Pin To Net: Unknown Pin: Pin J5-A45
Add Pin To Net: Unknown Pin: Pin J5-A46
Add Pin To Net: Unknown Pin: Pin J5-A47
Add Pin To Net: Unknown Pin: Pin J5-A48
Add Pin To Net: Unknown Pin: Pin J5-A49
Add Pin To Net: Unknown Pin: Pin J5-B01
Add Pin To Net: Unknown Pin: Pin J5-B02
Add Pin To Net: Unknown Pin: Pin J5-B03
Add Pin To Net: Unknown Pin: Pin J5-B04
Add Pin To Net: Unknown Pin: Pin J5-B05
Add Pin To Net: Unknown Pin: Pin J5-B06
Add Pin To Net: Unknown Pin: Pin J5-B07
Add Pin To Net: Unknown Pin: Pin J5-B08
Add Pin To Net: Unknown Pin: Pin J5-B09
Add Pin To Net: Unknown Pin: Pin J5-B10
Add Pin To Net: Unknown Pin: Pin J5-B11
Add Pin To Net: Unknown Pin: Pin J5-B12
Add Pin To Net: Unknown Pin: Pin J5-B13
Add Pin To Net: Unknown Pin: Pin J5-B14
Add Pin To Net: Unknown Pin: Pin J5-B15
Add Pin To Net: Unknown Pin: Pin J5-B16
Add Pin To Net: Unknown Pin: Pin J5-B17
Add Pin To Net: Unknown Pin: Pin J5-B18
Add Pin To Net: Unknown Pin: Pin J5-B19
Add Pin To Net: Unknown Pin: Pin J5-B20
Add Pin To Net: Unknown Pin: Pin J5-B21
Add Pin To Net: Unknown Pin: Pin J5-B22
Add Pin To Net: Unknown Pin: Pin J5-B23
Add Pin To Net: Unknown Pin: Pin J5-B24
Add Pin To Net: Unknown Pin: Pin J5-B25
Add Pin To Net: Unknown Pin: Pin J5-B26
Add Pin To Net: Unknown Pin: Pin J5-B27
Add Pin To Net: Unknown Pin: Pin J5-B28
Add Pin To Net: Unknown Pin: Pin J5-B29
Add Pin To Net: Unknown Pin: Pin J5-B30
Add Pin To Net: Unknown Pin: Pin J5-B31
Add Pin To Net: Unknown Pin: Pin J5-B32
Add Pin To Net: Unknown Pin: Pin J5-B33
Add Pin To Net: Unknown Pin: Pin J5-B34
Add Pin To Net: Unknown Pin: Pin J5-B35
Add Pin To Net: Unknown Pin: Pin J5-B36
Add Pin To Net: Unknown Pin: Pin J5-B37
Add Pin To Net: Unknown Pin: Pin J5-B38
Add Pin To Net: Unknown Pin: Pin J5-B39
Add Pin To Net: Unknown Pin: Pin J5-B40
Add Pin To Net: Unknown Pin: Pin J5-B41
Add Pin To Net: Unknown Pin: Pin J5-B42
Add Pin To Net: Unknown Pin: Pin J5-B43
Add Pin To Net: Unknown Pin: Pin J5-B44
Add Pin To Net: Unknown Pin: Pin J5-B45
Add Pin To Net: Unknown Pin: Pin J5-B46
Add Pin To Net: Unknown Pin: Pin J5-B47
Add Pin To Net: Unknown Pin: Pin J5-B48
Add Pin To Net: Unknown Pin: Pin J5-B49
Add Pin To Net: Unknown Pin: Pin J6-A01
Add Pin To Net: Unknown Pin: Pin J6-A02
Add Pin To Net: Unknown Pin: Pin J6-A03
Add Pin To Net: Unknown Pin: Pin J6-A04
Add Pin To Net: Unknown Pin: Pin J6-A05
Add Pin To Net: Unknown Pin: Pin J6-A06
Add Pin To Net: Unknown Pin: Pin J6-A07
Add Pin To Net: Unknown Pin: Pin J6-A08
Add Pin To Net: Unknown Pin: Pin J6-A09
Add Pin To Net: Unknown Pin: Pin J6-A10
Add Pin To Net: Unknown Pin: Pin J6-A11
Add Pin To Net: Unknown Pin: Pin J6-A12
Add Pin To Net: Unknown Pin: Pin J6-A13
Add Pin To Net: Unknown Pin: Pin J6-A14
Add Pin To Net: Unknown Pin: Pin J6-A15
Add Pin To Net: Unknown Pin: Pin J6-A16
Add Pin To Net: Unknown Pin: Pin J6-A17
Add Pin To Net: Unknown Pin: Pin J6-A18
Add Pin To Net: Unknown Pin: Pin J6-A19
Add Pin To Net: Unknown Pin: Pin J6-A20
Add Pin To Net: Unknown Pin: Pin J6-A21
Add Pin To Net: Unknown Pin: Pin J6-A22
Add Pin To Net: Unknown Pin: Pin J6-A23
Add Pin To Net: Unknown Pin: Pin J6-A24
Add Pin To Net: Unknown Pin: Pin J6-A25
Add Pin To Net: Unknown Pin: Pin J6-A26
Add Pin To Net: Unknown Pin: Pin J6-A27
Add Pin To Net: Unknown Pin: Pin J6-A28
Add Pin To Net: Unknown Pin: Pin J6-A29
Add Pin To Net: Unknown Pin: Pin J6-A30
Add Pin To Net: Unknown Pin: Pin J6-A31
Add Pin To Net: Unknown Pin: Pin J6-A32
Add Pin To Net: Unknown Pin: Pin J6-A33
Add Pin To Net: Unknown Pin: Pin J6-A34
Add Pin To Net: Unknown Pin: Pin J6-A35
Add Pin To Net: Unknown Pin: Pin J6-A36
Add Pin To Net: Unknown Pin: Pin J6-A37
Add Pin To Net: Unknown Pin: Pin J6-A38
Add Pin To Net: Unknown Pin: Pin J6-A39
Add Pin To Net: Unknown Pin: Pin J6-A40
Add Pin To Net: Unknown Pin: Pin J6-A41
Add Pin To Net: Unknown Pin: Pin J6-A42
Add Pin To Net: Unknown Pin: Pin J6-A43
Add Pin To Net: Unknown Pin: Pin J6-A44
Add Pin To Net: Unknown Pin: Pin J6-A45
Add Pin To Net: Unknown Pin: Pin J6-A46
Add Pin To Net: Unknown Pin: Pin J6-A47
Add Pin To Net: Unknown Pin: Pin J6-A48
Add Pin To Net: Unknown Pin: Pin J6-A49
Add Pin To Net: Unknown Pin: Pin J6-B01
Add Pin To Net: Unknown Pin: Pin J6-B02
Add Pin To Net: Unknown Pin: Pin J6-B03
Add Pin To Net: Unknown Pin: Pin J6-B04
Add Pin To Net: Unknown Pin: Pin J6-B05
Add Pin To Net: Unknown Pin: Pin J6-B06
Add Pin To Net: Unknown Pin: Pin J6-B07
Add Pin To Net: Unknown Pin: Pin J6-B08
Add Pin To Net: Unknown Pin: Pin J6-B09
Add Pin To Net: Unknown Pin: Pin J6-B10
Add Pin To Net: Unknown Pin: Pin J6-B11
Add Pin To Net: Unknown Pin: Pin J6-B12
Add Pin To Net: Unknown Pin: Pin J6-B13
Add Pin To Net: Unknown Pin: Pin J6-B14
Add Pin To Net: Unknown Pin: Pin J6-B15
Add Pin To Net: Unknown Pin: Pin J6-B16
Add Pin To Net: Unknown Pin: Pin J6-B17
Add Pin To Net: Unknown Pin: Pin J6-B18
Add Pin To Net: Unknown Pin: Pin J6-B19
Add Pin To Net: Unknown Pin: Pin J6-B20
Add Pin To Net: Unknown Pin: Pin J6-B21
Add Pin To Net: Unknown Pin: Pin J6-B22
Add Pin To Net: Unknown Pin: Pin J6-B23
Add Pin To Net: Unknown Pin: Pin J6-B24
Add Pin To Net: Unknown Pin: Pin J6-B25
Add Pin To Net: Unknown Pin: Pin J6-B26
Add Pin To Net: Unknown Pin: Pin J6-B27
Add Pin To Net: Unknown Pin: Pin J6-B28
Add Pin To Net: Unknown Pin: Pin J6-B29
Add Pin To Net: Unknown Pin: Pin J6-B30
Add Pin To Net: Unknown Pin: Pin J6-B31
Add Pin To Net: Unknown Pin: Pin J6-B32
Add Pin To Net: Unknown Pin: Pin J6-B33
Add Pin To Net: Unknown Pin: Pin J6-B34
Add Pin To Net: Unknown Pin: Pin J6-B35
Add Pin To Net: Unknown Pin: Pin J6-B36
Add Pin To Net: Unknown Pin: Pin J6-B37
Add Pin To Net: Unknown Pin: Pin J6-B38
Add Pin To Net: Unknown Pin: Pin J6-B39
Add Pin To Net: Unknown Pin: Pin J6-B40
Add Pin To Net: Unknown Pin: Pin J6-B41
Add Pin To Net: Unknown Pin: Pin J6-B42
Add Pin To Net: Unknown Pin: Pin J6-B43
Add Pin To Net: Unknown Pin: Pin J6-B44
Add Pin To Net: Unknown Pin: Pin J6-B45
Add Pin To Net: Unknown Pin: Pin J6-B46
Add Pin To Net: Unknown Pin: Pin J6-B47
Add Pin To Net: Unknown Pin: Pin J6-B48
Add Pin To Net: Unknown Pin: Pin J6-B49
Added Pin To Net: NetName=GND Pin=P3-4
Added Pin To Net: NetName=GND Pin=P3-8
Added Pin To Net: NetName=GND Pin=P3-16
Added Pin To Net: NetName=AO Pin=P3-9
Added Net: Name=AO
Added Pin To Net: NetName=A Pin=P2-9
Added Net: Name=A
Added Pin To Net: NetName=B1O Pin=P3-3
Added Net: Name=B1O
Added Pin To Net: NetName=B1 Pin=P2-3
Added Net: Name=B1
Added Pin To Net: NetName=B2O Pin=P3-7
Added Net: Name=B2O
Added Pin To Net: NetName=B2 Pin=P2-7
Added Net: Name=B2
Added Pin To Net: NetName=BO Pin=P3-10
Added Net: Name=BO
Added Pin To Net: NetName=B Pin=P2-10
Added Net: Name=B
Added Pin To Net: NetName=CLKO Pin=P3-13
Added Net: Name=CLKO
Added Pin To Net: NetName=CLK Pin=P2-13
Added Net: Name=CLK
Added Pin To Net: NetName=CO Pin=P3-11
Added Net: Name=CO
Added Pin To Net: NetName=C Pin=P2-11
Added Net: Name=C
Added Pin To Net: NetName=DO Pin=P3-12
Added Net: Name=DO
Added Pin To Net: NetName=D Pin=P2-12
Added Net: Name=D
Added Pin To Net: NetName=G1O Pin=P3-2
Added Net: Name=G1O
Added Pin To Net: NetName=G1 Pin=P2-2
Added Net: Name=G1
Added Pin To Net: NetName=G2O Pin=P3-6
Added Net: Name=G2O
Added Pin To Net: NetName=G2 Pin=P2-6
Added Net: Name=G2
Added Pin To Net: NetName=LATO Pin=P3-14
Added Net: Name=LATO
Added Pin To Net: NetName=LAT Pin=P2-14
Added Net: Name=LAT
Added Pin To Net: NetName=OEO Pin=P3-15
Added Net: Name=OEO
Added Pin To Net: NetName=OE Pin=P2-15
Added Net: Name=OE
Added Pin To Net: NetName=R1O Pin=P3-1
Added Net: Name=R1O
Added Pin To Net: NetName=R1 Pin=P2-1
Added Net: Name=R1
Added Pin To Net: NetName=R2O Pin=P3-5
Added Net: Name=R2O
Added Pin To Net: NetName=R2 Pin=P2-5
Added Net: Name=R2
Add Class Member: Failed to add class member : Component J5 PCIE-098-02-X-D-EMS2-BG
Add Class Member: Failed to add class member : Component J6 PCIE-098-02-X-D-EMS2-BG
Added Member To Class: ClassName=Display Member=Component P? G630H9812248EU
Added Member To Class: ClassName=Display Member=Component P? G630H9812248EU
Added Member To Class: ClassName=Display Member=Component P? G630H9812248EU
Added Member To Class: ClassName=Display Member=Component P? G630H9812248EU
Added Member To Class: ClassName=Display Member=Component U1 MCP23017-E/SO
Added Member To Class: ClassName=Display Member=Component U3 SN74HCT245DWR
Added Room: Name=Card_Edge_Connector_Adapter
Added Room: Name=Display
