Added Pin To Net: NetName=R1_O Pin=P2-A20
Added Pin To Net: NetName=B1_O Pin=P2-A21
Added Pin To Net: NetName=R2_O Pin=P2-A22
Added Pin To Net: NetName=B2_O Pin=P2-A23
Added Pin To Net: NetName=A_O Pin=P2-A24
Added Pin To Net: NetName=C_O Pin=P2-A25
Added Pin To Net: NetName=CLK_O Pin=P2-A26
Added Pin To Net: NetName=OE_O Pin=P2-A27
Added Pin To Net: NetName=G1_O Pin=P2-A28
Added Pin To Net: NetName=G2_O Pin=P2-A29
Added Pin To Net: NetName=B_O Pin=P2-A30
Added Pin To Net: NetName=D_O Pin=P2-A31
Added Pin To Net: NetName=LAT_O Pin=P2-A32
Added Pin To Net: NetName=E_BUFF Pin=P2-A40
Added Pin To Net: NetName=DISP_SENSE_B Pin=P2-A48
Added Pin To Net: NetName=BAT_SENSE_B Pin=P2-A49
Added Pin To Net: NetName=R1_A_BUFF Pin=P3-A20
Added Pin To Net: NetName=B1_A_BUFF Pin=P3-A21
Added Pin To Net: NetName=R2_A_BUFF Pin=P3-A22
Added Pin To Net: NetName=B2_A_BUFF Pin=P3-A23
Added Pin To Net: NetName=A_BUFF Pin=P3-A24
Added Pin To Net: NetName=C_BUFF Pin=P3-A25
Added Pin To Net: NetName=CLK_A_BUFF Pin=P3-A26
Added Pin To Net: NetName=OE_A_BUFF Pin=P3-A27
Added Pin To Net: NetName=G1_A_BUFF Pin=P3-A28
Added Pin To Net: NetName=G2_A_BUFF Pin=P3-A29
Added Pin To Net: NetName=B_BUFF Pin=P3-A30
Added Pin To Net: NetName=D_BUFF Pin=P3-A31
Added Pin To Net: NetName=LAT_A_BUFF Pin=P3-A32
Added Pin To Net: NetName=E_BUFF Pin=P3-A40
Added Pin To Net: NetName=DISP_SENSE_A Pin=P3-A48
Added Pin To Net: NetName=BAT_SENSE_A Pin=P3-A49
Added Pin To Net: NetName=R1_C_BUFF Pin=P4-A20
Added Pin To Net: NetName=B1_C_BUFF Pin=P4-A21
Added Pin To Net: NetName=R2_C_BUFF Pin=P4-A22
Added Pin To Net: NetName=B2_C_BUFF Pin=P4-A23
Added Pin To Net: NetName=A_BUFF Pin=P4-A24
Added Pin To Net: NetName=C_BUFF Pin=P4-A25
Added Pin To Net: NetName=CLK_C_BUFF Pin=P4-A26
Added Pin To Net: NetName=OE_C_BUFF Pin=P4-A27
Added Pin To Net: NetName=G1_C_BUFF Pin=P4-A28
Added Pin To Net: NetName=G2_C_BUFF Pin=P4-A29
Added Pin To Net: NetName=B_BUFF Pin=P4-A30
Added Pin To Net: NetName=D_BUFF Pin=P4-A31
Added Pin To Net: NetName=LAT_C_BUFF Pin=P4-A32
Added Pin To Net: NetName=E_BUFF Pin=P4-A40
Added Pin To Net: NetName=DISP_SENSE_C Pin=P4-A48
Added Pin To Net: NetName=BAT_SENSE_C Pin=P4-A49
Added Pin To Net: NetName=AIN2 Pin=P2-A41
Added Pin To Net: NetName=AIN2 Pin=P3-A41
Added Pin To Net: NetName=AIN2 Pin=P4-A41
Added Pin To Net: NetName=AIN2 Pin=U4-6
Added Net: Name=AIN2
Added Pin To Net: NetName=AIN3 Pin=P2-A42
Added Pin To Net: NetName=AIN3 Pin=P3-A42
Added Pin To Net: NetName=AIN3 Pin=P4-A42
Added Pin To Net: NetName=AIN3 Pin=U4-7
Added Net: Name=AIN3
Added Room: Name=Display
