Change Component Comment : Designator=J Old Comment=PCIE-098-02-X-D-EMS2-BG New Comment=BOTTOM
Change Component Comment : Designator=J? Old Comment=PCIE-098-02-X-D-EMS2-BG New Comment=LEFT
Change Component Comment : Designator=J? Old Comment=PCIE-098-02-X-D-EMS2-BG New Comment=RIGHT
Change Component Comment : Designator=J? Old Comment=PCIE-098-02-X-D-EMS2-BG New Comment=TOP
Change Component Designator: OldDesignator=J NewDesignator=J2
Change Component Designator: OldDesignator=J? NewDesignator=J1
Change Component Designator: OldDesignator=J? NewDesignator=J3
Change Component Designator: OldDesignator=P? NewDesignator=P1
Change Component Designator: OldDesignator=P? NewDesignator=P2
Change Component Designator: OldDesignator=P? NewDesignator=P3
Change Component Designator: OldDesignator=U? NewDesignator=U1
Change Component Designator: OldDesignator=U? NewDesignator=U2
Change Component Designator: OldDesignator=U? NewDesignator=U3
Change Component Designator: OldDesignator=U? NewDesignator=U4
Change Component Designator: OldDesignator=U? NewDesignator=U5
Add Component: Footprint Not Found SAMTEC_PCIE-098-02-X-D-EMS2-BG
Add Component: Footprint Not Found SAMTEC_PCIE-098-02-X-D-EMS2-BG
Added Pin To Net: NetName=GND Pin=P1-1
Added Pin To Net: NetName=GND Pin=P1-9
Added Pin To Net: NetName=GND Pin=P1-25
Added Pin To Net: NetName=GND Pin=P1-39
Added Pin To Net: NetName=GND Pin=P2-4
Added Pin To Net: NetName=GND Pin=P2-8
Added Pin To Net: NetName=GND Pin=P2-16
Added Pin To Net: NetName=GND Pin=P3-4
Added Pin To Net: NetName=GND Pin=P3-8
Added Pin To Net: NetName=GND Pin=P3-16
Added Pin To Net: NetName=GND Pin=U1-10
Added Pin To Net: NetName=GND Pin=U2-10
Added Pin To Net: NetName=GND Pin=U4-10
Added Pin To Net: NetName=GND Pin=U5-10
Added Net: Name=B01
Added Net: Name=B02
Added Net: Name=B03
Added Net: Name=B04
Added Net: Name=B05
Added Net: Name=B06
Added Net: Name=B07
Added Net: Name=B08
Added Net: Name=B09
Added Net: Name=B010
Added Net: Name=B011
Added Net: Name=B012
Added Net: Name=B013
Added Net: Name=B014
Added Net: Name=B015
Added Net: Name=B016
Added Net: Name=B017
Added Net: Name=B018
Added Net: Name=B019
Added Net: Name=B020
Added Net: Name=B021
Added Net: Name=B022
Added Net: Name=B023
Added Net: Name=B024
Added Net: Name=B025
Added Net: Name=B026
Added Net: Name=B027
Added Net: Name=B028
Added Net: Name=B029
Added Net: Name=B030
Added Net: Name=B031
Added Net: Name=B032
Added Net: Name=B033
Added Net: Name=B034
Added Net: Name=B035
Added Net: Name=B036
Added Net: Name=B037
Added Net: Name=B038
Added Net: Name=B039
Added Net: Name=B040
Added Net: Name=B041
Added Net: Name=B042
Added Net: Name=B043
Added Net: Name=B044
Added Net: Name=B045
Added Net: Name=B046
Added Net: Name=B047
Added Net: Name=B048
Added Net: Name=B049
Added Net: Name=NetJ5_A01
Added Net: Name=NetJ5_A02
Added Net: Name=NetJ5_A03
Added Net: Name=NetJ5_A04
Added Net: Name=NetJ5_A05
Added Net: Name=NetJ5_A06
Added Net: Name=NetJ5_A07
Added Net: Name=NetJ5_A08
Added Net: Name=NetJ5_A09
Added Net: Name=NetJ5_A10
Added Net: Name=NetJ5_A11
Added Net: Name=NetJ5_A12
Added Net: Name=NetJ5_A13
Added Net: Name=NetJ5_A14
Added Net: Name=NetJ5_A15
Added Net: Name=NetJ5_A16
Added Net: Name=NetJ5_A17
Added Net: Name=NetJ5_A18
Added Net: Name=NetJ5_A19
Added Net: Name=NetJ5_A20
Added Net: Name=NetJ5_A21
Added Net: Name=NetJ5_A22
Added Net: Name=NetJ5_A23
Added Net: Name=NetJ5_A24
Added Net: Name=NetJ5_A25
Added Net: Name=NetJ5_A26
Added Net: Name=NetJ5_A27
Added Net: Name=NetJ5_A28
Added Net: Name=NetJ5_A29
Added Net: Name=NetJ5_A30
Added Net: Name=NetJ5_A31
Added Net: Name=NetJ5_A32
Added Net: Name=NetJ5_A33
Added Net: Name=NetJ5_A34
Added Net: Name=NetJ5_A35
Added Net: Name=NetJ5_A36
Added Net: Name=NetJ5_A37
Added Net: Name=NetJ5_A38
Added Net: Name=NetJ5_A39
Added Net: Name=NetJ5_A40
Added Net: Name=NetJ5_A41
Added Net: Name=NetJ5_A42
Added Net: Name=NetJ5_A43
Added Net: Name=NetJ5_A44
Added Net: Name=NetJ5_A45
Added Net: Name=NetJ5_A46
Added Net: Name=NetJ5_A47
Added Net: Name=NetJ5_A48
Added Net: Name=NetJ5_A49
Change Class Name : Old Net Name=Sheet1 New Net Name=Display
Added Class: Name=Card_Edge_Connector_Adapter
Added Member To Class: ClassName=Display Member=Component J1 TOP
Added Member To Class: ClassName=Display Member=Component J3 LEFT
Added Member To Class: ClassName=Display Member=Component P1 RASPI
Added Member To Class: ClassName=Display Member=Component P2 OUTPUT
Added Member To Class: ClassName=Display Member=Component P3 INPUT
Added Member To Class: ClassName=Display Member=Component U1 SN74HCT245DWR
Added Member To Class: ClassName=Display Member=Component U2 SN74HCT245DWR
Added Member To Class: ClassName=Display Member=Component U4 SN74HCT245DWR
Added Member To Class: ClassName=Display Member=Component U5 SN74HCT245DWR
Added Room: Name=Card_Edge_Connector_Adapter
Added Room: Name=Display
