Removed Pin From Net: NetName=5V Pin=P3-A1
Removed Pin From Net: NetName=5V Pin=P3-A2
Removed Pin From Net: NetName=5V Pin=P3-A3
Removed Pin From Net: NetName=5V Pin=P3-A4
Removed Pin From Net: NetName=5V Pin=P3-A5
Removed Pin From Net: NetName=5V Pin=P3-A6
Removed Pin From Net: NetName=5V Pin=P3-A7
Removed Pin From Net: NetName=5V Pin=P3-A8
Removed Pin From Net: NetName=5V Pin=P3-A9
Removed Pin From Net: NetName=5V Pin=P3-A10
Removed Pin From Net: NetName=5V Pin=P3-A11
Removed Pin From Net: NetName=R1_C_BUFF Pin=P3-A20
Removed Pin From Net: NetName=B1_C_BUFF Pin=P3-A21
Removed Pin From Net: NetName=R2_C_BUFF Pin=P3-A22
Removed Pin From Net: NetName=B2_C_BUFF Pin=P3-A23
Removed Pin From Net: NetName=A_BUFF Pin=P3-A24
Removed Pin From Net: NetName=C_BUFF Pin=P3-A25
Removed Pin From Net: NetName=CLK_C_BUFF Pin=P3-A26
Removed Pin From Net: NetName=OE_C_BUFF Pin=P3-A27
Removed Pin From Net: NetName=G1_C_BUFF Pin=P3-A28
Removed Pin From Net: NetName=G2_C_BUFF Pin=P3-A29
Removed Pin From Net: NetName=B_BUFF Pin=P3-A30
Removed Pin From Net: NetName=D_BUFF Pin=P3-A31
Removed Pin From Net: NetName=LAT_C_BUFF Pin=P3-A32
Removed Pin From Net: NetName=E_BUFF Pin=P3-A40
Removed Pin From Net: NetName=AIN2 Pin=P3-A41
Removed Pin From Net: NetName=AIN3 Pin=P3-A42
Removed Pin From Net: NetName=DISP_SENSE_C Pin=P3-A48
Removed Pin From Net: NetName=BAT_SENSE_C Pin=P3-A49
Removed Pin From Net: NetName=GND Pin=P3-B1
Removed Pin From Net: NetName=GND Pin=P3-B2
Removed Pin From Net: NetName=GND Pin=P3-B3
Removed Pin From Net: NetName=GND Pin=P3-B4
Removed Pin From Net: NetName=GND Pin=P3-B5
Removed Pin From Net: NetName=GND Pin=P3-B6
Removed Pin From Net: NetName=GND Pin=P3-B7
Removed Pin From Net: NetName=GND Pin=P3-B8
Removed Pin From Net: NetName=GND Pin=P3-B9
Removed Pin From Net: NetName=GND Pin=P3-B10
Removed Pin From Net: NetName=GND Pin=P3-B11
Added Pin To Net: NetName=GND Pin=P3-A1
Added Pin To Net: NetName=GND Pin=P3-A2
Added Pin To Net: NetName=GND Pin=P3-A3
Added Pin To Net: NetName=GND Pin=P3-A4
Added Pin To Net: NetName=GND Pin=P3-A5
Added Pin To Net: NetName=GND Pin=P3-A6
Added Pin To Net: NetName=GND Pin=P3-A7
Added Pin To Net: NetName=GND Pin=P3-A8
Added Pin To Net: NetName=GND Pin=P3-A9
Added Pin To Net: NetName=GND Pin=P3-A10
Added Pin To Net: NetName=GND Pin=P3-A11
Added Pin To Net: NetName=5V Pin=P3-B1
Added Pin To Net: NetName=5V Pin=P3-B2
Added Pin To Net: NetName=5V Pin=P3-B3
Added Pin To Net: NetName=5V Pin=P3-B4
Added Pin To Net: NetName=5V Pin=P3-B5
Added Pin To Net: NetName=5V Pin=P3-B6
Added Pin To Net: NetName=5V Pin=P3-B7
Added Pin To Net: NetName=5V Pin=P3-B8
Added Pin To Net: NetName=5V Pin=P3-B9
Added Pin To Net: NetName=5V Pin=P3-B10
Added Pin To Net: NetName=5V Pin=P3-B11
Added Pin To Net: NetName=R1_C_BUFF Pin=P3-B20
Added Pin To Net: NetName=B1_C_BUFF Pin=P3-B21
Added Pin To Net: NetName=R2_C_BUFF Pin=P3-B22
Added Pin To Net: NetName=B2_C_BUFF Pin=P3-B23
Added Pin To Net: NetName=A_BUFF Pin=P3-B24
Added Pin To Net: NetName=C_BUFF Pin=P3-B25
Added Pin To Net: NetName=CLK_C_BUFF Pin=P3-B26
Added Pin To Net: NetName=OE_C_BUFF Pin=P3-B27
Added Pin To Net: NetName=G1_C_BUFF Pin=P3-B28
Added Pin To Net: NetName=G2_C_BUFF Pin=P3-B29
Added Pin To Net: NetName=B_BUFF Pin=P3-B30
Added Pin To Net: NetName=D_BUFF Pin=P3-B31
Added Pin To Net: NetName=LAT_C_BUFF Pin=P3-B32
Added Pin To Net: NetName=E_BUFF Pin=P3-B40
Added Pin To Net: NetName=AIN2 Pin=P3-B41
Added Pin To Net: NetName=AIN3 Pin=P3-B42
Added Pin To Net: NetName=DISP_SENSE_C Pin=P3-B48
Added Pin To Net: NetName=BAT_SENSE_C Pin=P3-B49
