Removed Pin From Net: NetName=3V3 Pin=P5-1
Removed Pin From Net: NetName=5V Pin=P5-2
Removed Pin From Net: NetName=G1_C Pin=P5-3
Removed Pin From Net: NetName=5V Pin=P5-4
Removed Pin From Net: NetName=B1_C Pin=P5-5
Removed Pin From Net: NetName=GND Pin=P5-6
Removed Pin From Net: NetName=LAT Pin=P5-7
Removed Pin From Net: NetName=R1_C Pin=P5-8
Removed Pin From Net: NetName=GND Pin=P5-9
Removed Pin From Net: NetName=E Pin=P5-10
Removed Pin From Net: NetName=CLK Pin=P5-11
Removed Pin From Net: NetName=OE Pin=P5-12
Removed Pin From Net: NetName=G1_A Pin=P5-13
Removed Pin From Net: NetName=GND Pin=P5-14
Removed Pin From Net: NetName=A Pin=P5-15
Removed Pin From Net: NetName=B Pin=P5-16
Removed Pin From Net: NetName=3V3 Pin=P5-17
Removed Pin From Net: NetName=C Pin=P5-18
Removed Pin From Net: NetName=B2_A Pin=P5-19
Removed Pin From Net: NetName=GND Pin=P5-20
Removed Pin From Net: NetName=G2_A Pin=P5-21
Removed Pin From Net: NetName=D Pin=P5-22
Removed Pin From Net: NetName=R1_A Pin=P5-23
Removed Pin From Net: NetName=R2_A Pin=P5-24
Removed Pin From Net: NetName=GND Pin=P5-25
Removed Pin From Net: NetName=B1_A Pin=P5-26
Removed Pin From Net: NetName=SDA Pin=P5-27
Removed Pin From Net: NetName=SCL Pin=P5-28
Removed Pin From Net: NetName=G1_B Pin=P5-29
Removed Pin From Net: NetName=GND Pin=P5-30
Removed Pin From Net: NetName=B1_B Pin=P5-31
Removed Pin From Net: NetName=R1_B Pin=P5-32
Removed Pin From Net: NetName=G2_B Pin=P5-33
Removed Pin From Net: NetName=GND Pin=P5-34
Removed Pin From Net: NetName=R2_B Pin=P5-35
Removed Pin From Net: NetName=G2_C Pin=P5-36
Removed Pin From Net: NetName=R2_C Pin=P5-37
Removed Pin From Net: NetName=B2_B Pin=P5-38
Removed Pin From Net: NetName=GND Pin=P5-39
Removed Pin From Net: NetName=B2_C Pin=P5-40
Change Component Designator: OldDesignator=R7 NewDesignator=R8
Change Component Designator: OldDesignator=R8 NewDesignator=R7
Change Component Designator: OldDesignator=R9 NewDesignator=R10
Change Component Designator: OldDesignator=R10 NewDesignator=R9
Added Component: Designator=P4(HDR2X20)
Add component (AddParameter): Name = "LatestRevisionDate"; Value = "17-Jul-2002"; VariantName = "[No Variations]"
Add component (AddParameter): Name = "LatestRevisionNote"; Value = "Re-released for DXP Platform."; VariantName = "[No Variations]"
Add component (AddParameter): Name = "Publisher"; Value = "Altium Limited"; VariantName = "[No Variations]"
Added Pin To Net: NetName=3V3 Pin=P5-1
Added Pin To Net: NetName=5V Pin=P5-2
Added Pin To Net: NetName=G1_C Pin=P5-3
Added Pin To Net: NetName=5V Pin=P5-4
Added Pin To Net: NetName=B1_C Pin=P5-5
Added Pin To Net: NetName=GND Pin=P5-6
Added Pin To Net: NetName=LAT Pin=P5-7
Added Pin To Net: NetName=R1_C Pin=P5-8
Added Pin To Net: NetName=GND Pin=P5-9
Added Pin To Net: NetName=E Pin=P5-10
Added Pin To Net: NetName=CLK Pin=P5-11
Added Pin To Net: NetName=OE Pin=P5-12
Added Pin To Net: NetName=G1_A Pin=P5-13
Added Pin To Net: NetName=GND Pin=P5-14
Added Pin To Net: NetName=A Pin=P5-15
Added Pin To Net: NetName=B Pin=P5-16
Added Pin To Net: NetName=3V3 Pin=P5-17
Added Pin To Net: NetName=C Pin=P5-18
Added Pin To Net: NetName=B2_A Pin=P5-19
Added Pin To Net: NetName=GND Pin=P5-20
Added Pin To Net: NetName=G2_A Pin=P5-21
Added Pin To Net: NetName=D Pin=P5-22
Added Pin To Net: NetName=R1_A Pin=P5-23
Added Pin To Net: NetName=R2_A Pin=P5-24
Added Pin To Net: NetName=GND Pin=P5-25
Added Pin To Net: NetName=B1_A Pin=P5-26
Added Pin To Net: NetName=SDA Pin=P5-27
Added Pin To Net: NetName=SCL Pin=P5-28
Added Pin To Net: NetName=G1_B Pin=P5-29
Added Pin To Net: NetName=GND Pin=P5-30
Added Pin To Net: NetName=B1_B Pin=P5-31
Added Pin To Net: NetName=R1_B Pin=P5-32
Added Pin To Net: NetName=G2_B Pin=P5-33
Added Pin To Net: NetName=GND Pin=P5-34
Added Pin To Net: NetName=R2_B Pin=P5-35
Added Pin To Net: NetName=G2_C Pin=P5-36
Added Pin To Net: NetName=R2_C Pin=P5-37
Added Pin To Net: NetName=B2_B Pin=P5-38
Added Pin To Net: NetName=GND Pin=P5-39
Added Pin To Net: NetName=B2_C Pin=P5-40
Added Member To Class: ClassName=Display Member=Component P2 G630H9812248EU
Added Member To Class: ClassName=Display Member=Component P5 INPUT_B
Added Member To Class: ClassName=Display Member=Component U3 SN74HCT245DWR
Added Member To Class: ClassName=Display Member=Component U4 SN74HCT245DWR
Added Room: Name=Display
