Removed Pin From Net: NetName=GND Pin=P1-1
Removed Pin From Net: NetName=GND Pin=P1-20
Removed Pin From Net: NetName=GND Pin=P1-30
Removed Pin From Net: NetName=GND Pin=P1-34
Removed Pin From Net: NetName=GND Pin=U1-10
Change Component Designator: OldDesignator=J2 NewDesignator=J4
Change Component Designator: OldDesignator=J? NewDesignator=j2
Change Component Designator: OldDesignator=U3 NewDesignator=U1
Add Component: Footprint Not Found SAMTEC_PCIE-098-02-X-D-EMS2-BG
Add Component: Footprint Not Found SAMTEC_PCIE-098-02-X-D-EMS2-BG
Added Component: Designator=U3(FP-DW0020A-MFG)
Add component (AddParameter): Name = "Ambient Temperature Range High"; Value = "+85°C"; VariantName = "[No Variations]"
Add component (AddParameter): Name = "Ambient Temperature Range Low"; Value = "-40°C"; VariantName = "[No Variations]"
Add component (AddParameter): Name = "Automotive"; Value = "No"; VariantName = "[No Variations]"
Add component (AddParameter): Name = "Category"; Value = "IC"; VariantName = "[No Variations]"
Add component (AddParameter): Name = "ComponentLink2Description"; Value = "Datasheet"; VariantName = "[No Variations]"
Add component (AddParameter): Name = "ComponentLink2URL"; Value = "http://www.ti.com/lit/ds/symlink/sn74hct245.pdf"; VariantName = "[No Variations]"
Add component (AddParameter): Name = "Device Class L1"; Value = "Integrated Circuits (ICs)"; VariantName = "[No Variations]"
Add component (AddParameter): Name = "Device Class L2"; Value = "Logic ICs"; VariantName = "[No Variations]"
Add component (AddParameter): Name = "Device Class L3"; Value = "Drivers and Transceivers"; VariantName = "[No Variations]"
Add component (AddParameter): Name = "Digikey Description"; Value = "IC TXRX NON-INVERT 5.5V 20SOIC"; VariantName = "[No Variations]"
Add component (AddParameter): Name = "Frequency"; Value = "25MHz"; VariantName = "[No Variations]"
Add component (AddParameter): Name = "Height"; Value = "2.65mm"; VariantName = "[No Variations]"
Add component (AddParameter): Name = "Ipc Land Pattern Name"; Value = "SOIC127P1030X265-20"; VariantName = "[No Variations]"
Add component (AddParameter): Name = "Lead Free"; Value = "Yes"; VariantName = "[No Variations]"
Add component (AddParameter): Name = "Logic Function Desc"; Value = "Non-Inverting"; VariantName = "[No Variations]"
Add component (AddParameter): Name = "Manufacturer"; Value = "Texas Instruments"; VariantName = "[No Variations]"
Add component (AddParameter): Name = "Manufacturer Part Number"; Value = "SN74HCT245DWR"; VariantName = "[No Variations]"
Add component (AddParameter): Name = "Max Junction Temp"; Value = "+150°C"; VariantName = "[No Variations]"
Add component (AddParameter): Name = "Max Supply Voltage"; Value = "5.5V"; VariantName = "[No Variations]"
Add component (AddParameter): Name = "Min Supply Voltage"; Value = "4.5V"; VariantName = "[No Variations]"
Add component (AddParameter): Name = "Mouser Description"; Value = "Octal Bus Transceivers With 3-State Outputs 20-SOIC -40 to 85"; VariantName = "[No Variations]"
Add component (AddParameter): Name = "Nominal Supply Current"; Value = "80uA"; VariantName = "[No Variations]"
Add component (AddParameter): Name = "Number Of Circuits"; Value = "1"; VariantName = "[No Variations]"
Add component (AddParameter): Name = "Number Of Inputs"; Value = "8"; VariantName = "[No Variations]"
Add component (AddParameter): Name = "Number Of Outputs"; Value = "8"; VariantName = "[No Variations]"
Add component (AddParameter): Name = "Octopart"; Value = "https://octopart.com/sn74hct245dwr-texas+instruments-516824"; VariantName = "[No Variations]"
Add component (AddParameter): Name = "Package"; Value = "DW0020A"; VariantName = "[No Variations]"
Add component (AddParameter): Name = "Propagation Delay"; Value = "18ns"; VariantName = "[No Variations]"
Add component (AddParameter): Name = "RoHS"; Value = "TRUE"; VariantName = "[No Variations]"
Add component (AddParameter): Name = "Standoff Height"; Value = "0.1mm"; VariantName = "[No Variations]"
Add component (AddParameter): Name = "Temperature"; Value = "-40°C to +85°C"; VariantName = "[No Variations]"
Add component (AddParameter): Name = "Temperature Range High"; Value = "+85°C"; VariantName = "[No Variations]"
Add component (AddParameter): Name = "Temperature Range Low"; Value = "-40°C"; VariantName = "[No Variations]"
Add Pin To Net: Unknown Pin: Pin J5-A01
Add Pin To Net: Unknown Pin: Pin J5-A02
Add Pin To Net: Unknown Pin: Pin J5-A03
Add Pin To Net: Unknown Pin: Pin J5-A04
Add Pin To Net: Unknown Pin: Pin J5-A05
Add Pin To Net: Unknown Pin: Pin J5-A06
Add Pin To Net: Unknown Pin: Pin J5-A07
Add Pin To Net: Unknown Pin: Pin J5-A08
Add Pin To Net: Unknown Pin: Pin J5-A09
Add Pin To Net: Unknown Pin: Pin J5-A10
Add Pin To Net: Unknown Pin: Pin J5-A11
Add Pin To Net: Unknown Pin: Pin J5-A12
Add Pin To Net: Unknown Pin: Pin J5-A13
Add Pin To Net: Unknown Pin: Pin J5-A14
Add Pin To Net: Unknown Pin: Pin J5-A15
Add Pin To Net: Unknown Pin: Pin J5-A16
Add Pin To Net: Unknown Pin: Pin J5-A17
Add Pin To Net: Unknown Pin: Pin J5-A18
Add Pin To Net: Unknown Pin: Pin J5-A19
Add Pin To Net: Unknown Pin: Pin J5-A20
Add Pin To Net: Unknown Pin: Pin J5-A21
Add Pin To Net: Unknown Pin: Pin J5-A22
Add Pin To Net: Unknown Pin: Pin J5-A23
Add Pin To Net: Unknown Pin: Pin J5-A24
Add Pin To Net: Unknown Pin: Pin J5-A25
Add Pin To Net: Unknown Pin: Pin J5-A26
Add Pin To Net: Unknown Pin: Pin J5-A27
Add Pin To Net: Unknown Pin: Pin J5-A28
Add Pin To Net: Unknown Pin: Pin J5-A29
Add Pin To Net: Unknown Pin: Pin J5-A30
Add Pin To Net: Unknown Pin: Pin J5-A31
Add Pin To Net: Unknown Pin: Pin J5-A32
Add Pin To Net: Unknown Pin: Pin J5-A33
Add Pin To Net: Unknown Pin: Pin J5-A34
Add Pin To Net: Unknown Pin: Pin J5-A35
Add Pin To Net: Unknown Pin: Pin J5-A36
Add Pin To Net: Unknown Pin: Pin J5-A37
Add Pin To Net: Unknown Pin: Pin J5-A38
Add Pin To Net: Unknown Pin: Pin J5-A39
Add Pin To Net: Unknown Pin: Pin J5-A40
Add Pin To Net: Unknown Pin: Pin J5-A41
Add Pin To Net: Unknown Pin: Pin J5-A42
Add Pin To Net: Unknown Pin: Pin J5-A43
Add Pin To Net: Unknown Pin: Pin J5-A44
Add Pin To Net: Unknown Pin: Pin J5-A45
Add Pin To Net: Unknown Pin: Pin J5-A46
Add Pin To Net: Unknown Pin: Pin J5-A47
Add Pin To Net: Unknown Pin: Pin J5-A48
Add Pin To Net: Unknown Pin: Pin J5-A49
Add Pin To Net: Unknown Pin: Pin J5-B01
Add Pin To Net: Unknown Pin: Pin J5-B02
Add Pin To Net: Unknown Pin: Pin J5-B03
Add Pin To Net: Unknown Pin: Pin J5-B04
Add Pin To Net: Unknown Pin: Pin J5-B05
Add Pin To Net: Unknown Pin: Pin J5-B06
Add Pin To Net: Unknown Pin: Pin J5-B07
Add Pin To Net: Unknown Pin: Pin J5-B08
Add Pin To Net: Unknown Pin: Pin J5-B09
Add Pin To Net: Unknown Pin: Pin J5-B10
Add Pin To Net: Unknown Pin: Pin J5-B11
Add Pin To Net: Unknown Pin: Pin J5-B12
Add Pin To Net: Unknown Pin: Pin J5-B13
Add Pin To Net: Unknown Pin: Pin J5-B14
Add Pin To Net: Unknown Pin: Pin J5-B15
Add Pin To Net: Unknown Pin: Pin J5-B16
Add Pin To Net: Unknown Pin: Pin J5-B17
Add Pin To Net: Unknown Pin: Pin J5-B18
Add Pin To Net: Unknown Pin: Pin J5-B19
Add Pin To Net: Unknown Pin: Pin J5-B20
Add Pin To Net: Unknown Pin: Pin J5-B21
Add Pin To Net: Unknown Pin: Pin J5-B22
Add Pin To Net: Unknown Pin: Pin J5-B23
Add Pin To Net: Unknown Pin: Pin J5-B24
Add Pin To Net: Unknown Pin: Pin J5-B25
Add Pin To Net: Unknown Pin: Pin J5-B26
Add Pin To Net: Unknown Pin: Pin J5-B27
Add Pin To Net: Unknown Pin: Pin J5-B28
Add Pin To Net: Unknown Pin: Pin J5-B29
Add Pin To Net: Unknown Pin: Pin J5-B30
Add Pin To Net: Unknown Pin: Pin J5-B31
Add Pin To Net: Unknown Pin: Pin J5-B32
Add Pin To Net: Unknown Pin: Pin J5-B33
Add Pin To Net: Unknown Pin: Pin J5-B34
Add Pin To Net: Unknown Pin: Pin J5-B35
Add Pin To Net: Unknown Pin: Pin J5-B36
Add Pin To Net: Unknown Pin: Pin J5-B37
Add Pin To Net: Unknown Pin: Pin J5-B38
Add Pin To Net: Unknown Pin: Pin J5-B39
Add Pin To Net: Unknown Pin: Pin J5-B40
Add Pin To Net: Unknown Pin: Pin J5-B41
Add Pin To Net: Unknown Pin: Pin J5-B42
Add Pin To Net: Unknown Pin: Pin J5-B43
Add Pin To Net: Unknown Pin: Pin J5-B44
Add Pin To Net: Unknown Pin: Pin J5-B45
Add Pin To Net: Unknown Pin: Pin J5-B46
Add Pin To Net: Unknown Pin: Pin J5-B47
Add Pin To Net: Unknown Pin: Pin J5-B48
Add Pin To Net: Unknown Pin: Pin J5-B49
Add Pin To Net: Unknown Pin: Pin J6-A01
Add Pin To Net: Unknown Pin: Pin J6-A02
Add Pin To Net: Unknown Pin: Pin J6-A03
Add Pin To Net: Unknown Pin: Pin J6-A04
Add Pin To Net: Unknown Pin: Pin J6-A05
Add Pin To Net: Unknown Pin: Pin J6-A06
Add Pin To Net: Unknown Pin: Pin J6-A07
Add Pin To Net: Unknown Pin: Pin J6-A08
Add Pin To Net: Unknown Pin: Pin J6-A09
Add Pin To Net: Unknown Pin: Pin J6-A10
Add Pin To Net: Unknown Pin: Pin J6-A11
Add Pin To Net: Unknown Pin: Pin J6-A12
Add Pin To Net: Unknown Pin: Pin J6-A13
Add Pin To Net: Unknown Pin: Pin J6-A14
Add Pin To Net: Unknown Pin: Pin J6-A15
Add Pin To Net: Unknown Pin: Pin J6-A16
Add Pin To Net: Unknown Pin: Pin J6-A17
Add Pin To Net: Unknown Pin: Pin J6-A18
Add Pin To Net: Unknown Pin: Pin J6-A19
Add Pin To Net: Unknown Pin: Pin J6-A20
Add Pin To Net: Unknown Pin: Pin J6-A21
Add Pin To Net: Unknown Pin: Pin J6-A22
Add Pin To Net: Unknown Pin: Pin J6-A23
Add Pin To Net: Unknown Pin: Pin J6-A24
Add Pin To Net: Unknown Pin: Pin J6-A25
Add Pin To Net: Unknown Pin: Pin J6-A26
Add Pin To Net: Unknown Pin: Pin J6-A27
Add Pin To Net: Unknown Pin: Pin J6-A28
Add Pin To Net: Unknown Pin: Pin J6-A29
Add Pin To Net: Unknown Pin: Pin J6-A30
Add Pin To Net: Unknown Pin: Pin J6-A31
Add Pin To Net: Unknown Pin: Pin J6-A32
Add Pin To Net: Unknown Pin: Pin J6-A33
Add Pin To Net: Unknown Pin: Pin J6-A34
Add Pin To Net: Unknown Pin: Pin J6-A35
Add Pin To Net: Unknown Pin: Pin J6-A36
Add Pin To Net: Unknown Pin: Pin J6-A37
Add Pin To Net: Unknown Pin: Pin J6-A38
Add Pin To Net: Unknown Pin: Pin J6-A39
Add Pin To Net: Unknown Pin: Pin J6-A40
Add Pin To Net: Unknown Pin: Pin J6-A41
Add Pin To Net: Unknown Pin: Pin J6-A42
Add Pin To Net: Unknown Pin: Pin J6-A43
Add Pin To Net: Unknown Pin: Pin J6-A44
Add Pin To Net: Unknown Pin: Pin J6-A45
Add Pin To Net: Unknown Pin: Pin J6-A46
Add Pin To Net: Unknown Pin: Pin J6-A47
Add Pin To Net: Unknown Pin: Pin J6-A48
Add Pin To Net: Unknown Pin: Pin J6-A49
Add Pin To Net: Unknown Pin: Pin J6-B01
Add Pin To Net: Unknown Pin: Pin J6-B02
Add Pin To Net: Unknown Pin: Pin J6-B03
Add Pin To Net: Unknown Pin: Pin J6-B04
Add Pin To Net: Unknown Pin: Pin J6-B05
Add Pin To Net: Unknown Pin: Pin J6-B06
Add Pin To Net: Unknown Pin: Pin J6-B07
Add Pin To Net: Unknown Pin: Pin J6-B08
Add Pin To Net: Unknown Pin: Pin J6-B09
Add Pin To Net: Unknown Pin: Pin J6-B10
Add Pin To Net: Unknown Pin: Pin J6-B11
Add Pin To Net: Unknown Pin: Pin J6-B12
Add Pin To Net: Unknown Pin: Pin J6-B13
Add Pin To Net: Unknown Pin: Pin J6-B14
Add Pin To Net: Unknown Pin: Pin J6-B15
Add Pin To Net: Unknown Pin: Pin J6-B16
Add Pin To Net: Unknown Pin: Pin J6-B17
Add Pin To Net: Unknown Pin: Pin J6-B18
Add Pin To Net: Unknown Pin: Pin J6-B19
Add Pin To Net: Unknown Pin: Pin J6-B20
Add Pin To Net: Unknown Pin: Pin J6-B21
Add Pin To Net: Unknown Pin: Pin J6-B22
Add Pin To Net: Unknown Pin: Pin J6-B23
Add Pin To Net: Unknown Pin: Pin J6-B24
Add Pin To Net: Unknown Pin: Pin J6-B25
Add Pin To Net: Unknown Pin: Pin J6-B26
Add Pin To Net: Unknown Pin: Pin J6-B27
Add Pin To Net: Unknown Pin: Pin J6-B28
Add Pin To Net: Unknown Pin: Pin J6-B29
Add Pin To Net: Unknown Pin: Pin J6-B30
Add Pin To Net: Unknown Pin: Pin J6-B31
Add Pin To Net: Unknown Pin: Pin J6-B32
Add Pin To Net: Unknown Pin: Pin J6-B33
Add Pin To Net: Unknown Pin: Pin J6-B34
Add Pin To Net: Unknown Pin: Pin J6-B35
Add Pin To Net: Unknown Pin: Pin J6-B36
Add Pin To Net: Unknown Pin: Pin J6-B37
Add Pin To Net: Unknown Pin: Pin J6-B38
Add Pin To Net: Unknown Pin: Pin J6-B39
Add Pin To Net: Unknown Pin: Pin J6-B40
Add Pin To Net: Unknown Pin: Pin J6-B41
Add Pin To Net: Unknown Pin: Pin J6-B42
Add Pin To Net: Unknown Pin: Pin J6-B43
Add Pin To Net: Unknown Pin: Pin J6-B44
Add Pin To Net: Unknown Pin: Pin J6-B45
Add Pin To Net: Unknown Pin: Pin J6-B46
Add Pin To Net: Unknown Pin: Pin J6-B47
Add Pin To Net: Unknown Pin: Pin J6-B48
Add Pin To Net: Unknown Pin: Pin J6-B49
Added Pin To Net: NetName=5V Pin=U2-1
Added Pin To Net: NetName=GND Pin=U2-19
Added Pin To Net: NetName=5V Pin=U2-20
Added Pin To Net: NetName=5V Pin=U3-1
Added Pin To Net: NetName=GND Pin=U3-10
Added Pin To Net: NetName=GND Pin=U3-19
Added Pin To Net: NetName=5V Pin=U3-20
Added Pin To Net: NetName=5V Pin=U4-1
Added Pin To Net: NetName=GND Pin=U4-19
Added Pin To Net: NetName=5V Pin=U4-20
Added Pin To Net: NetName=5V Pin=U5-1
Added Pin To Net: NetName=GND Pin=U5-19
Added Pin To Net: NetName=5V Pin=U5-20
Added Pin To Net: NetName=3V3 Pin=P1-1
Added Pin To Net: NetName=3V3 Pin=P1-17
Added Net: Name=3V3
Added Pin To Net: NetName=NetP1_20 Pin=P1-20
Added Pin To Net: NetName=NetP1_20 Pin=P1-30
Added Pin To Net: NetName=NetP1_20 Pin=P1-34
Added Net: Name=NetP1_20
Added Pin To Net: NetName=SCL Pin=P1-28
Added Pin To Net: NetName=SCL Pin=U1-12
Added Net: Name=SCL
Added Pin To Net: NetName=SDA Pin=P1-27
Added Pin To Net: NetName=SDA Pin=U1-13
Added Net: Name=SDA
Added Member To Class: ClassName=Display Member=Component J4 BOTTOM
Add Class Member: Failed to add class member : Component J5 PCIE-098-02-X-D-EMS2-BG
Add Class Member: Failed to add class member : Component J6 PCIE-098-02-X-D-EMS2-BG
Added Member To Class: ClassName=Display Member=Component U3 SN74HCT245DWR
Added Room: Name=Card_Edge_Connector_Adapter
Added Room: Name=Display
