Removed Pin From Net: NetName=A Pin=P7-9
Removed Pin From Net: NetName=B Pin=P7-10
Removed Pin From Net: NetName=C Pin=P7-11
Removed Pin From Net: NetName=D Pin=P7-12
Removed Pin From Net: NetName=CLK Pin=P7-13
Removed Pin From Net: NetName=LAT Pin=P7-14
Removed Pin From Net: NetName=OE Pin=P7-15
Change Component Comment : Designator=P7 Old Comment=INPUT New Comment=INPUT_B
Change Component Comment : Designator=P6 Old Comment=OUTPUT New Comment=OUTPUT_B
Added Pin To Net: NetName=R1_B_BUFF Pin=P7-1
Added Pin To Net: NetName=G1_B_BUFF Pin=P7-2
Added Pin To Net: NetName=B1_B_BUFF Pin=P7-3
Added Pin To Net: NetName=R2_B_BUFF Pin=P7-5
Added Pin To Net: NetName=G2_B_BUFF Pin=P7-6
Added Pin To Net: NetName=B2_B_BUFF Pin=P7-7
Added Pin To Net: NetName=A_BUFF Pin=P7-9
Added Pin To Net: NetName=B_BUFF Pin=P7-10
Added Pin To Net: NetName=C_BUFF Pin=P7-11
Added Pin To Net: NetName=D_BUFF Pin=P7-12
Added Pin To Net: NetName=CLK_B_BUFF Pin=P7-13
Added Pin To Net: NetName=LAT_B_BUFF Pin=P7-14
Added Pin To Net: NetName=OE_B_BUFF Pin=P7-15
Change Net Name : Old Net Name=AO New Net Name=A_O
Change Net Name : Old Net Name=B1O New Net Name=B1_O
Change Net Name : Old Net Name=B2O New Net Name=B2_O
Change Net Name : Old Net Name=BO New Net Name=B_O
Change Net Name : Old Net Name=CLKO New Net Name=CLK_O
Change Net Name : Old Net Name=CO New Net Name=C_O
Change Net Name : Old Net Name=DO New Net Name=D_O
Change Net Name : Old Net Name=G1O New Net Name=G1_O
Change Net Name : Old Net Name=G2O New Net Name=G2_O
Change Net Name : Old Net Name=LATO New Net Name=LAT_O
Change Net Name : Old Net Name=OEO New Net Name=OE_O
Change Net Name : Old Net Name=R1O New Net Name=R1_O
Change Net Name : Old Net Name=R2O New Net Name=R2_O
Added Room: Name=Display
