Added Component: Designator=P4(HDR2X20)
Add component (AddParameter): Name = "LatestRevisionDate"; Value = "17-Jul-2002"; VariantName = "[No Variations]"
Add component (AddParameter): Name = "LatestRevisionNote"; Value = "Re-released for DXP Platform."; VariantName = "[No Variations]"
Add component (AddParameter): Name = "Publisher"; Value = "Altium Limited"; VariantName = "[No Variations]"
Added Pin To Net: NetName=3V3 Pin=P4-1
Added Pin To Net: NetName=5V Pin=P4-2
Added Pin To Net: NetName=G1_C Pin=P4-3
Added Pin To Net: NetName=5V Pin=P4-4
Added Pin To Net: NetName=B1_C Pin=P4-5
Added Pin To Net: NetName=GND Pin=P4-6
Added Pin To Net: NetName=LAT Pin=P4-7
Added Pin To Net: NetName=R1_C Pin=P4-8
Added Pin To Net: NetName=GND Pin=P4-9
Added Pin To Net: NetName=E Pin=P4-10
Added Pin To Net: NetName=CLK Pin=P4-11
Added Pin To Net: NetName=OE Pin=P4-12
Added Pin To Net: NetName=G1_A Pin=P4-13
Added Pin To Net: NetName=GND Pin=P4-14
Added Pin To Net: NetName=A Pin=P4-15
Added Pin To Net: NetName=B Pin=P4-16
Added Pin To Net: NetName=3V3 Pin=P4-17
Added Pin To Net: NetName=C Pin=P4-18
Added Pin To Net: NetName=B2_A Pin=P4-19
Added Pin To Net: NetName=GND Pin=P4-20
Added Pin To Net: NetName=G2_A Pin=P4-21
Added Pin To Net: NetName=D Pin=P4-22
Added Pin To Net: NetName=R1_A Pin=P4-23
Added Pin To Net: NetName=R2_A Pin=P4-24
Added Pin To Net: NetName=GND Pin=P4-25
Added Pin To Net: NetName=B1_A Pin=P4-26
Added Pin To Net: NetName=SDA Pin=P4-27
Added Pin To Net: NetName=SCL Pin=P4-28
Added Pin To Net: NetName=G1_B Pin=P4-29
Added Pin To Net: NetName=GND Pin=P4-30
Added Pin To Net: NetName=B1_B Pin=P4-31
Added Pin To Net: NetName=R1_B Pin=P4-32
Added Pin To Net: NetName=G2_B Pin=P4-33
Added Pin To Net: NetName=GND Pin=P4-34
Added Pin To Net: NetName=R2_B Pin=P4-35
Added Pin To Net: NetName=G2_C Pin=P4-36
Added Pin To Net: NetName=R2_C Pin=P4-37
Added Pin To Net: NetName=B2_B Pin=P4-38
Added Pin To Net: NetName=GND Pin=P4-39
Added Pin To Net: NetName=B2_C Pin=P4-40
Added Member To Class: ClassName=Display Member=Component P4 RASPI
Added Member To Class: ClassName=Display Member=Component P5 INPUT_B
Added Member To Class: ClassName=Display Member=Component R8 RC1206JR-070RL
Added Member To Class: ClassName=Display Member=Component R9 RC1206JR-070RL
Added Room: Name=Display
