Removed Member From Class: ClassName=Display Member=P?
Change Component Designator: OldDesignator=P1 NewDesignator=P4
Change Component Designator: OldDesignator=P2 NewDesignator=P5
Change Component Designator: OldDesignator=P3 NewDesignator=P6
Change Component Designator: OldDesignator=P? NewDesignator=P1
Change Component Designator: OldDesignator=P? NewDesignator=P2
Change Component Designator: OldDesignator=P? NewDesignator=P3
Change Component Designator: OldDesignator=P? NewDesignator=P7
Add Component: Footprint Not Found SAMTEC_PCIE-098-02-X-D-EMS2-BG
Add Component: Footprint Not Found SAMTEC_PCIE-098-02-X-D-EMS2-BG
Add Pin To Net: Unknown Pin: Pin J1-B01
Add Pin To Net: Unknown Pin: Pin J1-B02
Add Pin To Net: Unknown Pin: Pin J1-B03
Add Pin To Net: Unknown Pin: Pin J1-B04
Add Pin To Net: Unknown Pin: Pin J1-B05
Add Pin To Net: Unknown Pin: Pin J1-B06
Add Pin To Net: Unknown Pin: Pin J1-B07
Add Pin To Net: Unknown Pin: Pin J1-B08
Add Pin To Net: Unknown Pin: Pin J1-B09
Add Pin To Net: Unknown Pin: Pin J1-B10
Add Pin To Net: Unknown Pin: Pin J1-B11
Add Pin To Net: Unknown Pin: Pin J1-B12
Add Pin To Net: Unknown Pin: Pin J1-B13
Add Pin To Net: Unknown Pin: Pin J1-B14
Add Pin To Net: Unknown Pin: Pin J1-B15
Add Pin To Net: Unknown Pin: Pin J1-B16
Add Pin To Net: Unknown Pin: Pin J1-B17
Add Pin To Net: Unknown Pin: Pin J1-B18
Add Pin To Net: Unknown Pin: Pin J1-B19
Add Pin To Net: Unknown Pin: Pin J1-B20
Add Pin To Net: Unknown Pin: Pin J1-B21
Add Pin To Net: Unknown Pin: Pin J1-B22
Add Pin To Net: Unknown Pin: Pin J1-B23
Add Pin To Net: Unknown Pin: Pin J1-B24
Add Pin To Net: Unknown Pin: Pin J1-B25
Add Pin To Net: Unknown Pin: Pin J1-B26
Add Pin To Net: Unknown Pin: Pin J1-B27
Add Pin To Net: Unknown Pin: Pin J1-B28
Add Pin To Net: Unknown Pin: Pin J1-B29
Add Pin To Net: Unknown Pin: Pin J1-B30
Add Pin To Net: Unknown Pin: Pin J1-B31
Add Pin To Net: Unknown Pin: Pin J1-B32
Add Pin To Net: Unknown Pin: Pin J1-B33
Add Pin To Net: Unknown Pin: Pin J1-B34
Add Pin To Net: Unknown Pin: Pin J1-B35
Add Pin To Net: Unknown Pin: Pin J1-B36
Add Pin To Net: Unknown Pin: Pin J1-B37
Add Pin To Net: Unknown Pin: Pin J1-B38
Add Pin To Net: Unknown Pin: Pin J1-B39
Add Pin To Net: Unknown Pin: Pin J1-B40
Add Pin To Net: Unknown Pin: Pin J1-B41
Add Pin To Net: Unknown Pin: Pin J1-B42
Add Pin To Net: Unknown Pin: Pin J1-B43
Add Pin To Net: Unknown Pin: Pin J1-B44
Add Pin To Net: Unknown Pin: Pin J1-B45
Add Pin To Net: Unknown Pin: Pin J1-B46
Add Pin To Net: Unknown Pin: Pin J1-B47
Add Pin To Net: Unknown Pin: Pin J1-B48
Add Pin To Net: Unknown Pin: Pin J1-B49
Add Pin To Net: Unknown Pin: Pin J2-B01
Add Pin To Net: Unknown Pin: Pin J2-B02
Add Pin To Net: Unknown Pin: Pin J2-B03
Add Pin To Net: Unknown Pin: Pin J2-B04
Add Pin To Net: Unknown Pin: Pin J2-B05
Add Pin To Net: Unknown Pin: Pin J2-B06
Add Pin To Net: Unknown Pin: Pin J2-B07
Add Pin To Net: Unknown Pin: Pin J2-B08
Add Pin To Net: Unknown Pin: Pin J2-B09
Add Pin To Net: Unknown Pin: Pin J2-B10
Add Pin To Net: Unknown Pin: Pin J2-B11
Add Pin To Net: Unknown Pin: Pin J2-B12
Add Pin To Net: Unknown Pin: Pin J2-B13
Add Pin To Net: Unknown Pin: Pin J2-B14
Add Pin To Net: Unknown Pin: Pin J2-B15
Add Pin To Net: Unknown Pin: Pin J2-B16
Add Pin To Net: Unknown Pin: Pin J2-B17
Add Pin To Net: Unknown Pin: Pin J2-B18
Add Pin To Net: Unknown Pin: Pin J2-B19
Add Pin To Net: Unknown Pin: Pin J2-B20
Add Pin To Net: Unknown Pin: Pin J2-B21
Add Pin To Net: Unknown Pin: Pin J2-B22
Add Pin To Net: Unknown Pin: Pin J2-B23
Add Pin To Net: Unknown Pin: Pin J2-B24
Add Pin To Net: Unknown Pin: Pin J2-B25
Add Pin To Net: Unknown Pin: Pin J2-B26
Add Pin To Net: Unknown Pin: Pin J2-B27
Add Pin To Net: Unknown Pin: Pin J2-B28
Add Pin To Net: Unknown Pin: Pin J2-B29
Add Pin To Net: Unknown Pin: Pin J2-B30
Add Pin To Net: Unknown Pin: Pin J2-B31
Add Pin To Net: Unknown Pin: Pin J2-B32
Add Pin To Net: Unknown Pin: Pin J2-B33
Add Pin To Net: Unknown Pin: Pin J2-B34
Add Pin To Net: Unknown Pin: Pin J2-B35
Add Pin To Net: Unknown Pin: Pin J2-B36
Add Pin To Net: Unknown Pin: Pin J2-B37
Add Pin To Net: Unknown Pin: Pin J2-B38
Add Pin To Net: Unknown Pin: Pin J2-B39
Add Pin To Net: Unknown Pin: Pin J2-B40
Add Pin To Net: Unknown Pin: Pin J2-B41
Add Pin To Net: Unknown Pin: Pin J2-B42
Add Pin To Net: Unknown Pin: Pin J2-B43
Add Pin To Net: Unknown Pin: Pin J2-B44
Add Pin To Net: Unknown Pin: Pin J2-B45
Add Pin To Net: Unknown Pin: Pin J2-B46
Add Pin To Net: Unknown Pin: Pin J2-B47
Add Pin To Net: Unknown Pin: Pin J2-B48
Add Pin To Net: Unknown Pin: Pin J2-B49
Change Net Name : Old Net Name=NetP1_20 New Net Name=NetP4_20
Added Net: Name=NetJ1_A01
Added Net: Name=NetJ1_A02
Added Net: Name=NetJ1_A03
Added Net: Name=NetJ1_A04
Added Net: Name=NetJ1_A05
Added Net: Name=NetJ1_A06
Added Net: Name=NetJ1_A07
Added Net: Name=NetJ1_A08
Added Net: Name=NetJ1_A09
Added Net: Name=NetJ1_A10
Added Net: Name=NetJ1_A11
Added Net: Name=NetJ1_A12
Added Net: Name=NetJ1_A13
Added Net: Name=NetJ1_A14
Added Net: Name=NetJ1_A15
Added Net: Name=NetJ1_A16
Added Net: Name=NetJ1_A17
Added Net: Name=NetJ1_A18
Added Net: Name=NetJ1_A19
Added Net: Name=NetJ1_A20
Added Net: Name=NetJ1_A21
Added Net: Name=NetJ1_A22
Added Net: Name=NetJ1_A23
Added Net: Name=NetJ1_A24
Added Net: Name=NetJ1_A25
Added Net: Name=NetJ1_A26
Added Net: Name=NetJ1_A27
Added Net: Name=NetJ1_A28
Added Net: Name=NetJ1_A29
Added Net: Name=NetJ1_A30
Added Net: Name=NetJ1_A31
Added Net: Name=NetJ1_A32
Added Net: Name=NetJ1_A33
Added Net: Name=NetJ1_A34
Added Net: Name=NetJ1_A35
Added Net: Name=NetJ1_A36
Added Net: Name=NetJ1_A37
Added Net: Name=NetJ1_A38
Added Net: Name=NetJ1_A39
Added Net: Name=NetJ1_A40
Added Net: Name=NetJ1_A41
Added Net: Name=NetJ1_A42
Added Net: Name=NetJ1_A43
Added Net: Name=NetJ1_A44
Added Net: Name=NetJ1_A45
Added Net: Name=NetJ1_A46
Added Net: Name=NetJ1_A47
Added Net: Name=NetJ1_A48
Added Net: Name=NetJ1_A49
Add Class Member: Failed to add class member : Component J1 PCIE-098-02-X-D-EMS2-BG
Add Class Member: Failed to add class member : Component J2 PCIE-098-02-X-D-EMS2-BG
Added Member To Class: ClassName=Display Member=Component P2 G630H9812248EU
Added Member To Class: ClassName=Display Member=Component P3 G630H9812248EU
Added Member To Class: ClassName=Display Member=Component P4 RASPI
Added Member To Class: ClassName=Display Member=Component P5 INPUT
Added Member To Class: ClassName=Display Member=Component P6 OUTPUT
Added Member To Class: ClassName=Display Member=Component P7 G630H9812248EU
Added Room: Name=Card_Edge_Connector_Adapter
Added Room: Name=Display
