Removed Member From Class: ClassName=Display Member=P1
Removed Member From Class: ClassName=Display Member=P2
Removed Member From Class: ClassName=Display Member=P7
Added Component: Designator=P?(AMPHENOL_G630H9812248EU)
Add component (AddParameter): Name = "Digi-Key_Part_Number"; Value = "G630H9812248EU-ND"; VariantName = "[No Variations]"
Add component (AddParameter): Name = "DOWN"; Value = ""; VariantName = "[No Variations]"
Add component (AddParameter): Name = "MF"; Value = "Amphenol ICC"; VariantName = "[No Variations]"
Add component (AddParameter): Name = "MP"; Value = "G630H9812248EU"; VariantName = "[No Variations]"
Add component (AddParameter): Name = "Package"; Value = "None"; VariantName = "[No Variations]"
Add component (AddParameter): Name = "Purchase-URL"; Value = "https://pricing.snapeda.com/search/part/G630H9812248EU/?ref=eda"; VariantName = "[No Variations]"
Add component (AddParameter): Name = "SnapEDA_Link"; Value = "https://www.snapeda.com/parts/G630H9812248EU/Amphenol%20FCI/view-part/704000/?ref=snap"; VariantName = "[No Variations]"
Add component (AddParameter): Name = "Value"; Value = ""; VariantName = "[No Variations]"
Added Component: Designator=P?(AMPHENOL_G630H9812248EU)
Add component (AddParameter): Name = "Digi-Key_Part_Number"; Value = "G630H9812248EU-ND"; VariantName = "[No Variations]"
Add component (AddParameter): Name = "MF"; Value = "Amphenol ICC"; VariantName = "[No Variations]"
Add component (AddParameter): Name = "MP"; Value = "G630H9812248EU"; VariantName = "[No Variations]"
Add component (AddParameter): Name = "Package"; Value = "None"; VariantName = "[No Variations]"
Add component (AddParameter): Name = "Purchase-URL"; Value = "https://pricing.snapeda.com/search/part/G630H9812248EU/?ref=eda"; VariantName = "[No Variations]"
Add component (AddParameter): Name = "RIGHT"; Value = ""; VariantName = "[No Variations]"
Add component (AddParameter): Name = "SnapEDA_Link"; Value = "https://www.snapeda.com/parts/G630H9812248EU/Amphenol%20FCI/view-part/704000/?ref=snap"; VariantName = "[No Variations]"
Add component (AddParameter): Name = "Value"; Value = ""; VariantName = "[No Variations]"
Added Component: Designator=P?(AMPHENOL_G630H9812248EU)
Add component (AddParameter): Name = "Digi-Key_Part_Number"; Value = "G630H9812248EU-ND"; VariantName = "[No Variations]"
Add component (AddParameter): Name = "MF"; Value = "Amphenol ICC"; VariantName = "[No Variations]"
Add component (AddParameter): Name = "MP"; Value = "G630H9812248EU"; VariantName = "[No Variations]"
Add component (AddParameter): Name = "Package"; Value = "None"; VariantName = "[No Variations]"
Add component (AddParameter): Name = "Purchase-URL"; Value = "https://pricing.snapeda.com/search/part/G630H9812248EU/?ref=eda"; VariantName = "[No Variations]"
Add component (AddParameter): Name = "SnapEDA_Link"; Value = "https://www.snapeda.com/parts/G630H9812248EU/Amphenol%20FCI/view-part/704000/?ref=snap"; VariantName = "[No Variations]"
Add component (AddParameter): Name = "UP"; Value = ""; VariantName = "[No Variations]"
Add component (AddParameter): Name = "Value"; Value = ""; VariantName = "[No Variations]"
Added Pin To Net: NetName=5V Pin=P?-A1
Added Pin To Net: NetName=5V Pin=P?-A1
Added Pin To Net: NetName=5V Pin=P?-A1
Added Pin To Net: NetName=5V Pin=P?-A2
Added Pin To Net: NetName=5V Pin=P?-A2
Added Pin To Net: NetName=5V Pin=P?-A2
Added Pin To Net: NetName=5V Pin=P?-A3
Added Pin To Net: NetName=5V Pin=P?-A3
Added Pin To Net: NetName=5V Pin=P?-A3
Added Pin To Net: NetName=5V Pin=P?-A4
Added Pin To Net: NetName=5V Pin=P?-A4
Added Pin To Net: NetName=5V Pin=P?-A4
Added Pin To Net: NetName=5V Pin=P?-A5
Added Pin To Net: NetName=5V Pin=P?-A5
Added Pin To Net: NetName=5V Pin=P?-A5
Added Pin To Net: NetName=5V Pin=P?-A6
Added Pin To Net: NetName=5V Pin=P?-A6
Added Pin To Net: NetName=5V Pin=P?-A6
Added Pin To Net: NetName=5V Pin=P?-A7
Added Pin To Net: NetName=5V Pin=P?-A7
Added Pin To Net: NetName=5V Pin=P?-A7
Added Pin To Net: NetName=5V Pin=P?-A8
Added Pin To Net: NetName=5V Pin=P?-A8
Added Pin To Net: NetName=5V Pin=P?-A8
Added Pin To Net: NetName=5V Pin=P?-A9
Added Pin To Net: NetName=5V Pin=P?-A9
Added Pin To Net: NetName=5V Pin=P?-A9
Added Pin To Net: NetName=5V Pin=P?-A10
Added Pin To Net: NetName=5V Pin=P?-A10
Added Pin To Net: NetName=5V Pin=P?-A10
Added Pin To Net: NetName=5V Pin=P?-A11
Added Pin To Net: NetName=5V Pin=P?-A11
Added Pin To Net: NetName=5V Pin=P?-A11
Added Pin To Net: NetName=GND Pin=P?-B1
Added Pin To Net: NetName=GND Pin=P?-B1
Added Pin To Net: NetName=GND Pin=P?-B1
Added Pin To Net: NetName=GND Pin=P?-B2
Added Pin To Net: NetName=GND Pin=P?-B2
Added Pin To Net: NetName=GND Pin=P?-B2
Added Pin To Net: NetName=GND Pin=P?-B3
Added Pin To Net: NetName=GND Pin=P?-B3
Added Pin To Net: NetName=GND Pin=P?-B3
Added Pin To Net: NetName=GND Pin=P?-B4
Added Pin To Net: NetName=GND Pin=P?-B4
Added Pin To Net: NetName=GND Pin=P?-B4
Added Pin To Net: NetName=GND Pin=P?-B5
Added Pin To Net: NetName=GND Pin=P?-B5
Added Pin To Net: NetName=GND Pin=P?-B5
Added Pin To Net: NetName=GND Pin=P?-B6
Added Pin To Net: NetName=GND Pin=P?-B6
Added Pin To Net: NetName=GND Pin=P?-B6
Added Pin To Net: NetName=GND Pin=P?-B7
Added Pin To Net: NetName=GND Pin=P?-B7
Added Pin To Net: NetName=GND Pin=P?-B7
Added Pin To Net: NetName=GND Pin=P?-B8
Added Pin To Net: NetName=GND Pin=P?-B8
Added Pin To Net: NetName=GND Pin=P?-B8
Added Pin To Net: NetName=GND Pin=P?-B9
Added Pin To Net: NetName=GND Pin=P?-B9
Added Pin To Net: NetName=GND Pin=P?-B9
Added Pin To Net: NetName=GND Pin=P?-B10
Added Pin To Net: NetName=GND Pin=P?-B10
Added Pin To Net: NetName=GND Pin=P?-B10
Added Pin To Net: NetName=GND Pin=P?-B11
Added Pin To Net: NetName=GND Pin=P?-B11
Added Pin To Net: NetName=GND Pin=P?-B11
Added Member To Class: ClassName=Display Member=Component P? G630H9812248EU
Added Member To Class: ClassName=Display Member=Component P? G630H9812248EU
Added Member To Class: ClassName=Display Member=Component P? G630H9812248EU
Added Room: Name=Display
