Added Pin To Net: NetName=LAT Pin=P5-7
Added Pin To Net: NetName=CLK Pin=P5-11
Added Pin To Net: NetName=OE Pin=P5-12
Added Pin To Net: NetName=A Pin=P5-15
Added Pin To Net: NetName=GND Pin=P5-16
Added Pin To Net: NetName=C Pin=P5-18
Added Pin To Net: NetName=D Pin=P5-22
Added Pin To Net: NetName=GND Pin=P5-27
Added Pin To Net: NetName=GND Pin=P7-10
Added Pin To Net: NetName=LAT Pin=U2-2
Added Pin To Net: NetName=CLK Pin=U2-3
Added Pin To Net: NetName=A Pin=U2-4
Added Pin To Net: NetName=OE Pin=U2-6
Added Pin To Net: NetName=GND Pin=U2-7
Added Pin To Net: NetName=C Pin=U2-8
Added Pin To Net: NetName=D Pin=U2-9
Added Pin To Net: NetName=GND Pin=U3-13
Added Pin To Net: NetName=LAT Pin=U4-4
Added Pin To Net: NetName=CLK Pin=U4-5
Added Pin To Net: NetName=OE Pin=U4-6
Added Pin To Net: NetName=LAT Pin=U4-7
Added Pin To Net: NetName=CLK Pin=U4-8
Added Pin To Net: NetName=OE Pin=U4-9
Change Net Name : Old Net Name=GND New Net Name=B
Added Pin To Net: NetName=A_BUFF Pin=U2-16
Added Net: Name=A_BUFF
Added Pin To Net: NetName=B1_A_BUFF Pin=U1-13
Added Net: Name=B1_A_BUFF
Added Pin To Net: NetName=B1_A Pin=P5-26
Added Pin To Net: NetName=B1_A Pin=U1-7
Added Net: Name=B1_A
Added Pin To Net: NetName=B1_B_BUFF Pin=U5-11
Added Net: Name=B1_B_BUFF
Added Pin To Net: NetName=B1_B Pin=P5-31
Added Pin To Net: NetName=B1_B Pin=U5-9
Added Net: Name=B1_B
Added Pin To Net: NetName=B1_C_BUFF Pin=U5-17
Added Net: Name=B1_C_BUFF
Added Pin To Net: NetName=B1_C Pin=P5-5
Added Pin To Net: NetName=B1_C Pin=U5-3
Added Net: Name=B1_C
Added Pin To Net: NetName=B2_A_BUFF Pin=U5-15
Added Net: Name=B2_A_BUFF
Added Pin To Net: NetName=B2_A Pin=P5-19
Added Pin To Net: NetName=B2_A Pin=U5-5
Added Net: Name=B2_A
Added Pin To Net: NetName=B2_B_BUFF Pin=U4-18
Added Net: Name=B2_B_BUFF
Added Pin To Net: NetName=B2_B Pin=P5-38
Added Pin To Net: NetName=B2_B Pin=U4-2
Added Net: Name=B2_B
Added Pin To Net: NetName=B2_C_BUFF Pin=U4-17
Added Net: Name=B2_C_BUFF
Added Pin To Net: NetName=B2_C Pin=P5-40
Added Pin To Net: NetName=B2_C Pin=U4-3
Added Net: Name=B2_C
Added Pin To Net: NetName=B_BUFF Pin=U2-13
Added Net: Name=B_BUFF
Added Pin To Net: NetName=C_BUFF Pin=U2-12
Added Net: Name=C_BUFF
Added Pin To Net: NetName=CLK_A_BUFF Pin=U2-17
Added Net: Name=CLK_A_BUFF
Added Pin To Net: NetName=CLK_B_BUFF Pin=U4-15
Added Net: Name=CLK_B_BUFF
Added Pin To Net: NetName=CLK_C_BUFF Pin=U4-12
Added Net: Name=CLK_C_BUFF
Added Pin To Net: NetName=D_BUFF Pin=U2-11
Added Net: Name=D_BUFF
Added Pin To Net: NetName=E_BUFF Pin=U2-15
Added Net: Name=E_BUFF
Added Pin To Net: NetName=E Pin=P5-10
Added Pin To Net: NetName=E Pin=U2-5
Added Net: Name=E
Added Pin To Net: NetName=G1_A_BUFF Pin=U5-16
Added Net: Name=G1_A_BUFF
Added Pin To Net: NetName=G1_A Pin=P5-13
Added Pin To Net: NetName=G1_A Pin=U5-4
Added Net: Name=G1_A
Added Pin To Net: NetName=G1_B_BUFF Pin=U5-12
Added Net: Name=G1_B_BUFF
Added Pin To Net: NetName=G1_B Pin=P5-29
Added Pin To Net: NetName=G1_B Pin=U5-8
Added Net: Name=G1_B
Added Pin To Net: NetName=G1_C_BUFF Pin=U5-18
Added Net: Name=G1_C_BUFF
Added Pin To Net: NetName=G1_C Pin=P5-3
Added Pin To Net: NetName=G1_C Pin=U5-2
Added Net: Name=G1_C
Added Pin To Net: NetName=G2_A_BUFF Pin=U5-14
Added Net: Name=G2_A_BUFF
Added Pin To Net: NetName=G2_A Pin=P5-21
Added Pin To Net: NetName=G2_A Pin=U5-6
Added Net: Name=G2_A
Added Pin To Net: NetName=G2_B_BUFF Pin=U1-18
Added Net: Name=G2_B_BUFF
Added Pin To Net: NetName=G2_B Pin=P5-33
Added Pin To Net: NetName=G2_B Pin=U1-2
Added Net: Name=G2_B
Added Pin To Net: NetName=G2_C_BUFF Pin=U1-11
Added Net: Name=G2_C_BUFF
Added Pin To Net: NetName=G2_C Pin=P5-36
Added Pin To Net: NetName=G2_C Pin=U1-9
Added Net: Name=G2_C
Added Pin To Net: NetName=LAT_A_BUFF Pin=U2-18
Added Net: Name=LAT_A_BUFF
Added Pin To Net: NetName=LAT_B_BUFF Pin=U4-16
Added Net: Name=LAT_B_BUFF
Added Pin To Net: NetName=LAT_C_BUFF Pin=U4-13
Added Net: Name=LAT_C_BUFF
Added Pin To Net: NetName=OE_A_BUFF Pin=U2-14
Added Net: Name=OE_A_BUFF
Added Pin To Net: NetName=OE_B_BUFF Pin=U4-14
Added Net: Name=OE_B_BUFF
Added Pin To Net: NetName=OE_C_BUFF Pin=U4-11
Added Net: Name=OE_C_BUFF
Added Pin To Net: NetName=R1_A_BUFF Pin=U5-13
Added Net: Name=R1_A_BUFF
Added Pin To Net: NetName=R1_A Pin=P5-23
Added Pin To Net: NetName=R1_A Pin=U5-7
Added Net: Name=R1_A
Added Pin To Net: NetName=R1_B_BUFF Pin=U1-12
Added Net: Name=R1_B_BUFF
Added Pin To Net: NetName=R1_B Pin=P5-32
Added Pin To Net: NetName=R1_B Pin=U1-8
Added Net: Name=R1_B
Added Pin To Net: NetName=R1_C_BUFF Pin=U1-15
Added Net: Name=R1_C_BUFF
Added Pin To Net: NetName=R1_C Pin=P5-8
Added Pin To Net: NetName=R1_C Pin=U1-5
Added Net: Name=R1_C
Added Pin To Net: NetName=R2_A_BUFF Pin=U1-14
Added Net: Name=R2_A_BUFF
Added Pin To Net: NetName=R2_A Pin=P5-24
Added Pin To Net: NetName=R2_A Pin=U1-6
Added Net: Name=R2_A
Added Pin To Net: NetName=R2_B_BUFF Pin=U1-17
Added Net: Name=R2_B_BUFF
Added Pin To Net: NetName=R2_B Pin=P5-35
Added Pin To Net: NetName=R2_B Pin=U1-3
Added Net: Name=R2_B
Added Pin To Net: NetName=R2_C_BUFF Pin=U1-16
Added Net: Name=R2_C_BUFF
Added Pin To Net: NetName=R2_C Pin=P5-37
Added Pin To Net: NetName=R2_C Pin=U1-4
Added Net: Name=R2_C
Added Member To Class: ClassName=Display Member=Component P2 G630H9812248EU
Added Member To Class: ClassName=Display Member=Component P3 G630H9812248EU
Added Room: Name=Display
