Removed Member From Class: ClassName=Sheet1 Member=MD?
Change Component Footprint: Designator=U? Old Footprint=FP-751B-05-MFG New Footprint=SOIC-SO28_N
Change Component Comment : Designator=U? Old Comment=MC14504BDR2G New Comment=MCP23017-E/SO
Change Managed Component Library Link : Designator=U? Old VaultGUID=B7D15EC3-160A-466F-A46C-7801FE6295A7 New VaultGUID=B7D15EC3-160A-466F-A46C-7801FE6295A7 Old ItemGUID=1AB5EE44-3FDD-435B-A8AE-8BC6B6763FEA New ItemGUID=A547F0A6-BF6E-4AB4-BFF2-6A93AE89576E Old RevisionGUID=2AEFFAA2-0173-481C-A433-40CF79B1C5A9 New RevisionGUID=C0C0281F-CD8A-41C8-898B-41577C643C57
Change component parameters: Designator = "U?" ("U?"); Footprint = "FP-751B-05-MFG"; UniqueID = "\IVRPRVIP" ("\IVRPRVIP")
Change component parameters (AddParameter): Name = "Code_JEDEC"; Value = "MS-013"; VariantName = "[No Variations]"
Change component parameters (AddParameter): Name = "ComponentLink1Description"; Value = "Manufacturer URL"; VariantName = "[No Variations]"
Change component parameters (AddParameter): Name = "ComponentLink1URL"; Value = "http://www.microchip.com/"; VariantName = "[No Variations]"
Change component parameters (AddParameter): Name = "ComponentLink2Description"; Value = "Datasheet"; VariantName = "[No Variations]"
Change component parameters (AddParameter): Name = "ComponentLink2URL"; Value = "http://ww1.microchip.com/downloads/en/DeviceDoc/21952b.pdf"; VariantName = "[No Variations]"
Change component parameters (AddParameter): Name = "ComponentLink3Description"; Value = "Package Specification"; VariantName = "[No Variations]"
Change component parameters (AddParameter): Name = "ComponentLink3URL"; Value = "http://www.microchip.com/stellent/groups/techpub_sg/documents/packagingspec/en012702.pdf"; VariantName = "[No Variations]"
Change component parameters (AddParameter): Name = "DatasheetVersion"; Value = "revB, Feb-2007"; VariantName = "[No Variations]"
Change component parameters (AddParameter): Name = "PackageDescription"; Value = "28-Lead Plastic Small Outline (SO) - Wide 7.50mm Body [SOIC]"; VariantName = "[No Variations]"
Change component parameters (AddParameter): Name = "PackageReference"; Value = "SOIC-SO28"; VariantName = "[No Variations]"
Change component parameters (AddParameter): Name = "PackageVersion"; Value = "revBB, Aug-2009"; VariantName = "[No Variations]"
Change component parameters (AddParameter): Name = "RevisionNote"; Value = "URLs added."; VariantName = "[No Variations]"
Added Component: Designator=P?(HDR2X20)
Add component (AddParameter): Name = "LatestRevisionDate"; Value = "17-Jul-2002"; VariantName = "[No Variations]"
Add component (AddParameter): Name = "LatestRevisionNote"; Value = "Re-released for DXP Platform."; VariantName = "[No Variations]"
Add component (AddParameter): Name = "Publisher"; Value = "Altium Limited"; VariantName = "[No Variations]"
Added Component: Designator=P?(HDR2X20)
Add component (AddParameter): Name = "LatestRevisionDate"; Value = "17-Jul-2002"; VariantName = "[No Variations]"
Add component (AddParameter): Name = "LatestRevisionNote"; Value = "Re-released for DXP Platform."; VariantName = "[No Variations]"
Add component (AddParameter): Name = "Publisher"; Value = "Altium Limited"; VariantName = "[No Variations]"
Added Pin To Net: NetName=5V Pin=P?-2
Added Pin To Net: NetName=5V Pin=P?-4
Added Net: Name=5V
Added Pin To Net: NetName=GND Pin=P?-6
Added Pin To Net: NetName=GND Pin=P?-14
Added Pin To Net: NetName=GND Pin=P?-20
Added Pin To Net: NetName=GND Pin=P?-30
Added Pin To Net: NetName=GND Pin=P?-34
Added Net: Name=GND
Added Pin To Net: NetName=NetP?_1 Pin=P?-1
Added Pin To Net: NetName=NetP?_1 Pin=P?-17
Added Net: Name=NetP?_1
Added Pin To Net: NetName=NetP?_9 Pin=P?-9
Added Pin To Net: NetName=NetP?_9 Pin=P?-25
Added Pin To Net: NetName=NetP?_9 Pin=P?-39
Added Net: Name=NetP?_9
Added Member To Class: ClassName=Sheet1 Member=Component P? INPUT
Added Member To Class: ClassName=Sheet1 Member=Component P? OUTPUT
Added Member To Class: ClassName=Sheet1 Member=Component P? RASPI
Added Room: Name=Sheet1
