Added Component: Designator=J?(SAMTEC_PCIE-098-02-X-D-EMS2-BG)
Add component (AddParameter): Name = "Availability"; Value = "Unavailable"; VariantName = "[No Variations]"
Add component (AddParameter): Name = "MF"; Value = "Samtec Inc."; VariantName = "[No Variations]"
Add component (AddParameter): Name = "MP"; Value = "PCIE-098-02-X-D-EMS2-BG"; VariantName = "[No Variations]"
Add component (AddParameter): Name = "Package"; Value = "None"; VariantName = "[No Variations]"
Add component (AddParameter): Name = "Price"; Value = "None"; VariantName = "[No Variations]"
Add component (AddParameter): Name = "Value"; Value = ""; VariantName = "[No Variations]"
Added Component: Designator=J?(SAMTEC_PCIE-098-02-X-D-EMS2-BG)
Add component (AddParameter): Name = "Availability"; Value = "Unavailable"; VariantName = "[No Variations]"
Add component (AddParameter): Name = "MF"; Value = "Samtec Inc."; VariantName = "[No Variations]"
Add component (AddParameter): Name = "MP"; Value = "PCIE-098-02-X-D-EMS2-BG"; VariantName = "[No Variations]"
Add component (AddParameter): Name = "Package"; Value = "None"; VariantName = "[No Variations]"
Add component (AddParameter): Name = "Price"; Value = "None"; VariantName = "[No Variations]"
Add component (AddParameter): Name = "Value"; Value = ""; VariantName = "[No Variations]"
Added Component: Designator=J?(SAMTEC_PCIE-098-02-X-D-EMS2-BG)
Add component (AddParameter): Name = "Availability"; Value = "Unavailable"; VariantName = "[No Variations]"
Add component (AddParameter): Name = "MF"; Value = "Samtec Inc."; VariantName = "[No Variations]"
Add component (AddParameter): Name = "MP"; Value = "PCIE-098-02-X-D-EMS2-BG"; VariantName = "[No Variations]"
Add component (AddParameter): Name = "Package"; Value = "None"; VariantName = "[No Variations]"
Add component (AddParameter): Name = "Price"; Value = "None"; VariantName = "[No Variations]"
Add component (AddParameter): Name = "Value"; Value = ""; VariantName = "[No Variations]"
Added Component: Designator=J(SAMTEC_PCIE-098-02-X-D-EMS2-BG)
Add component (AddParameter): Name = "Availability"; Value = "Unavailable"; VariantName = "[No Variations]"
Add component (AddParameter): Name = "MF"; Value = "Samtec Inc."; VariantName = "[No Variations]"
Add component (AddParameter): Name = "MP"; Value = "PCIE-098-02-X-D-EMS2-BG"; VariantName = "[No Variations]"
Add component (AddParameter): Name = "Package"; Value = "None"; VariantName = "[No Variations]"
Add component (AddParameter): Name = "Price"; Value = "None"; VariantName = "[No Variations]"
Add component (AddParameter): Name = "Value"; Value = ""; VariantName = "[No Variations]"
Added Member To Class: ClassName=Sheet1 Member=Component J? PCIE-098-02-X-D-EMS2-BG
Added Member To Class: ClassName=Sheet1 Member=Component J? PCIE-098-02-X-D-EMS2-BG
Added Member To Class: ClassName=Sheet1 Member=Component J? PCIE-098-02-X-D-EMS2-BG
Added Member To Class: ClassName=Sheet1 Member=Component J PCIE-098-02-X-D-EMS2-BG
Added Member To Class: ClassName=Sheet1 Member=Component P? INPUT
Added Member To Class: ClassName=Sheet1 Member=Component P? OUTPUT
Added Member To Class: ClassName=Sheet1 Member=Component U? SN74HCT245DWR
Added Member To Class: ClassName=Sheet1 Member=Component U? SN74HCT245DWR
Added Member To Class: ClassName=Sheet1 Member=Component U? SN74HCT245DWR
Added Member To Class: ClassName=Sheet1 Member=Component U? SN74HCT245DWR
Added Room: Name=Sheet1
