Added Component: Designator=MD?(FP-ESP32-WROOM-32-MFG)
Add component (AddParameter): Name = "Case/Package"; Value = "SMD/SMT"; VariantName = "[No Variations]"
Add component (AddParameter): Name = "Data Rate"; Value = "150Mbps"; VariantName = "[No Variations]"
Add component (AddParameter): Name = "Frequency"; Value = "2.5GHz"; VariantName = "[No Variations]"
Add component (AddParameter): Name = "Max Operating Temperature"; Value = "85°C"; VariantName = "[No Variations]"
Add component (AddParameter): Name = "Min Operating Temperature"; Value = "-40°C"; VariantName = "[No Variations]"
Add component (AddParameter): Name = "Mount"; Value = "Surface Mount"; VariantName = "[No Variations]"
Add component (AddParameter): Name = "Operating Supply Voltage"; Value = "3.6V"; VariantName = "[No Variations]"
Add component (AddParameter): Name = "Package Quantity"; Value = "550"; VariantName = "[No Variations]"
Add component (AddParameter): Name = "Packaging"; Value = "Cut Tape"; VariantName = "[No Variations]"
Add component (AddParameter): Name = "Sensitivity"; Value = "-98dBm"; VariantName = "[No Variations]"
Add component (AddParameter): Name = "Weight"; Value = "0.088185oz"; VariantName = "[No Variations]"
Added Component: Designator=P?(HDR2X8)
Add component (AddParameter): Name = "LatestRevisionDate"; Value = "17-Jul-2002"; VariantName = "[No Variations]"
Add component (AddParameter): Name = "LatestRevisionNote"; Value = "Re-released for DXP Platform."; VariantName = "[No Variations]"
Add component (AddParameter): Name = "Publisher"; Value = "Altium Limited"; VariantName = "[No Variations]"
Added Component: Designator=P?(HDR2X8)
Add component (AddParameter): Name = "LatestRevisionDate"; Value = "17-Jul-2002"; VariantName = "[No Variations]"
Add component (AddParameter): Name = "LatestRevisionNote"; Value = "Re-released for DXP Platform."; VariantName = "[No Variations]"
Add component (AddParameter): Name = "Publisher"; Value = "Altium Limited"; VariantName = "[No Variations]"
Added Component: Designator=U?(FP-751B-05-MFG)
Add component (AddParameter): Name = "Ambient Temperature Range High"; Value = "+125°C"; VariantName = "[No Variations]"
Add component (AddParameter): Name = "Ambient Temperature Range Low"; Value = "-55°C"; VariantName = "[No Variations]"
Add component (AddParameter): Name = "Automotive"; Value = "No"; VariantName = "[No Variations]"
Add component (AddParameter): Name = "Category"; Value = "IC"; VariantName = "[No Variations]"
Add component (AddParameter): Name = "ComponentLink2Description"; Value = "Datasheet"; VariantName = "[No Variations]"
Add component (AddParameter): Name = "ComponentLink2URL"; Value = "https://www.onsemi.com/pub/Collateral/MC14504B-D.PDF"; VariantName = "[No Variations]"
Add component (AddParameter): Name = "Device Class L1"; Value = "Integrated Circuits (ICs)"; VariantName = "[No Variations]"
Add component (AddParameter): Name = "Device Class L2"; Value = "Logic ICs"; VariantName = "[No Variations]"
Add component (AddParameter): Name = "Device Class L3"; Value = "Voltage Level Shifters"; VariantName = "[No Variations]"
Add component (AddParameter): Name = "Digikey Description"; Value = "IC TRNSLTR UNIDIRECTIONAL 16SOIC"; VariantName = "[No Variations]"
Add component (AddParameter): Name = "Footprint Url"; Value = "https://www.onsemi.com/pub/Collateral/751B-05.PDF"; VariantName = "[No Variations]"
Add component (AddParameter): Name = "Height"; Value = "1.75mm"; VariantName = "[No Variations]"
Add component (AddParameter): Name = "Ipc Land Pattern Name"; Value = "SOIC127P600X155-16"; VariantName = "[No Variations]"
Add component (AddParameter): Name = "Lead Free"; Value = "Yes"; VariantName = "[No Variations]"
Add component (AddParameter): Name = "Logic Function Desc"; Value = "Non-Inverting"; VariantName = "[No Variations]"
Add component (AddParameter): Name = "Manufacturer"; Value = "ON Semiconductor"; VariantName = "[No Variations]"
Add component (AddParameter): Name = "Manufacturer Part Number"; Value = "MC14504BDR2G"; VariantName = "[No Variations]"
Add component (AddParameter): Name = "Max Supply Voltage"; Value = "18V"; VariantName = "[No Variations]"
Add component (AddParameter): Name = "Min Supply Voltage"; Value = "3V"; VariantName = "[No Variations]"
Add component (AddParameter): Name = "Mouser Description"; Value = "Voltage Level Shifter CMOS/TTL to CMOS 6 Unidirectional Automotive 16-Pin SOIC T/R"; VariantName = "[No Variations]"
Add component (AddParameter): Name = "Number Of Circuits"; Value = "6"; VariantName = "[No Variations]"
Add component (AddParameter): Name = "Number Of Inputs"; Value = "1"; VariantName = "[No Variations]"
Add component (AddParameter): Name = "Number Of Outputs"; Value = "1"; VariantName = "[No Variations]"
Add component (AddParameter): Name = "Octopart"; Value = "https://octopart.com/mc14504bdr2g-on+semiconductor-519067"; VariantName = "[No Variations]"
Add component (AddParameter): Name = "Package"; Value = "751B-05"; VariantName = "[No Variations]"
Add component (AddParameter): Name = "Propagation Delay"; Value = "175ns"; VariantName = "[No Variations]"
Add component (AddParameter): Name = "Quiescent Current"; Value = "0.0005-2500uA"; VariantName = "[No Variations]"
Add component (AddParameter): Name = "RoHS"; Value = "TRUE"; VariantName = "[No Variations]"
Add component (AddParameter): Name = "Standoff Height"; Value = "0.25mm"; VariantName = "[No Variations]"
Add component (AddParameter): Name = "Symbol 0 0"; Value = "Standard"; VariantName = "[No Variations]"
Add component (AddParameter): Name = "V A Max"; Value = "18V"; VariantName = "[No Variations]"
Add component (AddParameter): Name = "V A Min"; Value = "3V"; VariantName = "[No Variations]"
Add component (AddParameter): Name = "V B Max"; Value = "18V"; VariantName = "[No Variations]"
Add component (AddParameter): Name = "V B Min"; Value = "3V"; VariantName = "[No Variations]"
Added Component: Designator=U?(FP-751B-05-MFG)
Add component (AddParameter): Name = "Ambient Temperature Range High"; Value = "+125°C"; VariantName = "[No Variations]"
Add component (AddParameter): Name = "Ambient Temperature Range Low"; Value = "-55°C"; VariantName = "[No Variations]"
Add component (AddParameter): Name = "Automotive"; Value = "No"; VariantName = "[No Variations]"
Add component (AddParameter): Name = "Category"; Value = "IC"; VariantName = "[No Variations]"
Add component (AddParameter): Name = "ComponentLink2Description"; Value = "Datasheet"; VariantName = "[No Variations]"
Add component (AddParameter): Name = "ComponentLink2URL"; Value = "https://www.onsemi.com/pub/Collateral/MC14504B-D.PDF"; VariantName = "[No Variations]"
Add component (AddParameter): Name = "Device Class L1"; Value = "Integrated Circuits (ICs)"; VariantName = "[No Variations]"
Add component (AddParameter): Name = "Device Class L2"; Value = "Logic ICs"; VariantName = "[No Variations]"
Add component (AddParameter): Name = "Device Class L3"; Value = "Voltage Level Shifters"; VariantName = "[No Variations]"
Add component (AddParameter): Name = "Digikey Description"; Value = "IC TRNSLTR UNIDIRECTIONAL 16SOIC"; VariantName = "[No Variations]"
Add component (AddParameter): Name = "Footprint Url"; Value = "https://www.onsemi.com/pub/Collateral/751B-05.PDF"; VariantName = "[No Variations]"
Add component (AddParameter): Name = "Height"; Value = "1.75mm"; VariantName = "[No Variations]"
Add component (AddParameter): Name = "Ipc Land Pattern Name"; Value = "SOIC127P600X155-16"; VariantName = "[No Variations]"
Add component (AddParameter): Name = "Lead Free"; Value = "Yes"; VariantName = "[No Variations]"
Add component (AddParameter): Name = "Logic Function Desc"; Value = "Non-Inverting"; VariantName = "[No Variations]"
Add component (AddParameter): Name = "Manufacturer"; Value = "ON Semiconductor"; VariantName = "[No Variations]"
Add component (AddParameter): Name = "Manufacturer Part Number"; Value = "MC14504BDR2G"; VariantName = "[No Variations]"
Add component (AddParameter): Name = "Max Supply Voltage"; Value = "18V"; VariantName = "[No Variations]"
Add component (AddParameter): Name = "Min Supply Voltage"; Value = "3V"; VariantName = "[No Variations]"
Add component (AddParameter): Name = "Mouser Description"; Value = "Voltage Level Shifter CMOS/TTL to CMOS 6 Unidirectional Automotive 16-Pin SOIC T/R"; VariantName = "[No Variations]"
Add component (AddParameter): Name = "Number Of Circuits"; Value = "6"; VariantName = "[No Variations]"
Add component (AddParameter): Name = "Number Of Inputs"; Value = "1"; VariantName = "[No Variations]"
Add component (AddParameter): Name = "Number Of Outputs"; Value = "1"; VariantName = "[No Variations]"
Add component (AddParameter): Name = "Octopart"; Value = "https://octopart.com/mc14504bdr2g-on+semiconductor-519067"; VariantName = "[No Variations]"
Add component (AddParameter): Name = "Package"; Value = "751B-05"; VariantName = "[No Variations]"
Add component (AddParameter): Name = "Propagation Delay"; Value = "175ns"; VariantName = "[No Variations]"
Add component (AddParameter): Name = "Quiescent Current"; Value = "0.0005-2500uA"; VariantName = "[No Variations]"
Add component (AddParameter): Name = "RoHS"; Value = "TRUE"; VariantName = "[No Variations]"
Add component (AddParameter): Name = "Standoff Height"; Value = "0.25mm"; VariantName = "[No Variations]"
Add component (AddParameter): Name = "Symbol 0 0"; Value = "Standard"; VariantName = "[No Variations]"
Add component (AddParameter): Name = "V A Max"; Value = "18V"; VariantName = "[No Variations]"
Add component (AddParameter): Name = "V A Min"; Value = "3V"; VariantName = "[No Variations]"
Add component (AddParameter): Name = "V B Max"; Value = "18V"; VariantName = "[No Variations]"
Add component (AddParameter): Name = "V B Min"; Value = "3V"; VariantName = "[No Variations]"
Added Component: Designator=U?(FP-751B-05-MFG)
Add component (AddParameter): Name = "Ambient Temperature Range High"; Value = "+125°C"; VariantName = "[No Variations]"
Add component (AddParameter): Name = "Ambient Temperature Range Low"; Value = "-55°C"; VariantName = "[No Variations]"
Add component (AddParameter): Name = "Automotive"; Value = "No"; VariantName = "[No Variations]"
Add component (AddParameter): Name = "Category"; Value = "IC"; VariantName = "[No Variations]"
Add component (AddParameter): Name = "ComponentLink2Description"; Value = "Datasheet"; VariantName = "[No Variations]"
Add component (AddParameter): Name = "ComponentLink2URL"; Value = "https://www.onsemi.com/pub/Collateral/MC14504B-D.PDF"; VariantName = "[No Variations]"
Add component (AddParameter): Name = "Device Class L1"; Value = "Integrated Circuits (ICs)"; VariantName = "[No Variations]"
Add component (AddParameter): Name = "Device Class L2"; Value = "Logic ICs"; VariantName = "[No Variations]"
Add component (AddParameter): Name = "Device Class L3"; Value = "Voltage Level Shifters"; VariantName = "[No Variations]"
Add component (AddParameter): Name = "Digikey Description"; Value = "IC TRNSLTR UNIDIRECTIONAL 16SOIC"; VariantName = "[No Variations]"
Add component (AddParameter): Name = "Footprint Url"; Value = "https://www.onsemi.com/pub/Collateral/751B-05.PDF"; VariantName = "[No Variations]"
Add component (AddParameter): Name = "Height"; Value = "1.75mm"; VariantName = "[No Variations]"
Add component (AddParameter): Name = "Ipc Land Pattern Name"; Value = "SOIC127P600X155-16"; VariantName = "[No Variations]"
Add component (AddParameter): Name = "Lead Free"; Value = "Yes"; VariantName = "[No Variations]"
Add component (AddParameter): Name = "Logic Function Desc"; Value = "Non-Inverting"; VariantName = "[No Variations]"
Add component (AddParameter): Name = "Manufacturer"; Value = "ON Semiconductor"; VariantName = "[No Variations]"
Add component (AddParameter): Name = "Manufacturer Part Number"; Value = "MC14504BDR2G"; VariantName = "[No Variations]"
Add component (AddParameter): Name = "Max Supply Voltage"; Value = "18V"; VariantName = "[No Variations]"
Add component (AddParameter): Name = "Min Supply Voltage"; Value = "3V"; VariantName = "[No Variations]"
Add component (AddParameter): Name = "Mouser Description"; Value = "Voltage Level Shifter CMOS/TTL to CMOS 6 Unidirectional Automotive 16-Pin SOIC T/R"; VariantName = "[No Variations]"
Add component (AddParameter): Name = "Number Of Circuits"; Value = "6"; VariantName = "[No Variations]"
Add component (AddParameter): Name = "Number Of Inputs"; Value = "1"; VariantName = "[No Variations]"
Add component (AddParameter): Name = "Number Of Outputs"; Value = "1"; VariantName = "[No Variations]"
Add component (AddParameter): Name = "Octopart"; Value = "https://octopart.com/mc14504bdr2g-on+semiconductor-519067"; VariantName = "[No Variations]"
Add component (AddParameter): Name = "Package"; Value = "751B-05"; VariantName = "[No Variations]"
Add component (AddParameter): Name = "Propagation Delay"; Value = "175ns"; VariantName = "[No Variations]"
Add component (AddParameter): Name = "Quiescent Current"; Value = "0.0005-2500uA"; VariantName = "[No Variations]"
Add component (AddParameter): Name = "RoHS"; Value = "TRUE"; VariantName = "[No Variations]"
Add component (AddParameter): Name = "Standoff Height"; Value = "0.25mm"; VariantName = "[No Variations]"
Add component (AddParameter): Name = "Symbol 0 0"; Value = "Standard"; VariantName = "[No Variations]"
Add component (AddParameter): Name = "V A Max"; Value = "18V"; VariantName = "[No Variations]"
Add component (AddParameter): Name = "V A Min"; Value = "3V"; VariantName = "[No Variations]"
Add component (AddParameter): Name = "V B Max"; Value = "18V"; VariantName = "[No Variations]"
Add component (AddParameter): Name = "V B Min"; Value = "3V"; VariantName = "[No Variations]"
Added Component: Designator=U?(FP-751B-05-MFG)
Add component (AddParameter): Name = "Ambient Temperature Range High"; Value = "+125°C"; VariantName = "[No Variations]"
Add component (AddParameter): Name = "Ambient Temperature Range Low"; Value = "-55°C"; VariantName = "[No Variations]"
Add component (AddParameter): Name = "Automotive"; Value = "No"; VariantName = "[No Variations]"
Add component (AddParameter): Name = "Category"; Value = "IC"; VariantName = "[No Variations]"
Add component (AddParameter): Name = "ComponentLink2Description"; Value = "Datasheet"; VariantName = "[No Variations]"
Add component (AddParameter): Name = "ComponentLink2URL"; Value = "https://www.onsemi.com/pub/Collateral/MC14504B-D.PDF"; VariantName = "[No Variations]"
Add component (AddParameter): Name = "Device Class L1"; Value = "Integrated Circuits (ICs)"; VariantName = "[No Variations]"
Add component (AddParameter): Name = "Device Class L2"; Value = "Logic ICs"; VariantName = "[No Variations]"
Add component (AddParameter): Name = "Device Class L3"; Value = "Voltage Level Shifters"; VariantName = "[No Variations]"
Add component (AddParameter): Name = "Digikey Description"; Value = "IC TRNSLTR UNIDIRECTIONAL 16SOIC"; VariantName = "[No Variations]"
Add component (AddParameter): Name = "Footprint Url"; Value = "https://www.onsemi.com/pub/Collateral/751B-05.PDF"; VariantName = "[No Variations]"
Add component (AddParameter): Name = "Height"; Value = "1.75mm"; VariantName = "[No Variations]"
Add component (AddParameter): Name = "Ipc Land Pattern Name"; Value = "SOIC127P600X155-16"; VariantName = "[No Variations]"
Add component (AddParameter): Name = "Lead Free"; Value = "Yes"; VariantName = "[No Variations]"
Add component (AddParameter): Name = "Logic Function Desc"; Value = "Non-Inverting"; VariantName = "[No Variations]"
Add component (AddParameter): Name = "Manufacturer"; Value = "ON Semiconductor"; VariantName = "[No Variations]"
Add component (AddParameter): Name = "Manufacturer Part Number"; Value = "MC14504BDR2G"; VariantName = "[No Variations]"
Add component (AddParameter): Name = "Max Supply Voltage"; Value = "18V"; VariantName = "[No Variations]"
Add component (AddParameter): Name = "Min Supply Voltage"; Value = "3V"; VariantName = "[No Variations]"
Add component (AddParameter): Name = "Mouser Description"; Value = "Voltage Level Shifter CMOS/TTL to CMOS 6 Unidirectional Automotive 16-Pin SOIC T/R"; VariantName = "[No Variations]"
Add component (AddParameter): Name = "Number Of Circuits"; Value = "6"; VariantName = "[No Variations]"
Add component (AddParameter): Name = "Number Of Inputs"; Value = "1"; VariantName = "[No Variations]"
Add component (AddParameter): Name = "Number Of Outputs"; Value = "1"; VariantName = "[No Variations]"
Add component (AddParameter): Name = "Octopart"; Value = "https://octopart.com/mc14504bdr2g-on+semiconductor-519067"; VariantName = "[No Variations]"
Add component (AddParameter): Name = "Package"; Value = "751B-05"; VariantName = "[No Variations]"
Add component (AddParameter): Name = "Propagation Delay"; Value = "175ns"; VariantName = "[No Variations]"
Add component (AddParameter): Name = "Quiescent Current"; Value = "0.0005-2500uA"; VariantName = "[No Variations]"
Add component (AddParameter): Name = "RoHS"; Value = "TRUE"; VariantName = "[No Variations]"
Add component (AddParameter): Name = "Standoff Height"; Value = "0.25mm"; VariantName = "[No Variations]"
Add component (AddParameter): Name = "Symbol 0 0"; Value = "Standard"; VariantName = "[No Variations]"
Add component (AddParameter): Name = "V A Max"; Value = "18V"; VariantName = "[No Variations]"
Add component (AddParameter): Name = "V A Min"; Value = "3V"; VariantName = "[No Variations]"
Add component (AddParameter): Name = "V B Max"; Value = "18V"; VariantName = "[No Variations]"
Add component (AddParameter): Name = "V B Min"; Value = "3V"; VariantName = "[No Variations]"
Added Class: Name=Sheet1
Added Room: Name=Sheet1
