Added Pin To Net: NetName=GND Pin=P?-B1
Added Pin To Net: NetName=GND Pin=P?-B1
Added Pin To Net: NetName=GND Pin=P?-B2
Added Pin To Net: NetName=GND Pin=P?-B2
Added Pin To Net: NetName=GND Pin=P?-B3
Added Pin To Net: NetName=GND Pin=P?-B3
Added Pin To Net: NetName=GND Pin=P?-B4
Added Pin To Net: NetName=GND Pin=P?-B4
Added Pin To Net: NetName=GND Pin=P?-B5
Added Pin To Net: NetName=GND Pin=P?-B5
Added Pin To Net: NetName=GND Pin=P?-B6
Added Pin To Net: NetName=GND Pin=P?-B6
Added Pin To Net: NetName=GND Pin=P?-B7
Added Pin To Net: NetName=GND Pin=P?-B7
Added Pin To Net: NetName=GND Pin=P?-B8
Added Pin To Net: NetName=GND Pin=P?-B8
Added Pin To Net: NetName=GND Pin=P?-B9
Added Pin To Net: NetName=GND Pin=P?-B9
Added Pin To Net: NetName=GND Pin=P?-B10
Added Pin To Net: NetName=GND Pin=P?-B10
Added Pin To Net: NetName=GND Pin=P?-B11
Added Pin To Net: NetName=GND Pin=P?-B11
Added Net: Name=GND
Added Pin To Net: NetName=NetP?_B12 Pin=P?-B12
Added Pin To Net: NetName=NetP?_B12 Pin=P?-B12
Added Net: Name=NetP?_B12
Added Pin To Net: NetName=NetP?_B13 Pin=P?-B13
Added Pin To Net: NetName=NetP?_B13 Pin=P?-B13
Added Net: Name=NetP?_B13
Added Pin To Net: NetName=NetP?_B14 Pin=P?-B14
Added Pin To Net: NetName=NetP?_B14 Pin=P?-B14
Added Net: Name=NetP?_B14
Added Pin To Net: NetName=NetP?_B15 Pin=P?-B15
Added Pin To Net: NetName=NetP?_B15 Pin=P?-B15
Added Net: Name=NetP?_B15
Added Pin To Net: NetName=NetP?_B16 Pin=P?-B16
Added Pin To Net: NetName=NetP?_B16 Pin=P?-B16
Added Net: Name=NetP?_B16
Added Pin To Net: NetName=NetP?_B17 Pin=P?-B17
Added Pin To Net: NetName=NetP?_B17 Pin=P?-B17
Added Net: Name=NetP?_B17
Added Pin To Net: NetName=NetP?_B18 Pin=P?-B18
Added Pin To Net: NetName=NetP?_B18 Pin=P?-B18
Added Net: Name=NetP?_B18
Added Pin To Net: NetName=NetP?_B19 Pin=P?-B19
Added Pin To Net: NetName=NetP?_B19 Pin=P?-B19
Added Net: Name=NetP?_B19
Added Pin To Net: NetName=NetP?_B20 Pin=P?-B20
Added Pin To Net: NetName=NetP?_B20 Pin=P?-B20
Added Net: Name=NetP?_B20
Added Pin To Net: NetName=NetP?_B21 Pin=P?-B21
Added Pin To Net: NetName=NetP?_B21 Pin=P?-B21
Added Net: Name=NetP?_B21
Added Pin To Net: NetName=NetP?_B22 Pin=P?-B22
Added Pin To Net: NetName=NetP?_B22 Pin=P?-B22
Added Net: Name=NetP?_B22
Added Pin To Net: NetName=NetP?_B23 Pin=P?-B23
Added Pin To Net: NetName=NetP?_B23 Pin=P?-B23
Added Net: Name=NetP?_B23
Added Pin To Net: NetName=NetP?_B24 Pin=P?-B24
Added Pin To Net: NetName=NetP?_B24 Pin=P?-B24
Added Net: Name=NetP?_B24
Added Pin To Net: NetName=NetP?_B25 Pin=P?-B25
Added Pin To Net: NetName=NetP?_B25 Pin=P?-B25
Added Net: Name=NetP?_B25
Added Pin To Net: NetName=NetP?_B26 Pin=P?-B26
Added Pin To Net: NetName=NetP?_B26 Pin=P?-B26
Added Net: Name=NetP?_B26
Added Pin To Net: NetName=NetP?_B27 Pin=P?-B27
Added Pin To Net: NetName=NetP?_B27 Pin=P?-B27
Added Net: Name=NetP?_B27
Added Pin To Net: NetName=NetP?_B28 Pin=P?-B28
Added Pin To Net: NetName=NetP?_B28 Pin=P?-B28
Added Net: Name=NetP?_B28
Added Pin To Net: NetName=NetP?_B29 Pin=P?-B29
Added Pin To Net: NetName=NetP?_B29 Pin=P?-B29
Added Net: Name=NetP?_B29
Added Pin To Net: NetName=NetP?_B30 Pin=P?-B30
Added Pin To Net: NetName=NetP?_B30 Pin=P?-B30
Added Net: Name=NetP?_B30
Added Pin To Net: NetName=NetP?_B31 Pin=P?-B31
Added Pin To Net: NetName=NetP?_B31 Pin=P?-B31
Added Net: Name=NetP?_B31
Added Pin To Net: NetName=NetP?_B32 Pin=P?-B32
Added Pin To Net: NetName=NetP?_B32 Pin=P?-B32
Added Net: Name=NetP?_B32
Added Pin To Net: NetName=NetP?_B33 Pin=P?-B33
Added Pin To Net: NetName=NetP?_B33 Pin=P?-B33
Added Net: Name=NetP?_B33
Added Pin To Net: NetName=NetP?_B34 Pin=P?-B34
Added Pin To Net: NetName=NetP?_B34 Pin=P?-B34
Added Net: Name=NetP?_B34
Added Pin To Net: NetName=NetP?_B35 Pin=P?-B35
Added Pin To Net: NetName=NetP?_B35 Pin=P?-B35
Added Net: Name=NetP?_B35
Added Pin To Net: NetName=NetP?_B36 Pin=P?-B36
Added Pin To Net: NetName=NetP?_B36 Pin=P?-B36
Added Net: Name=NetP?_B36
Added Pin To Net: NetName=NetP?_B37 Pin=P?-B37
Added Pin To Net: NetName=NetP?_B37 Pin=P?-B37
Added Net: Name=NetP?_B37
Added Pin To Net: NetName=NetP?_B38 Pin=P?-B38
Added Pin To Net: NetName=NetP?_B38 Pin=P?-B38
Added Net: Name=NetP?_B38
Added Pin To Net: NetName=NetP?_B39 Pin=P?-B39
Added Pin To Net: NetName=NetP?_B39 Pin=P?-B39
Added Net: Name=NetP?_B39
Added Pin To Net: NetName=NetP?_B40 Pin=P?-B40
Added Pin To Net: NetName=NetP?_B40 Pin=P?-B40
Added Net: Name=NetP?_B40
Added Pin To Net: NetName=NetP?_B41 Pin=P?-B41
Added Pin To Net: NetName=NetP?_B41 Pin=P?-B41
Added Net: Name=NetP?_B41
Added Pin To Net: NetName=NetP?_B42 Pin=P?-B42
Added Pin To Net: NetName=NetP?_B42 Pin=P?-B42
Added Net: Name=NetP?_B42
Added Pin To Net: NetName=NetP?_B43 Pin=P?-B43
Added Pin To Net: NetName=NetP?_B43 Pin=P?-B43
Added Net: Name=NetP?_B43
Added Pin To Net: NetName=NetP?_B44 Pin=P?-B44
Added Pin To Net: NetName=NetP?_B44 Pin=P?-B44
Added Net: Name=NetP?_B44
Added Pin To Net: NetName=NetP?_B45 Pin=P?-B45
Added Pin To Net: NetName=NetP?_B45 Pin=P?-B45
Added Net: Name=NetP?_B45
Added Pin To Net: NetName=NetP?_B46 Pin=P?-B46
Added Pin To Net: NetName=NetP?_B46 Pin=P?-B46
Added Net: Name=NetP?_B46
Added Pin To Net: NetName=NetP?_B47 Pin=P?-B47
Added Pin To Net: NetName=NetP?_B47 Pin=P?-B47
Added Net: Name=NetP?_B47
Added Pin To Net: NetName=NetP?_B48 Pin=P?-B48
Added Pin To Net: NetName=NetP?_B48 Pin=P?-B48
Added Net: Name=NetP?_B48
Added Pin To Net: NetName=NetP?_B49 Pin=P?-B49
Added Pin To Net: NetName=NetP?_B49 Pin=P?-B49
Added Net: Name=NetP?_B49
Added Member To Class: ClassName=PCIe_connection_board Member=Component P? G630H9812248EU
