Added Pin To Net: NetName=+5V Pin=P?-A1
Added Pin To Net: NetName=+5V Pin=P?-A2
Added Pin To Net: NetName=+5V Pin=P?-A3
Added Pin To Net: NetName=+5V Pin=P?-A4
Added Pin To Net: NetName=+5V Pin=P?-A5
Added Pin To Net: NetName=+5V Pin=P?-A6
Added Pin To Net: NetName=+5V Pin=P?-A7
Added Pin To Net: NetName=+5V Pin=P?-A8
Added Pin To Net: NetName=+5V Pin=P?-A9
Added Pin To Net: NetName=+5V Pin=P?-A10
Added Pin To Net: NetName=+5V Pin=P?-A11
Added Pin To Net: NetName=+5V Pin=P?-B1
Added Pin To Net: NetName=+5V Pin=P?-B2
Added Pin To Net: NetName=+5V Pin=P?-B3
Added Pin To Net: NetName=+5V Pin=P?-B4
Added Pin To Net: NetName=+5V Pin=P?-B5
Added Pin To Net: NetName=+5V Pin=P?-B6
Added Pin To Net: NetName=+5V Pin=P?-B7
Added Pin To Net: NetName=+5V Pin=P?-B8
Added Pin To Net: NetName=+5V Pin=P?-B9
Added Pin To Net: NetName=+5V Pin=P?-B10
Added Pin To Net: NetName=+5V Pin=P?-B11
Added Net: Name=+5V
Added Pin To Net: NetName=NetLabel3 Pin=P?-A12
Added Pin To Net: NetName=NetLabel3 Pin=P?-B12
Added Net: Name=NetLabel3
Added Pin To Net: NetName=NetLabel4 Pin=P?-A13
Added Pin To Net: NetName=NetLabel4 Pin=P?-B13
Added Net: Name=NetLabel4
Added Pin To Net: NetName=NetLabel6 Pin=P?-A15
Added Pin To Net: NetName=NetLabel6 Pin=P?-B15
Added Net: Name=NetLabel6
Added Pin To Net: NetName=NetLabel7 Pin=P?-A16
Added Pin To Net: NetName=NetLabel7 Pin=P?-B16
Added Net: Name=NetLabel7
Added Pin To Net: NetName=NetLabel8 Pin=P?-A17
Added Pin To Net: NetName=NetLabel8 Pin=P?-B17
Added Net: Name=NetLabel8
Added Pin To Net: NetName=NetLabel9 Pin=P?-A18
Added Pin To Net: NetName=NetLabel9 Pin=P?-B18
Added Net: Name=NetLabel9
Added Pin To Net: NetName=NetLabel11 Pin=P?-A20
Added Pin To Net: NetName=NetLabel11 Pin=P?-B20
Added Net: Name=NetLabel11
Added Pin To Net: NetName=NetLabel12 Pin=P?-A21
Added Pin To Net: NetName=NetLabel12 Pin=P?-B21
Added Net: Name=NetLabel12
Added Pin To Net: NetName=NetLabel13 Pin=P?-A22
Added Pin To Net: NetName=NetLabel13 Pin=P?-B22
Added Net: Name=NetLabel13
Added Pin To Net: NetName=NetLabel14 Pin=P?-A23
Added Pin To Net: NetName=NetLabel14 Pin=P?-B23
Added Net: Name=NetLabel14
Added Pin To Net: NetName=NetLabel15 Pin=P?-A24
Added Pin To Net: NetName=NetLabel15 Pin=P?-B24
Added Net: Name=NetLabel15
Added Pin To Net: NetName=NetLabel16 Pin=P?-A25
Added Pin To Net: NetName=NetLabel16 Pin=P?-B25
Added Net: Name=NetLabel16
Added Pin To Net: NetName=NetLabel17 Pin=P?-A26
Added Pin To Net: NetName=NetLabel17 Pin=P?-B26
Added Net: Name=NetLabel17
Added Pin To Net: NetName=NetLabel18 Pin=P?-A27
Added Pin To Net: NetName=NetLabel18 Pin=P?-B27
Added Net: Name=NetLabel18
Added Pin To Net: NetName=NetLabel19 Pin=P?-A28
Added Pin To Net: NetName=NetLabel19 Pin=P?-B28
Added Net: Name=NetLabel19
Added Pin To Net: NetName=NetLabel20 Pin=P?-A29
Added Pin To Net: NetName=NetLabel20 Pin=P?-B29
Added Net: Name=NetLabel20
Added Pin To Net: NetName=NetLabel21 Pin=P?-A30
Added Pin To Net: NetName=NetLabel21 Pin=P?-B30
Added Net: Name=NetLabel21
Added Pin To Net: NetName=NetLabel22 Pin=P?-A31
Added Pin To Net: NetName=NetLabel22 Pin=P?-B31
Added Net: Name=NetLabel22
Added Pin To Net: NetName=NetLabel23 Pin=P?-A32
Added Pin To Net: NetName=NetLabel23 Pin=P?-B32
Added Net: Name=NetLabel23
Added Pin To Net: NetName=NetLabel24 Pin=P?-A33
Added Pin To Net: NetName=NetLabel24 Pin=P?-B33
Added Net: Name=NetLabel24
Added Pin To Net: NetName=NetLabel25 Pin=P?-A34
Added Pin To Net: NetName=NetLabel25 Pin=P?-B34
Added Net: Name=NetLabel25
Added Pin To Net: NetName=NetLabel26 Pin=P?-A35
Added Pin To Net: NetName=NetLabel26 Pin=P?-B35
Added Net: Name=NetLabel26
Added Pin To Net: NetName=NetLabel27 Pin=P?-A36
Added Pin To Net: NetName=NetLabel27 Pin=P?-B36
Added Net: Name=NetLabel27
Added Pin To Net: NetName=NetLabel28 Pin=P?-A37
Added Pin To Net: NetName=NetLabel28 Pin=P?-B37
Added Net: Name=NetLabel28
Added Pin To Net: NetName=NetLabel29 Pin=P?-A38
Added Pin To Net: NetName=NetLabel29 Pin=P?-B38
Added Net: Name=NetLabel29
Added Pin To Net: NetName=NetLabel30 Pin=P?-A39
Added Pin To Net: NetName=NetLabel30 Pin=P?-B39
Added Net: Name=NetLabel30
Added Pin To Net: NetName=NetLabel31 Pin=P?-A40
Added Pin To Net: NetName=NetLabel31 Pin=P?-B40
Added Net: Name=NetLabel31
Added Pin To Net: NetName=NetLabel32 Pin=P?-A41
Added Pin To Net: NetName=NetLabel32 Pin=P?-B41
Added Net: Name=NetLabel32
Added Pin To Net: NetName=NetLabel33 Pin=P?-A42
Added Pin To Net: NetName=NetLabel33 Pin=P?-B42
Added Net: Name=NetLabel33
Added Pin To Net: NetName=NetLabel34 Pin=P?-A43
Added Pin To Net: NetName=NetLabel34 Pin=P?-B43
Added Net: Name=NetLabel34
Added Pin To Net: NetName=NetLabel35 Pin=P?-A44
Added Pin To Net: NetName=NetLabel35 Pin=P?-B44
Added Net: Name=NetLabel35
Added Pin To Net: NetName=NetLabel36 Pin=P?-A45
Added Pin To Net: NetName=NetLabel36 Pin=P?-B45
Added Net: Name=NetLabel36
Added Pin To Net: NetName=NetLabel37 Pin=P?-A46
Added Pin To Net: NetName=NetLabel37 Pin=P?-B46
Added Net: Name=NetLabel37
Added Pin To Net: NetName=NetLabel38 Pin=P?-A47
Added Pin To Net: NetName=NetLabel38 Pin=P?-B47
Added Net: Name=NetLabel38
Added Pin To Net: NetName=NetLabel39 Pin=P?-A48
Added Pin To Net: NetName=NetLabel39 Pin=P?-B48
Added Net: Name=NetLabel39
Added Pin To Net: NetName=NetLabel40 Pin=P?-A49
Added Pin To Net: NetName=NetLabel40 Pin=P?-B49
Added Net: Name=NetLabel40
Added Member To Class: ClassName=PCIe_connection_board Member=Component P? G630H9812248EU
Added Room: Name=PCIe_connection_board
