Add Component: Footprint Not Found AMPHENOL_G630H9812248EU
Added Component: Designator=P2(3.2X1.6X1.1)
Add component (AddParameter): Name = "Check_prices"; Value = "https://www.snapeda.com/parts/G630H9812248EU/Amphenol%20FCI/view-part/704000/?ref=eda"; VariantName = "[No Variations]"
Add component (AddParameter): Name = "Digi-Key_Part_Number"; Value = "G630H9812248EU-ND"; VariantName = "[No Variations]"
Add component (AddParameter): Name = "MF"; Value = "Amphenol ICC"; VariantName = "[No Variations]"
Add component (AddParameter): Name = "MP"; Value = "G630H9812248EU"; VariantName = "[No Variations]"
Add component (AddParameter): Name = "Package"; Value = "None"; VariantName = "[No Variations]"
Add component (AddParameter): Name = "Purchase-URL"; Value = "https://pricing.snapeda.com/search/part/G630H9812248EU/?ref=eda"; VariantName = "[No Variations]"
Add component (AddParameter): Name = "SnapEDA_Link"; Value = "https://www.snapeda.com/parts/G630H9812248EU/Amphenol%20FCI/view-part/704000/?ref=snap"; VariantName = "[No Variations]"
Add component (AddParameter): Name = "Value"; Value = ""; VariantName = "[No Variations]"
Add Component: Footprint Not Found AMPHENOL_G630H9812248EU
Add Pin To Net: Unknown Pin: Pin P1-A1
Add Pin To Net: Unknown Pin: Pin P1-A2
Add Pin To Net: Unknown Pin: Pin P1-A3
Add Pin To Net: Unknown Pin: Pin P1-A4
Add Pin To Net: Unknown Pin: Pin P1-A5
Add Pin To Net: Unknown Pin: Pin P1-A6
Add Pin To Net: Unknown Pin: Pin P1-A7
Add Pin To Net: Unknown Pin: Pin P1-A8
Add Pin To Net: Unknown Pin: Pin P1-A9
Add Pin To Net: Unknown Pin: Pin P1-A10
Add Pin To Net: Unknown Pin: Pin P1-A11
Add Pin To Net: Unknown Pin: Pin P1-A12
Add Pin To Net: Unknown Pin: Pin P1-A13
Add Pin To Net: Unknown Pin: Pin P1-A14
Add Pin To Net: Unknown Pin: Pin P1-A15
Add Pin To Net: Unknown Pin: Pin P1-A16
Add Pin To Net: Unknown Pin: Pin P1-A17
Add Pin To Net: Unknown Pin: Pin P1-A18
Add Pin To Net: Unknown Pin: Pin P1-A19
Add Pin To Net: Unknown Pin: Pin P1-A20
Add Pin To Net: Unknown Pin: Pin P1-A21
Add Pin To Net: Unknown Pin: Pin P1-A22
Add Pin To Net: Unknown Pin: Pin P1-A23
Add Pin To Net: Unknown Pin: Pin P1-A24
Add Pin To Net: Unknown Pin: Pin P1-A25
Add Pin To Net: Unknown Pin: Pin P1-A26
Add Pin To Net: Unknown Pin: Pin P1-A27
Add Pin To Net: Unknown Pin: Pin P1-A28
Add Pin To Net: Unknown Pin: Pin P1-A29
Add Pin To Net: Unknown Pin: Pin P1-A30
Add Pin To Net: Unknown Pin: Pin P1-A31
Add Pin To Net: Unknown Pin: Pin P1-A32
Add Pin To Net: Unknown Pin: Pin P1-A33
Add Pin To Net: Unknown Pin: Pin P1-A34
Add Pin To Net: Unknown Pin: Pin P1-A35
Add Pin To Net: Unknown Pin: Pin P1-A36
Add Pin To Net: Unknown Pin: Pin P1-A37
Add Pin To Net: Unknown Pin: Pin P1-A38
Add Pin To Net: Unknown Pin: Pin P1-A39
Add Pin To Net: Unknown Pin: Pin P1-A40
Add Pin To Net: Unknown Pin: Pin P1-A41
Add Pin To Net: Unknown Pin: Pin P1-A42
Add Pin To Net: Unknown Pin: Pin P1-A43
Add Pin To Net: Unknown Pin: Pin P1-A44
Add Pin To Net: Unknown Pin: Pin P1-A45
Add Pin To Net: Unknown Pin: Pin P1-A46
Add Pin To Net: Unknown Pin: Pin P1-A47
Add Pin To Net: Unknown Pin: Pin P1-A48
Add Pin To Net: Unknown Pin: Pin P1-A49
Add Pin To Net: Unknown Pin: Pin P1-B1
Add Pin To Net: Unknown Pin: Pin P1-B2
Add Pin To Net: Unknown Pin: Pin P1-B3
Add Pin To Net: Unknown Pin: Pin P1-B4
Add Pin To Net: Unknown Pin: Pin P1-B5
Add Pin To Net: Unknown Pin: Pin P1-B6
Add Pin To Net: Unknown Pin: Pin P1-B7
Add Pin To Net: Unknown Pin: Pin P1-B8
Add Pin To Net: Unknown Pin: Pin P1-B9
Add Pin To Net: Unknown Pin: Pin P1-B10
Add Pin To Net: Unknown Pin: Pin P1-B11
Add Pin To Net: Unknown Pin: Pin P1-B12
Add Pin To Net: Unknown Pin: Pin P1-B13
Add Pin To Net: Unknown Pin: Pin P1-B14
Add Pin To Net: Unknown Pin: Pin P1-B15
Add Pin To Net: Unknown Pin: Pin P1-B16
Add Pin To Net: Unknown Pin: Pin P1-B17
Add Pin To Net: Unknown Pin: Pin P1-B18
Add Pin To Net: Unknown Pin: Pin P1-B19
Add Pin To Net: Unknown Pin: Pin P1-B20
Add Pin To Net: Unknown Pin: Pin P1-B21
Add Pin To Net: Unknown Pin: Pin P1-B22
Add Pin To Net: Unknown Pin: Pin P1-B23
Add Pin To Net: Unknown Pin: Pin P1-B24
Add Pin To Net: Unknown Pin: Pin P1-B25
Add Pin To Net: Unknown Pin: Pin P1-B26
Add Pin To Net: Unknown Pin: Pin P1-B27
Add Pin To Net: Unknown Pin: Pin P1-B28
Add Pin To Net: Unknown Pin: Pin P1-B29
Add Pin To Net: Unknown Pin: Pin P1-B30
Add Pin To Net: Unknown Pin: Pin P1-B31
Add Pin To Net: Unknown Pin: Pin P1-B32
Add Pin To Net: Unknown Pin: Pin P1-B33
Add Pin To Net: Unknown Pin: Pin P1-B34
Add Pin To Net: Unknown Pin: Pin P1-B35
Add Pin To Net: Unknown Pin: Pin P1-B36
Add Pin To Net: Unknown Pin: Pin P1-B37
Add Pin To Net: Unknown Pin: Pin P1-B38
Add Pin To Net: Unknown Pin: Pin P1-B39
Add Pin To Net: Unknown Pin: Pin P1-B40
Add Pin To Net: Unknown Pin: Pin P1-B41
Add Pin To Net: Unknown Pin: Pin P1-B42
Add Pin To Net: Unknown Pin: Pin P1-B43
Add Pin To Net: Unknown Pin: Pin P1-B44
Add Pin To Net: Unknown Pin: Pin P1-B45
Add Pin To Net: Unknown Pin: Pin P1-B46
Add Pin To Net: Unknown Pin: Pin P1-B47
Add Pin To Net: Unknown Pin: Pin P1-B48
Add Pin To Net: Unknown Pin: Pin P1-B49
Add Pin To Net: Unknown Pin: Pin P2-A1
Add Pin To Net: Unknown Pin: Pin P2-A2
Add Pin To Net: Unknown Pin: Pin P2-A3
Add Pin To Net: Unknown Pin: Pin P2-A4
Add Pin To Net: Unknown Pin: Pin P2-A5
Add Pin To Net: Unknown Pin: Pin P2-A6
Add Pin To Net: Unknown Pin: Pin P2-A7
Add Pin To Net: Unknown Pin: Pin P2-A8
Add Pin To Net: Unknown Pin: Pin P2-A9
Add Pin To Net: Unknown Pin: Pin P2-A10
Add Pin To Net: Unknown Pin: Pin P2-A11
Add Pin To Net: Unknown Pin: Pin P2-A12
Add Pin To Net: Unknown Pin: Pin P2-A13
Add Pin To Net: Unknown Pin: Pin P2-A14
Add Pin To Net: Unknown Pin: Pin P2-A15
Add Pin To Net: Unknown Pin: Pin P2-A16
Add Pin To Net: Unknown Pin: Pin P2-A17
Add Pin To Net: Unknown Pin: Pin P2-A18
Add Pin To Net: Unknown Pin: Pin P2-A19
Add Pin To Net: Unknown Pin: Pin P2-A20
Add Pin To Net: Unknown Pin: Pin P2-A21
Add Pin To Net: Unknown Pin: Pin P2-A22
Add Pin To Net: Unknown Pin: Pin P2-A23
Add Pin To Net: Unknown Pin: Pin P2-A24
Add Pin To Net: Unknown Pin: Pin P2-A25
Add Pin To Net: Unknown Pin: Pin P2-A26
Add Pin To Net: Unknown Pin: Pin P2-A27
Add Pin To Net: Unknown Pin: Pin P2-A28
Add Pin To Net: Unknown Pin: Pin P2-A29
Add Pin To Net: Unknown Pin: Pin P2-A30
Add Pin To Net: Unknown Pin: Pin P2-A31
Add Pin To Net: Unknown Pin: Pin P2-A32
Add Pin To Net: Unknown Pin: Pin P2-A33
Add Pin To Net: Unknown Pin: Pin P2-A34
Add Pin To Net: Unknown Pin: Pin P2-A35
Add Pin To Net: Unknown Pin: Pin P2-A36
Add Pin To Net: Unknown Pin: Pin P2-A37
Add Pin To Net: Unknown Pin: Pin P2-A38
Add Pin To Net: Unknown Pin: Pin P2-A39
Add Pin To Net: Unknown Pin: Pin P2-A40
Add Pin To Net: Unknown Pin: Pin P2-A41
Add Pin To Net: Unknown Pin: Pin P2-A42
Add Pin To Net: Unknown Pin: Pin P2-A43
Add Pin To Net: Unknown Pin: Pin P2-A44
Add Pin To Net: Unknown Pin: Pin P2-A45
Add Pin To Net: Unknown Pin: Pin P2-A46
Add Pin To Net: Unknown Pin: Pin P2-A47
Add Pin To Net: Unknown Pin: Pin P2-A48
Add Pin To Net: Unknown Pin: Pin P2-A49
Add Pin To Net: Unknown Pin: Pin P2-B1
Add Pin To Net: Unknown Pin: Pin P2-B2
Add Pin To Net: Unknown Pin: Pin P2-B3
Add Pin To Net: Unknown Pin: Pin P2-B4
Add Pin To Net: Unknown Pin: Pin P2-B5
Add Pin To Net: Unknown Pin: Pin P2-B6
Add Pin To Net: Unknown Pin: Pin P2-B7
Add Pin To Net: Unknown Pin: Pin P2-B8
Add Pin To Net: Unknown Pin: Pin P2-B9
Add Pin To Net: Unknown Pin: Pin P2-B10
Add Pin To Net: Unknown Pin: Pin P2-B11
Add Pin To Net: Unknown Pin: Pin P2-B12
Add Pin To Net: Unknown Pin: Pin P2-B13
Add Pin To Net: Unknown Pin: Pin P2-B14
Add Pin To Net: Unknown Pin: Pin P2-B15
Add Pin To Net: Unknown Pin: Pin P2-B16
Add Pin To Net: Unknown Pin: Pin P2-B17
Add Pin To Net: Unknown Pin: Pin P2-B18
Add Pin To Net: Unknown Pin: Pin P2-B19
Add Pin To Net: Unknown Pin: Pin P2-B20
Add Pin To Net: Unknown Pin: Pin P2-B21
Add Pin To Net: Unknown Pin: Pin P2-B22
Add Pin To Net: Unknown Pin: Pin P2-B23
Add Pin To Net: Unknown Pin: Pin P2-B24
Add Pin To Net: Unknown Pin: Pin P2-B25
Add Pin To Net: Unknown Pin: Pin P2-B26
Add Pin To Net: Unknown Pin: Pin P2-B27
Add Pin To Net: Unknown Pin: Pin P2-B28
Add Pin To Net: Unknown Pin: Pin P2-B29
Add Pin To Net: Unknown Pin: Pin P2-B30
Add Pin To Net: Unknown Pin: Pin P2-B31
Add Pin To Net: Unknown Pin: Pin P2-B32
Add Pin To Net: Unknown Pin: Pin P2-B33
Add Pin To Net: Unknown Pin: Pin P2-B34
Add Pin To Net: Unknown Pin: Pin P2-B35
Add Pin To Net: Unknown Pin: Pin P2-B36
Add Pin To Net: Unknown Pin: Pin P2-B37
Add Pin To Net: Unknown Pin: Pin P2-B38
Add Pin To Net: Unknown Pin: Pin P2-B39
Add Pin To Net: Unknown Pin: Pin P2-B40
Add Pin To Net: Unknown Pin: Pin P2-B41
Add Pin To Net: Unknown Pin: Pin P2-B42
Add Pin To Net: Unknown Pin: Pin P2-B43
Add Pin To Net: Unknown Pin: Pin P2-B44
Add Pin To Net: Unknown Pin: Pin P2-B45
Add Pin To Net: Unknown Pin: Pin P2-B46
Add Pin To Net: Unknown Pin: Pin P2-B47
Add Pin To Net: Unknown Pin: Pin P2-B48
Add Pin To Net: Unknown Pin: Pin P2-B49
Add Class Member: Failed to add class member : Component P1 G630H9812248EU
Added Member To Class: ClassName=PCIe_connection_board Member=Component P2 G630H9812248EU
Add Class Member: Failed to add class member : Component P? G630H9812248EU
Added Room: Name=PCIe_connection_board
