Add Component: Footprint Not Found AMPHENOL_G630H9812248EU
Add Component: Footprint Not Found AMPHENOL_G630H9812248EU
Add Pin To Net: Unknown Pin: Pin P1-A1
Add Pin To Net: Unknown Pin: Pin P1-A2
Add Pin To Net: Unknown Pin: Pin P1-A3
Add Pin To Net: Unknown Pin: Pin P1-A4
Add Pin To Net: Unknown Pin: Pin P1-A5
Add Pin To Net: Unknown Pin: Pin P1-A6
Add Pin To Net: Unknown Pin: Pin P1-A7
Add Pin To Net: Unknown Pin: Pin P1-A8
Add Pin To Net: Unknown Pin: Pin P1-A9
Add Pin To Net: Unknown Pin: Pin P1-A10
Add Pin To Net: Unknown Pin: Pin P1-A11
Add Pin To Net: Unknown Pin: Pin P1-A12
Add Pin To Net: Unknown Pin: Pin P1-A13
Add Pin To Net: Unknown Pin: Pin P1-A14
Add Pin To Net: Unknown Pin: Pin P1-A15
Add Pin To Net: Unknown Pin: Pin P1-A16
Add Pin To Net: Unknown Pin: Pin P1-A17
Add Pin To Net: Unknown Pin: Pin P1-A18
Add Pin To Net: Unknown Pin: Pin P1-A19
Add Pin To Net: Unknown Pin: Pin P1-A20
Add Pin To Net: Unknown Pin: Pin P1-A21
Add Pin To Net: Unknown Pin: Pin P1-A22
Add Pin To Net: Unknown Pin: Pin P1-A23
Add Pin To Net: Unknown Pin: Pin P1-A24
Add Pin To Net: Unknown Pin: Pin P1-A25
Add Pin To Net: Unknown Pin: Pin P1-A26
Add Pin To Net: Unknown Pin: Pin P1-A27
Add Pin To Net: Unknown Pin: Pin P1-A28
Add Pin To Net: Unknown Pin: Pin P1-A29
Add Pin To Net: Unknown Pin: Pin P1-A30
Add Pin To Net: Unknown Pin: Pin P1-A31
Add Pin To Net: Unknown Pin: Pin P1-A32
Add Pin To Net: Unknown Pin: Pin P1-A33
Add Pin To Net: Unknown Pin: Pin P1-A34
Add Pin To Net: Unknown Pin: Pin P1-A35
Add Pin To Net: Unknown Pin: Pin P1-A36
Add Pin To Net: Unknown Pin: Pin P1-A37
Add Pin To Net: Unknown Pin: Pin P1-A38
Add Pin To Net: Unknown Pin: Pin P1-A39
Add Pin To Net: Unknown Pin: Pin P1-A40
Add Pin To Net: Unknown Pin: Pin P1-A41
Add Pin To Net: Unknown Pin: Pin P1-A42
Add Pin To Net: Unknown Pin: Pin P1-A43
Add Pin To Net: Unknown Pin: Pin P1-A44
Add Pin To Net: Unknown Pin: Pin P1-A45
Add Pin To Net: Unknown Pin: Pin P1-A46
Add Pin To Net: Unknown Pin: Pin P1-A47
Add Pin To Net: Unknown Pin: Pin P1-A48
Add Pin To Net: Unknown Pin: Pin P1-A49
Add Pin To Net: Unknown Pin: Pin P1-B1
Add Pin To Net: Unknown Pin: Pin P1-B2
Add Pin To Net: Unknown Pin: Pin P1-B3
Add Pin To Net: Unknown Pin: Pin P1-B4
Add Pin To Net: Unknown Pin: Pin P1-B5
Add Pin To Net: Unknown Pin: Pin P1-B6
Add Pin To Net: Unknown Pin: Pin P1-B7
Add Pin To Net: Unknown Pin: Pin P1-B8
Add Pin To Net: Unknown Pin: Pin P1-B9
Add Pin To Net: Unknown Pin: Pin P1-B10
Add Pin To Net: Unknown Pin: Pin P1-B11
Add Pin To Net: Unknown Pin: Pin P2-A1
Add Pin To Net: Unknown Pin: Pin P2-A2
Add Pin To Net: Unknown Pin: Pin P2-A3
Add Pin To Net: Unknown Pin: Pin P2-A4
Add Pin To Net: Unknown Pin: Pin P2-A5
Add Pin To Net: Unknown Pin: Pin P2-A6
Add Pin To Net: Unknown Pin: Pin P2-A7
Add Pin To Net: Unknown Pin: Pin P2-A8
Add Pin To Net: Unknown Pin: Pin P2-A9
Add Pin To Net: Unknown Pin: Pin P2-A10
Add Pin To Net: Unknown Pin: Pin P2-A11
Add Pin To Net: Unknown Pin: Pin P2-B1
Add Pin To Net: Unknown Pin: Pin P2-B2
Add Pin To Net: Unknown Pin: Pin P2-B3
Add Pin To Net: Unknown Pin: Pin P2-B4
Add Pin To Net: Unknown Pin: Pin P2-B5
Add Pin To Net: Unknown Pin: Pin P2-B6
Add Pin To Net: Unknown Pin: Pin P2-B7
Add Pin To Net: Unknown Pin: Pin P2-B8
Add Pin To Net: Unknown Pin: Pin P2-B9
Add Pin To Net: Unknown Pin: Pin P2-B10
Add Pin To Net: Unknown Pin: Pin P2-B11
Add Pin To Net: Unknown Pin: Pin P2-B12
Add Pin To Net: Unknown Pin: Pin P2-B13
Add Pin To Net: Unknown Pin: Pin P2-B14
Add Pin To Net: Unknown Pin: Pin P2-B15
Add Pin To Net: Unknown Pin: Pin P2-B16
Add Pin To Net: Unknown Pin: Pin P2-B17
Add Pin To Net: Unknown Pin: Pin P2-B18
Add Pin To Net: Unknown Pin: Pin P2-B19
Add Pin To Net: Unknown Pin: Pin P2-B20
Add Pin To Net: Unknown Pin: Pin P2-B21
Add Pin To Net: Unknown Pin: Pin P2-B22
Add Pin To Net: Unknown Pin: Pin P2-B23
Add Pin To Net: Unknown Pin: Pin P2-B24
Add Pin To Net: Unknown Pin: Pin P2-B25
Add Pin To Net: Unknown Pin: Pin P2-B26
Add Pin To Net: Unknown Pin: Pin P2-B27
Add Pin To Net: Unknown Pin: Pin P2-B28
Add Pin To Net: Unknown Pin: Pin P2-B29
Add Pin To Net: Unknown Pin: Pin P2-B30
Add Pin To Net: Unknown Pin: Pin P2-B31
Add Pin To Net: Unknown Pin: Pin P2-B32
Add Pin To Net: Unknown Pin: Pin P2-B33
Add Pin To Net: Unknown Pin: Pin P2-B34
Add Pin To Net: Unknown Pin: Pin P2-B35
Add Pin To Net: Unknown Pin: Pin P2-B36
Add Pin To Net: Unknown Pin: Pin P2-B37
Add Pin To Net: Unknown Pin: Pin P2-B38
Add Pin To Net: Unknown Pin: Pin P2-B39
Add Pin To Net: Unknown Pin: Pin P2-B40
Add Pin To Net: Unknown Pin: Pin P2-B41
Add Pin To Net: Unknown Pin: Pin P2-B42
Add Pin To Net: Unknown Pin: Pin P2-B43
Add Pin To Net: Unknown Pin: Pin P2-B44
Add Pin To Net: Unknown Pin: Pin P2-B45
Add Pin To Net: Unknown Pin: Pin P2-B46
Add Pin To Net: Unknown Pin: Pin P2-B47
Add Pin To Net: Unknown Pin: Pin P2-B48
Add Pin To Net: Unknown Pin: Pin P2-B49
Added Net: Name=NetP1_B12
Added Net: Name=NetP1_B13
Added Net: Name=NetP1_B14
Added Net: Name=NetP1_B15
Added Net: Name=NetP1_B16
Added Net: Name=NetP1_B17
Added Net: Name=NetP1_B18
Added Net: Name=NetP1_B19
Added Net: Name=NetP1_B20
Added Net: Name=NetP1_B21
Added Net: Name=NetP1_B22
Added Net: Name=NetP1_B23
Added Net: Name=NetP1_B24
Added Net: Name=NetP1_B25
Added Net: Name=NetP1_B26
Added Net: Name=NetP1_B27
Added Net: Name=NetP1_B28
Added Net: Name=NetP1_B29
Added Net: Name=NetP1_B30
Added Net: Name=NetP1_B31
Added Net: Name=NetP1_B32
Added Net: Name=NetP1_B33
Added Net: Name=NetP1_B34
Added Net: Name=NetP1_B35
Added Net: Name=NetP1_B36
Added Net: Name=NetP1_B37
Added Net: Name=NetP1_B38
Added Net: Name=NetP1_B39
Added Net: Name=NetP1_B40
Added Net: Name=NetP1_B41
Added Net: Name=NetP1_B42
Added Net: Name=NetP1_B43
Added Net: Name=NetP1_B44
Added Net: Name=NetP1_B45
Added Net: Name=NetP1_B46
Added Net: Name=NetP1_B47
Added Net: Name=NetP1_B48
Added Net: Name=NetP1_B49
Add Class Member: Failed to add class member : Component P1 G630H9812248EU
Add Class Member: Failed to add class member : Component P2 G630H9812248EU
Added Room: Name=PCIe_connection_board
