Added Pin To Net: NetName=GND Pin=P1-B1
Added Pin To Net: NetName=GND Pin=P1-B2
Added Pin To Net: NetName=GND Pin=P1-B3
Added Pin To Net: NetName=GND Pin=P1-B4
Added Pin To Net: NetName=GND Pin=P1-B5
Added Pin To Net: NetName=GND Pin=P1-B6
Added Pin To Net: NetName=GND Pin=P1-B7
Added Pin To Net: NetName=GND Pin=P1-B8
Added Pin To Net: NetName=GND Pin=P1-B9
Added Pin To Net: NetName=GND Pin=P1-B10
Added Pin To Net: NetName=GND Pin=P1-B11
Added Pin To Net: NetName=GND Pin=P2-A1
Added Pin To Net: NetName=GND Pin=P2-A2
Added Pin To Net: NetName=GND Pin=P2-A3
Added Pin To Net: NetName=GND Pin=P2-A4
Added Pin To Net: NetName=GND Pin=P2-A5
Added Pin To Net: NetName=GND Pin=P2-A6
Added Pin To Net: NetName=GND Pin=P2-A7
Added Pin To Net: NetName=GND Pin=P2-A8
Added Pin To Net: NetName=GND Pin=P2-A9
Added Pin To Net: NetName=GND Pin=P2-A10
Added Pin To Net: NetName=GND Pin=P2-A11
Added Net: Name=GND
Added Pin To Net: NetName=NetLabel1 Pin=P1-B12
Added Pin To Net: NetName=NetLabel1 Pin=P2-A12
Added Net: Name=NetLabel1
Added Pin To Net: NetName=NetLabel2 Pin=P1-B13
Added Pin To Net: NetName=NetLabel2 Pin=P2-A13
Added Net: Name=NetLabel2
Added Pin To Net: NetName=NetLabel3 Pin=P1-B14
Added Pin To Net: NetName=NetLabel3 Pin=P2-A14
Added Net: Name=NetLabel3
Added Pin To Net: NetName=NetLabel4 Pin=P1-B15
Added Pin To Net: NetName=NetLabel4 Pin=P2-A15
Added Net: Name=NetLabel4
Added Pin To Net: NetName=NetLabel5 Pin=P1-B16
Added Pin To Net: NetName=NetLabel5 Pin=P2-A16
Added Net: Name=NetLabel5
Added Pin To Net: NetName=NetLabel6 Pin=P1-B17
Added Pin To Net: NetName=NetLabel6 Pin=P2-A17
Added Net: Name=NetLabel6
Added Pin To Net: NetName=NetLabel7 Pin=P1-B18
Added Pin To Net: NetName=NetLabel7 Pin=P2-A18
Added Net: Name=NetLabel7
Added Pin To Net: NetName=NetLabel8 Pin=P1-B19
Added Pin To Net: NetName=NetLabel8 Pin=P2-A19
Added Net: Name=NetLabel8
Added Pin To Net: NetName=NetLabel9 Pin=P1-B20
Added Pin To Net: NetName=NetLabel9 Pin=P2-A20
Added Net: Name=NetLabel9
Added Pin To Net: NetName=NetLabel10 Pin=P1-B21
Added Pin To Net: NetName=NetLabel10 Pin=P2-A21
Added Net: Name=NetLabel10
Added Pin To Net: NetName=NetLabel11 Pin=P1-B22
Added Pin To Net: NetName=NetLabel11 Pin=P2-A22
Added Net: Name=NetLabel11
Added Pin To Net: NetName=NetLabel12 Pin=P1-B23
Added Pin To Net: NetName=NetLabel12 Pin=P2-A23
Added Net: Name=NetLabel12
Added Pin To Net: NetName=NetLabel13 Pin=P1-B24
Added Pin To Net: NetName=NetLabel13 Pin=P2-A24
Added Net: Name=NetLabel13
Added Pin To Net: NetName=NetLabel14 Pin=P1-B25
Added Pin To Net: NetName=NetLabel14 Pin=P2-A25
Added Net: Name=NetLabel14
Added Pin To Net: NetName=NetLabel15 Pin=P1-B26
Added Pin To Net: NetName=NetLabel15 Pin=P2-A26
Added Net: Name=NetLabel15
Added Pin To Net: NetName=NetLabel16 Pin=P1-B27
Added Pin To Net: NetName=NetLabel16 Pin=P2-A27
Added Net: Name=NetLabel16
Added Pin To Net: NetName=NetLabel17 Pin=P1-B28
Added Pin To Net: NetName=NetLabel17 Pin=P2-A28
Added Net: Name=NetLabel17
Added Pin To Net: NetName=NetLabel18 Pin=P1-B29
Added Pin To Net: NetName=NetLabel18 Pin=P2-A29
Added Net: Name=NetLabel18
Added Pin To Net: NetName=NetLabel19 Pin=P1-B30
Added Pin To Net: NetName=NetLabel19 Pin=P2-A30
Added Net: Name=NetLabel19
Added Pin To Net: NetName=NetLabel20 Pin=P1-B31
Added Pin To Net: NetName=NetLabel20 Pin=P2-A31
Added Net: Name=NetLabel20
Added Pin To Net: NetName=NetLabel21 Pin=P1-B32
Added Pin To Net: NetName=NetLabel21 Pin=P2-A32
Added Net: Name=NetLabel21
Added Pin To Net: NetName=NetLabel22 Pin=P1-B33
Added Pin To Net: NetName=NetLabel22 Pin=P2-A33
Added Net: Name=NetLabel22
Added Pin To Net: NetName=NetLabel23 Pin=P1-B34
Added Pin To Net: NetName=NetLabel23 Pin=P2-A34
Added Net: Name=NetLabel23
Added Pin To Net: NetName=NetLabel24 Pin=P1-B35
Added Pin To Net: NetName=NetLabel24 Pin=P2-A35
Added Net: Name=NetLabel24
Added Pin To Net: NetName=NetLabel25 Pin=P1-B36
Added Pin To Net: NetName=NetLabel25 Pin=P2-A36
Added Net: Name=NetLabel25
Added Pin To Net: NetName=NetLabel26 Pin=P1-B37
Added Pin To Net: NetName=NetLabel26 Pin=P2-A37
Added Net: Name=NetLabel26
Added Pin To Net: NetName=NetLabel27 Pin=P1-B38
Added Pin To Net: NetName=NetLabel27 Pin=P2-A38
Added Net: Name=NetLabel27
Added Pin To Net: NetName=NetLabel28 Pin=P1-B39
Added Pin To Net: NetName=NetLabel28 Pin=P2-A39
Added Net: Name=NetLabel28
Added Pin To Net: NetName=NetLabel29 Pin=P1-B40
Added Pin To Net: NetName=NetLabel29 Pin=P2-A40
Added Net: Name=NetLabel29
Added Pin To Net: NetName=NetLabel30 Pin=P1-B41
Added Pin To Net: NetName=NetLabel30 Pin=P2-A41
Added Net: Name=NetLabel30
Added Pin To Net: NetName=NetLabel31 Pin=P1-B42
Added Pin To Net: NetName=NetLabel31 Pin=P2-A42
Added Net: Name=NetLabel31
Added Pin To Net: NetName=NetLabel32 Pin=P1-B43
Added Pin To Net: NetName=NetLabel32 Pin=P2-A43
Added Net: Name=NetLabel32
Added Pin To Net: NetName=NetLabel34 Pin=P1-B44
Added Pin To Net: NetName=NetLabel34 Pin=P2-A44
Added Net: Name=NetLabel34
Added Pin To Net: NetName=NetLabel35 Pin=P1-B45
Added Pin To Net: NetName=NetLabel35 Pin=P2-A45
Added Net: Name=NetLabel35
Added Pin To Net: NetName=NetLabel36 Pin=P1-B46
Added Pin To Net: NetName=NetLabel36 Pin=P2-A46
Added Net: Name=NetLabel36
Added Pin To Net: NetName=NetLabel37 Pin=P1-B47
Added Pin To Net: NetName=NetLabel37 Pin=P2-A47
Added Net: Name=NetLabel37
Added Pin To Net: NetName=NetLabel38 Pin=P1-B48
Added Pin To Net: NetName=NetLabel38 Pin=P2-A48
Added Net: Name=NetLabel38
Added Pin To Net: NetName=NetLabel39 Pin=P1-B49
Added Pin To Net: NetName=NetLabel39 Pin=P2-A49
Added Net: Name=NetLabel39
