Added Component: Designator=J1(SAMTEC_PCIE-098-02-X-D-EMS2-BG)
Add component (AddParameter): Name = "Availability"; Value = "Unavailable"; VariantName = "[No Variations]"
Add component (AddParameter): Name = "MF"; Value = "Samtec Inc."; VariantName = "[No Variations]"
Add component (AddParameter): Name = "MP"; Value = "PCIE-098-02-X-D-EMS2-BG"; VariantName = "[No Variations]"
Add component (AddParameter): Name = "Package"; Value = "None"; VariantName = "[No Variations]"
Add component (AddParameter): Name = "Price"; Value = "None"; VariantName = "[No Variations]"
Add component (AddParameter): Name = "Value"; Value = ""; VariantName = "[No Variations]"
Added Component: Designator=J2(SAMTEC_PCIE-098-02-X-D-EMS2-BG)
Add component (AddParameter): Name = "Availability"; Value = "Unavailable"; VariantName = "[No Variations]"
Add component (AddParameter): Name = "MF"; Value = "Samtec Inc."; VariantName = "[No Variations]"
Add component (AddParameter): Name = "MP"; Value = "PCIE-098-02-X-D-EMS2-BG"; VariantName = "[No Variations]"
Add component (AddParameter): Name = "Package"; Value = "None"; VariantName = "[No Variations]"
Add component (AddParameter): Name = "Price"; Value = "None"; VariantName = "[No Variations]"
Add component (AddParameter): Name = "Value"; Value = ""; VariantName = "[No Variations]"
Added Component: Designator=J3(SAMTEC_PCIE-098-02-X-D-EMS2-BG)
Add component (AddParameter): Name = "Availability"; Value = "Unavailable"; VariantName = "[No Variations]"
Add component (AddParameter): Name = "MF"; Value = "Samtec Inc."; VariantName = "[No Variations]"
Add component (AddParameter): Name = "MP"; Value = "PCIE-098-02-X-D-EMS2-BG"; VariantName = "[No Variations]"
Add component (AddParameter): Name = "Package"; Value = "None"; VariantName = "[No Variations]"
Add component (AddParameter): Name = "Price"; Value = "None"; VariantName = "[No Variations]"
Add component (AddParameter): Name = "Value"; Value = ""; VariantName = "[No Variations]"
Added Component: Designator=J4(SAMTEC_PCIE-098-02-X-D-EMS2-BG)
Add component (AddParameter): Name = "Availability"; Value = "Unavailable"; VariantName = "[No Variations]"
Add component (AddParameter): Name = "MF"; Value = "Samtec Inc."; VariantName = "[No Variations]"
Add component (AddParameter): Name = "MP"; Value = "PCIE-098-02-X-D-EMS2-BG"; VariantName = "[No Variations]"
Add component (AddParameter): Name = "Package"; Value = "None"; VariantName = "[No Variations]"
Add component (AddParameter): Name = "Price"; Value = "None"; VariantName = "[No Variations]"
Add component (AddParameter): Name = "Value"; Value = ""; VariantName = "[No Variations]"
Added Component: Designator=P1(HDR2X20)
Add component (AddParameter): Name = "LatestRevisionDate"; Value = "17-Jul-2002"; VariantName = "[No Variations]"
Add component (AddParameter): Name = "LatestRevisionNote"; Value = "Re-released for DXP Platform."; VariantName = "[No Variations]"
Add component (AddParameter): Name = "Publisher"; Value = "Altium Limited"; VariantName = "[No Variations]"
Added Component: Designator=P2(HDR2X8)
Add component (AddParameter): Name = "LatestRevisionDate"; Value = "17-Jul-2002"; VariantName = "[No Variations]"
Add component (AddParameter): Name = "LatestRevisionNote"; Value = "Re-released for DXP Platform."; VariantName = "[No Variations]"
Add component (AddParameter): Name = "Publisher"; Value = "Altium Limited"; VariantName = "[No Variations]"
Added Component: Designator=P3(HDR2X8)
Add component (AddParameter): Name = "LatestRevisionDate"; Value = "17-Jul-2002"; VariantName = "[No Variations]"
Add component (AddParameter): Name = "LatestRevisionNote"; Value = "Re-released for DXP Platform."; VariantName = "[No Variations]"
Add component (AddParameter): Name = "Publisher"; Value = "Altium Limited"; VariantName = "[No Variations]"
Added Component: Designator=P?(PCIeX4-GF-2D-1000-1K-O64)
Added Component: Designator=U1(FP-DW0020A-MFG)
Add component (AddParameter): Name = "Ambient Temperature Range High"; Value = "+85°C"; VariantName = "[No Variations]"
Add component (AddParameter): Name = "Ambient Temperature Range Low"; Value = "-40°C"; VariantName = "[No Variations]"
Add component (AddParameter): Name = "Automotive"; Value = "No"; VariantName = "[No Variations]"
Add component (AddParameter): Name = "Category"; Value = "IC"; VariantName = "[No Variations]"
Add component (AddParameter): Name = "ComponentLink2Description"; Value = "Datasheet"; VariantName = "[No Variations]"
Add component (AddParameter): Name = "ComponentLink2URL"; Value = "http://www.ti.com/lit/ds/symlink/sn74hct245.pdf"; VariantName = "[No Variations]"
Add component (AddParameter): Name = "Device Class L1"; Value = "Integrated Circuits (ICs)"; VariantName = "[No Variations]"
Add component (AddParameter): Name = "Device Class L2"; Value = "Logic ICs"; VariantName = "[No Variations]"
Add component (AddParameter): Name = "Device Class L3"; Value = "Drivers and Transceivers"; VariantName = "[No Variations]"
Add component (AddParameter): Name = "Digikey Description"; Value = "IC TXRX NON-INVERT 5.5V 20SOIC"; VariantName = "[No Variations]"
Add component (AddParameter): Name = "Frequency"; Value = "25MHz"; VariantName = "[No Variations]"
Add component (AddParameter): Name = "Height"; Value = "2.65mm"; VariantName = "[No Variations]"
Add component (AddParameter): Name = "Ipc Land Pattern Name"; Value = "SOIC127P1030X265-20"; VariantName = "[No Variations]"
Add component (AddParameter): Name = "Lead Free"; Value = "Yes"; VariantName = "[No Variations]"
Add component (AddParameter): Name = "Logic Function Desc"; Value = "Non-Inverting"; VariantName = "[No Variations]"
Add component (AddParameter): Name = "Manufacturer"; Value = "Texas Instruments"; VariantName = "[No Variations]"
Add component (AddParameter): Name = "Manufacturer Part Number"; Value = "SN74HCT245DWR"; VariantName = "[No Variations]"
Add component (AddParameter): Name = "Max Junction Temp"; Value = "+150°C"; VariantName = "[No Variations]"
Add component (AddParameter): Name = "Max Supply Voltage"; Value = "5.5V"; VariantName = "[No Variations]"
Add component (AddParameter): Name = "Min Supply Voltage"; Value = "4.5V"; VariantName = "[No Variations]"
Add component (AddParameter): Name = "Mouser Description"; Value = "Octal Bus Transceivers With 3-State Outputs 20-SOIC -40 to 85"; VariantName = "[No Variations]"
Add component (AddParameter): Name = "Nominal Supply Current"; Value = "80uA"; VariantName = "[No Variations]"
Add component (AddParameter): Name = "Number Of Circuits"; Value = "1"; VariantName = "[No Variations]"
Add component (AddParameter): Name = "Number Of Inputs"; Value = "8"; VariantName = "[No Variations]"
Add component (AddParameter): Name = "Number Of Outputs"; Value = "8"; VariantName = "[No Variations]"
Add component (AddParameter): Name = "Octopart"; Value = "https://octopart.com/sn74hct245dwr-texas+instruments-516824"; VariantName = "[No Variations]"
Add component (AddParameter): Name = "Package"; Value = "DW0020A"; VariantName = "[No Variations]"
Add component (AddParameter): Name = "Propagation Delay"; Value = "18ns"; VariantName = "[No Variations]"
Add component (AddParameter): Name = "RoHS"; Value = "TRUE"; VariantName = "[No Variations]"
Add component (AddParameter): Name = "Standoff Height"; Value = "0.1mm"; VariantName = "[No Variations]"
Add component (AddParameter): Name = "Temperature"; Value = "-40°C to +85°C"; VariantName = "[No Variations]"
Add component (AddParameter): Name = "Temperature Range High"; Value = "+85°C"; VariantName = "[No Variations]"
Add component (AddParameter): Name = "Temperature Range Low"; Value = "-40°C"; VariantName = "[No Variations]"
Added Component: Designator=U2(FP-DW0020A-MFG)
Add component (AddParameter): Name = "Ambient Temperature Range High"; Value = "+85°C"; VariantName = "[No Variations]"
Add component (AddParameter): Name = "Ambient Temperature Range Low"; Value = "-40°C"; VariantName = "[No Variations]"
Add component (AddParameter): Name = "Automotive"; Value = "No"; VariantName = "[No Variations]"
Add component (AddParameter): Name = "Category"; Value = "IC"; VariantName = "[No Variations]"
Add component (AddParameter): Name = "ComponentLink2Description"; Value = "Datasheet"; VariantName = "[No Variations]"
Add component (AddParameter): Name = "ComponentLink2URL"; Value = "http://www.ti.com/lit/ds/symlink/sn74hct245.pdf"; VariantName = "[No Variations]"
Add component (AddParameter): Name = "Device Class L1"; Value = "Integrated Circuits (ICs)"; VariantName = "[No Variations]"
Add component (AddParameter): Name = "Device Class L2"; Value = "Logic ICs"; VariantName = "[No Variations]"
Add component (AddParameter): Name = "Device Class L3"; Value = "Drivers and Transceivers"; VariantName = "[No Variations]"
Add component (AddParameter): Name = "Digikey Description"; Value = "IC TXRX NON-INVERT 5.5V 20SOIC"; VariantName = "[No Variations]"
Add component (AddParameter): Name = "Frequency"; Value = "25MHz"; VariantName = "[No Variations]"
Add component (AddParameter): Name = "Height"; Value = "2.65mm"; VariantName = "[No Variations]"
Add component (AddParameter): Name = "Ipc Land Pattern Name"; Value = "SOIC127P1030X265-20"; VariantName = "[No Variations]"
Add component (AddParameter): Name = "Lead Free"; Value = "Yes"; VariantName = "[No Variations]"
Add component (AddParameter): Name = "Logic Function Desc"; Value = "Non-Inverting"; VariantName = "[No Variations]"
Add component (AddParameter): Name = "Manufacturer"; Value = "Texas Instruments"; VariantName = "[No Variations]"
Add component (AddParameter): Name = "Manufacturer Part Number"; Value = "SN74HCT245DWR"; VariantName = "[No Variations]"
Add component (AddParameter): Name = "Max Junction Temp"; Value = "+150°C"; VariantName = "[No Variations]"
Add component (AddParameter): Name = "Max Supply Voltage"; Value = "5.5V"; VariantName = "[No Variations]"
Add component (AddParameter): Name = "Min Supply Voltage"; Value = "4.5V"; VariantName = "[No Variations]"
Add component (AddParameter): Name = "Mouser Description"; Value = "Octal Bus Transceivers With 3-State Outputs 20-SOIC -40 to 85"; VariantName = "[No Variations]"
Add component (AddParameter): Name = "Nominal Supply Current"; Value = "80uA"; VariantName = "[No Variations]"
Add component (AddParameter): Name = "Number Of Circuits"; Value = "1"; VariantName = "[No Variations]"
Add component (AddParameter): Name = "Number Of Inputs"; Value = "8"; VariantName = "[No Variations]"
Add component (AddParameter): Name = "Number Of Outputs"; Value = "8"; VariantName = "[No Variations]"
Add component (AddParameter): Name = "Octopart"; Value = "https://octopart.com/sn74hct245dwr-texas+instruments-516824"; VariantName = "[No Variations]"
Add component (AddParameter): Name = "Package"; Value = "DW0020A"; VariantName = "[No Variations]"
Add component (AddParameter): Name = "Propagation Delay"; Value = "18ns"; VariantName = "[No Variations]"
Add component (AddParameter): Name = "RoHS"; Value = "TRUE"; VariantName = "[No Variations]"
Add component (AddParameter): Name = "Standoff Height"; Value = "0.1mm"; VariantName = "[No Variations]"
Add component (AddParameter): Name = "Temperature"; Value = "-40°C to +85°C"; VariantName = "[No Variations]"
Add component (AddParameter): Name = "Temperature Range High"; Value = "+85°C"; VariantName = "[No Variations]"
Add component (AddParameter): Name = "Temperature Range Low"; Value = "-40°C"; VariantName = "[No Variations]"
Added Component: Designator=U3(SOIC-SO28_N)
Add component (AddParameter): Name = "Code_JEDEC"; Value = "MS-013"; VariantName = "[No Variations]"
Add component (AddParameter): Name = "ComponentLink1Description"; Value = "Manufacturer URL"; VariantName = "[No Variations]"
Add component (AddParameter): Name = "ComponentLink1URL"; Value = "http://www.microchip.com/"; VariantName = "[No Variations]"
Add component (AddParameter): Name = "ComponentLink2Description"; Value = "Datasheet"; VariantName = "[No Variations]"
Add component (AddParameter): Name = "ComponentLink2URL"; Value = "http://ww1.microchip.com/downloads/en/DeviceDoc/21952b.pdf"; VariantName = "[No Variations]"
Add component (AddParameter): Name = "ComponentLink3Description"; Value = "Package Specification"; VariantName = "[No Variations]"
Add component (AddParameter): Name = "ComponentLink3URL"; Value = "http://www.microchip.com/stellent/groups/techpub_sg/documents/packagingspec/en012702.pdf"; VariantName = "[No Variations]"
Add component (AddParameter): Name = "DatasheetVersion"; Value = "revB, Feb-2007"; VariantName = "[No Variations]"
Add component (AddParameter): Name = "PackageDescription"; Value = "28-Lead Plastic Small Outline (SO) - Wide 7.50mm Body [SOIC]"; VariantName = "[No Variations]"
Add component (AddParameter): Name = "PackageReference"; Value = "SOIC-SO28"; VariantName = "[No Variations]"
Add component (AddParameter): Name = "PackageVersion"; Value = "revBB, Aug-2009"; VariantName = "[No Variations]"
Add component (AddParameter): Name = "RevisionNote"; Value = "URLs added."; VariantName = "[No Variations]"
Added Component: Designator=U4(FP-DW0020A-MFG)
Add component (AddParameter): Name = "Ambient Temperature Range High"; Value = "+85°C"; VariantName = "[No Variations]"
Add component (AddParameter): Name = "Ambient Temperature Range Low"; Value = "-40°C"; VariantName = "[No Variations]"
Add component (AddParameter): Name = "Automotive"; Value = "No"; VariantName = "[No Variations]"
Add component (AddParameter): Name = "Category"; Value = "IC"; VariantName = "[No Variations]"
Add component (AddParameter): Name = "ComponentLink2Description"; Value = "Datasheet"; VariantName = "[No Variations]"
Add component (AddParameter): Name = "ComponentLink2URL"; Value = "http://www.ti.com/lit/ds/symlink/sn74hct245.pdf"; VariantName = "[No Variations]"
Add component (AddParameter): Name = "Device Class L1"; Value = "Integrated Circuits (ICs)"; VariantName = "[No Variations]"
Add component (AddParameter): Name = "Device Class L2"; Value = "Logic ICs"; VariantName = "[No Variations]"
Add component (AddParameter): Name = "Device Class L3"; Value = "Drivers and Transceivers"; VariantName = "[No Variations]"
Add component (AddParameter): Name = "Digikey Description"; Value = "IC TXRX NON-INVERT 5.5V 20SOIC"; VariantName = "[No Variations]"
Add component (AddParameter): Name = "Frequency"; Value = "25MHz"; VariantName = "[No Variations]"
Add component (AddParameter): Name = "Height"; Value = "2.65mm"; VariantName = "[No Variations]"
Add component (AddParameter): Name = "Ipc Land Pattern Name"; Value = "SOIC127P1030X265-20"; VariantName = "[No Variations]"
Add component (AddParameter): Name = "Lead Free"; Value = "Yes"; VariantName = "[No Variations]"
Add component (AddParameter): Name = "Logic Function Desc"; Value = "Non-Inverting"; VariantName = "[No Variations]"
Add component (AddParameter): Name = "Manufacturer"; Value = "Texas Instruments"; VariantName = "[No Variations]"
Add component (AddParameter): Name = "Manufacturer Part Number"; Value = "SN74HCT245DWR"; VariantName = "[No Variations]"
Add component (AddParameter): Name = "Max Junction Temp"; Value = "+150°C"; VariantName = "[No Variations]"
Add component (AddParameter): Name = "Max Supply Voltage"; Value = "5.5V"; VariantName = "[No Variations]"
Add component (AddParameter): Name = "Min Supply Voltage"; Value = "4.5V"; VariantName = "[No Variations]"
Add component (AddParameter): Name = "Mouser Description"; Value = "Octal Bus Transceivers With 3-State Outputs 20-SOIC -40 to 85"; VariantName = "[No Variations]"
Add component (AddParameter): Name = "Nominal Supply Current"; Value = "80uA"; VariantName = "[No Variations]"
Add component (AddParameter): Name = "Number Of Circuits"; Value = "1"; VariantName = "[No Variations]"
Add component (AddParameter): Name = "Number Of Inputs"; Value = "8"; VariantName = "[No Variations]"
Add component (AddParameter): Name = "Number Of Outputs"; Value = "8"; VariantName = "[No Variations]"
Add component (AddParameter): Name = "Octopart"; Value = "https://octopart.com/sn74hct245dwr-texas+instruments-516824"; VariantName = "[No Variations]"
Add component (AddParameter): Name = "Package"; Value = "DW0020A"; VariantName = "[No Variations]"
Add component (AddParameter): Name = "Propagation Delay"; Value = "18ns"; VariantName = "[No Variations]"
Add component (AddParameter): Name = "RoHS"; Value = "TRUE"; VariantName = "[No Variations]"
Add component (AddParameter): Name = "Standoff Height"; Value = "0.1mm"; VariantName = "[No Variations]"
Add component (AddParameter): Name = "Temperature"; Value = "-40°C to +85°C"; VariantName = "[No Variations]"
Add component (AddParameter): Name = "Temperature Range High"; Value = "+85°C"; VariantName = "[No Variations]"
Add component (AddParameter): Name = "Temperature Range Low"; Value = "-40°C"; VariantName = "[No Variations]"
Added Component: Designator=U5(FP-DW0020A-MFG)
Add component (AddParameter): Name = "Ambient Temperature Range High"; Value = "+85°C"; VariantName = "[No Variations]"
Add component (AddParameter): Name = "Ambient Temperature Range Low"; Value = "-40°C"; VariantName = "[No Variations]"
Add component (AddParameter): Name = "Automotive"; Value = "No"; VariantName = "[No Variations]"
Add component (AddParameter): Name = "Category"; Value = "IC"; VariantName = "[No Variations]"
Add component (AddParameter): Name = "ComponentLink2Description"; Value = "Datasheet"; VariantName = "[No Variations]"
Add component (AddParameter): Name = "ComponentLink2URL"; Value = "http://www.ti.com/lit/ds/symlink/sn74hct245.pdf"; VariantName = "[No Variations]"
Add component (AddParameter): Name = "Device Class L1"; Value = "Integrated Circuits (ICs)"; VariantName = "[No Variations]"
Add component (AddParameter): Name = "Device Class L2"; Value = "Logic ICs"; VariantName = "[No Variations]"
Add component (AddParameter): Name = "Device Class L3"; Value = "Drivers and Transceivers"; VariantName = "[No Variations]"
Add component (AddParameter): Name = "Digikey Description"; Value = "IC TXRX NON-INVERT 5.5V 20SOIC"; VariantName = "[No Variations]"
Add component (AddParameter): Name = "Frequency"; Value = "25MHz"; VariantName = "[No Variations]"
Add component (AddParameter): Name = "Height"; Value = "2.65mm"; VariantName = "[No Variations]"
Add component (AddParameter): Name = "Ipc Land Pattern Name"; Value = "SOIC127P1030X265-20"; VariantName = "[No Variations]"
Add component (AddParameter): Name = "Lead Free"; Value = "Yes"; VariantName = "[No Variations]"
Add component (AddParameter): Name = "Logic Function Desc"; Value = "Non-Inverting"; VariantName = "[No Variations]"
Add component (AddParameter): Name = "Manufacturer"; Value = "Texas Instruments"; VariantName = "[No Variations]"
Add component (AddParameter): Name = "Manufacturer Part Number"; Value = "SN74HCT245DWR"; VariantName = "[No Variations]"
Add component (AddParameter): Name = "Max Junction Temp"; Value = "+150°C"; VariantName = "[No Variations]"
Add component (AddParameter): Name = "Max Supply Voltage"; Value = "5.5V"; VariantName = "[No Variations]"
Add component (AddParameter): Name = "Min Supply Voltage"; Value = "4.5V"; VariantName = "[No Variations]"
Add component (AddParameter): Name = "Mouser Description"; Value = "Octal Bus Transceivers With 3-State Outputs 20-SOIC -40 to 85"; VariantName = "[No Variations]"
Add component (AddParameter): Name = "Nominal Supply Current"; Value = "80uA"; VariantName = "[No Variations]"
Add component (AddParameter): Name = "Number Of Circuits"; Value = "1"; VariantName = "[No Variations]"
Add component (AddParameter): Name = "Number Of Inputs"; Value = "8"; VariantName = "[No Variations]"
Add component (AddParameter): Name = "Number Of Outputs"; Value = "8"; VariantName = "[No Variations]"
Add component (AddParameter): Name = "Octopart"; Value = "https://octopart.com/sn74hct245dwr-texas+instruments-516824"; VariantName = "[No Variations]"
Add component (AddParameter): Name = "Package"; Value = "DW0020A"; VariantName = "[No Variations]"
Add component (AddParameter): Name = "Propagation Delay"; Value = "18ns"; VariantName = "[No Variations]"
Add component (AddParameter): Name = "RoHS"; Value = "TRUE"; VariantName = "[No Variations]"
Add component (AddParameter): Name = "Standoff Height"; Value = "0.1mm"; VariantName = "[No Variations]"
Add component (AddParameter): Name = "Temperature"; Value = "-40°C to +85°C"; VariantName = "[No Variations]"
Add component (AddParameter): Name = "Temperature Range High"; Value = "+85°C"; VariantName = "[No Variations]"
Add component (AddParameter): Name = "Temperature Range Low"; Value = "-40°C"; VariantName = "[No Variations]"
Added Pin To Net: NetName=NetP1_1 Pin=P1-1
Added Pin To Net: NetName=5V Pin=P1-2
Added Pin To Net: NetName=5V Pin=P1-4
Added Pin To Net: NetName=GND Pin=P1-6
Added Pin To Net: NetName=NetP1_9 Pin=P1-9
Added Pin To Net: NetName=GND Pin=P1-14
Added Pin To Net: NetName=NetP1_1 Pin=P1-17
Added Pin To Net: NetName=GND Pin=P1-20
Added Pin To Net: NetName=NetP1_9 Pin=P1-25
Added Pin To Net: NetName=GND Pin=P1-30
Added Pin To Net: NetName=GND Pin=P1-34
Added Pin To Net: NetName=NetP1_9 Pin=P1-39
Add Pin To Net: Unknown Pin: Pin P?-A4
Add Pin To Net: Unknown Pin: Pin P?-A12
Add Pin To Net: Unknown Pin: Pin P?-A15
Add Pin To Net: Unknown Pin: Pin P?-A18
Add Pin To Net: Unknown Pin: Pin P?-A20
Add Pin To Net: Unknown Pin: Pin P?-A23
Add Pin To Net: Unknown Pin: Pin P?-A24
Add Pin To Net: Unknown Pin: Pin P?-A27
Add Pin To Net: Unknown Pin: Pin P?-A28
Add Pin To Net: Unknown Pin: Pin P?-A31
Add Pin To Net: Unknown Pin: Pin P?-B4
Add Pin To Net: Unknown Pin: Pin P?-B7
Add Pin To Net: Unknown Pin: Pin P?-B13
Add Pin To Net: Unknown Pin: Pin P?-B16
Add Pin To Net: Unknown Pin: Pin P?-B18
Add Pin To Net: Unknown Pin: Pin P?-B21
Add Pin To Net: Unknown Pin: Pin P?-B22
Add Pin To Net: Unknown Pin: Pin P?-B25
Add Pin To Net: Unknown Pin: Pin P?-B26
Add Pin To Net: Unknown Pin: Pin P?-B29
Add Pin To Net: Unknown Pin: Pin P?-B32
Added Net: Name=+3.3V
Added Net: Name=+12V
Added Net: Name=3.3Vaux
Added Net: Name=JTAG1
Added Net: Name=JTAG2
Added Net: Name=JTAG3
Added Net: Name=JTAG4
Added Net: Name=JTAG5
Added Net: Name=PER0_N
Added Net: Name=PER0_P
Added Net: Name=PER1_N
Added Net: Name=PER1_P
Added Net: Name=PER2_N
Added Net: Name=PER2_P
Added Net: Name=PER3_N
Added Net: Name=PER3_P
Added Net: Name=PERST#
Added Net: Name=PET0_N
Added Net: Name=PET0_P
Added Net: Name=PET1_N
Added Net: Name=PET1_P
Added Net: Name=PET2_N
Added Net: Name=PET2_P
Added Net: Name=PET3_N
Added Net: Name=PET3_P
Added Net: Name=PRSNT1#
Added Net: Name=PRSNT2#
Added Net: Name=REFCLK+
Added Net: Name=REFCLK-
Added Net: Name=SMCLK
Added Net: Name=SMDAT
Added Net: Name=WAKE#
Added Member To Class: ClassName=Display Member=Component J1 PCIE-098-02-X-D-EMS2-BG
Added Member To Class: ClassName=Display Member=Component J2 PCIE-098-02-X-D-EMS2-BG
Added Member To Class: ClassName=Display Member=Component J3 PCIE-098-02-X-D-EMS2-BG
Added Member To Class: ClassName=Display Member=Component J4 PCIE-098-02-X-D-EMS2-BG
Added Member To Class: ClassName=Display Member=Component P1 RASPI
Added Member To Class: ClassName=Display Member=Component P2 OUTPUT
Added Member To Class: ClassName=Display Member=Component P3 INPUT
Add Class Member: Failed to add class member : Component P? PCIeX4-GF-2D-1000-1K-O64
Added Member To Class: ClassName=Display Member=Component U1 SN74HCT245DWR
Added Member To Class: ClassName=Display Member=Component U2 SN74HCT245DWR
Added Member To Class: ClassName=Display Member=Component U3 MCP23017-E/SO
Added Member To Class: ClassName=Display Member=Component U4 SN74HCT245DWR
Added Member To Class: ClassName=Display Member=Component U5 SN74HCT245DWR
Added Room: Name=Card_Edge_Connector_Adapter
Added Room: Name=Display
