Removed Pin From Net: NetName=3V3 Pin=P4-1
Removed Pin From Net: NetName=5V Pin=P4-2
Removed Pin From Net: NetName=G1_C Pin=P4-3
Removed Pin From Net: NetName=5V Pin=P4-4
Removed Pin From Net: NetName=B1_C Pin=P4-5
Removed Pin From Net: NetName=GND Pin=P4-6
Removed Pin From Net: NetName=LAT Pin=P4-7
Removed Pin From Net: NetName=R1_C Pin=P4-8
Removed Pin From Net: NetName=GND Pin=P4-9
Removed Pin From Net: NetName=E Pin=P4-10
Removed Pin From Net: NetName=CLK Pin=P4-11
Removed Pin From Net: NetName=OE Pin=P4-12
Removed Pin From Net: NetName=G1_A Pin=P4-13
Removed Pin From Net: NetName=GND Pin=P4-14
Removed Pin From Net: NetName=A Pin=P4-15
Removed Pin From Net: NetName=B Pin=P4-16
Removed Pin From Net: NetName=3V3 Pin=P4-17
Removed Pin From Net: NetName=C Pin=P4-18
Removed Pin From Net: NetName=B2_A Pin=P4-19
Removed Pin From Net: NetName=GND Pin=P4-20
Removed Pin From Net: NetName=G2_A Pin=P4-21
Removed Pin From Net: NetName=D Pin=P4-22
Removed Pin From Net: NetName=R1_A Pin=P4-23
Removed Pin From Net: NetName=R2_A Pin=P4-24
Removed Pin From Net: NetName=GND Pin=P4-25
Removed Pin From Net: NetName=B1_A Pin=P4-26
Removed Pin From Net: NetName=SDA Pin=P4-27
Removed Pin From Net: NetName=SCL Pin=P4-28
Removed Pin From Net: NetName=G1_B Pin=P4-29
Removed Pin From Net: NetName=GND Pin=P4-30
Removed Pin From Net: NetName=B1_B Pin=P4-31
Removed Pin From Net: NetName=R1_B Pin=P4-32
Removed Pin From Net: NetName=G2_B Pin=P4-33
Removed Pin From Net: NetName=GND Pin=P4-34
Removed Pin From Net: NetName=R2_B Pin=P4-35
Removed Pin From Net: NetName=G2_C Pin=P4-36
Removed Pin From Net: NetName=R2_C Pin=P4-37
Removed Pin From Net: NetName=B2_B Pin=P4-38
Removed Pin From Net: NetName=GND Pin=P4-39
Removed Pin From Net: NetName=B2_C Pin=P4-40
Removed Pin From Net: NetName=R1_B_BUFF Pin=P5-1
Removed Pin From Net: NetName=G1_B_BUFF Pin=P5-2
Removed Pin From Net: NetName=B1_B_BUFF Pin=P5-3
Removed Pin From Net: NetName=GND Pin=P5-4
Removed Pin From Net: NetName=R2_B_BUFF Pin=P5-5
Removed Pin From Net: NetName=G2_B_BUFF Pin=P5-6
Removed Pin From Net: NetName=B2_B_BUFF Pin=P5-7
Removed Pin From Net: NetName=GND Pin=P5-8
Removed Pin From Net: NetName=A_BUFF Pin=P5-9
Removed Pin From Net: NetName=B_BUFF Pin=P5-10
Removed Pin From Net: NetName=C_BUFF Pin=P5-11
Removed Pin From Net: NetName=D_BUFF Pin=P5-12
Removed Pin From Net: NetName=CLK_B_BUFF Pin=P5-13
Removed Pin From Net: NetName=LAT_B_BUFF Pin=P5-14
Removed Pin From Net: NetName=OE_B_BUFF Pin=P5-15
Removed Pin From Net: NetName=GND Pin=P5-16
Removed Pin From Net: NetName=R1_O Pin=P6-1
Removed Pin From Net: NetName=G1_O Pin=P6-2
Removed Pin From Net: NetName=B1_O Pin=P6-3
Removed Pin From Net: NetName=R2_O Pin=P6-5
Removed Pin From Net: NetName=G2_O Pin=P6-6
Removed Pin From Net: NetName=B2_O Pin=P6-7
Removed Pin From Net: NetName=A_O Pin=P6-9
Removed Pin From Net: NetName=B_O Pin=P6-10
Removed Pin From Net: NetName=C_O Pin=P6-11
Removed Pin From Net: NetName=D_O Pin=P6-12
Removed Pin From Net: NetName=CLK_O Pin=P6-13
Removed Pin From Net: NetName=LAT_O Pin=P6-14
Removed Pin From Net: NetName=OE_O Pin=P6-15
Removed Pin From Net: NetName=SDA Pin=R1-1
Removed Pin From Net: NetName=SCL Pin=R2-1
Removed Pin From Net: NetName=DISP_SENSE_A Pin=R3-1
Removed Pin From Net: NetName=3V3 Pin=R3-2
Removed Pin From Net: NetName=BAT_SENSE_A Pin=R4-1
Removed Pin From Net: NetName=3V3 Pin=R4-2
Removed Pin From Net: NetName=GND Pin=R5-1
Removed Pin From Net: NetName=DISP_SENSE_A Pin=R5-2
Removed Pin From Net: NetName=GND Pin=R6-1
Removed Pin From Net: NetName=BAT_SENSE_A Pin=R6-2
Removed Pin From Net: NetName=DISP_SENSE_B Pin=R7-1
Removed Pin From Net: NetName=3V3 Pin=R7-2
Removed Pin From Net: NetName=BAT_SENSE_B Pin=R8-1
Removed Pin From Net: NetName=3V3 Pin=R8-2
Removed Pin From Net: NetName=GND Pin=R9-1
Removed Pin From Net: NetName=DISP_SENSE_B Pin=R9-2
Removed Pin From Net: NetName=GND Pin=R10-1
Removed Pin From Net: NetName=BAT_SENSE_B Pin=R10-2
Removed Pin From Net: NetName=DISP_SENSE_C Pin=R11-1
Removed Pin From Net: NetName=3V3 Pin=R11-2
Removed Pin From Net: NetName=BAT_SENSE_C Pin=R12-1
Removed Pin From Net: NetName=3V3 Pin=R12-2
Removed Pin From Net: NetName=GND Pin=R13-1
Removed Pin From Net: NetName=DISP_SENSE_C Pin=R13-2
Removed Pin From Net: NetName=GND Pin=R14-1
Removed Pin From Net: NetName=BAT_SENSE_C Pin=R14-2
Removed Pin From Net: NetName=GND Pin=U1-1
Removed Pin From Net: NetName=GND Pin=U1-3
Removed Pin From Net: NetName=BAT_SENSE_A Pin=U1-4
Removed Pin From Net: NetName=BAT_SENSE_B Pin=U1-5
Removed Pin From Net: NetName=BAT_SENSE_C Pin=U1-6
Removed Pin From Net: NetName=DISP_SENSE_A Pin=U1-7
Removed Pin From Net: NetName=3V3 Pin=U1-8
Removed Pin From Net: NetName=SDA Pin=U1-9
Removed Pin From Net: NetName=SCL Pin=U1-10
Removed Pin From Net: NetName=3V3 Pin=U2-1
Removed Pin From Net: NetName=GND Pin=U2-3
Removed Pin From Net: NetName=DISP_SENSE_B Pin=U2-4
Removed Pin From Net: NetName=DISP_SENSE_C Pin=U2-5
Removed Pin From Net: NetName=AIN2 Pin=U2-6
Removed Pin From Net: NetName=AIN3 Pin=U2-7
Removed Pin From Net: NetName=3V3 Pin=U2-8
Removed Pin From Net: NetName=SDA Pin=U2-9
Removed Pin From Net: NetName=SCL Pin=U2-10
Removed Pin From Net: NetName=LAT Pin=U3-2
Removed Pin From Net: NetName=CLK Pin=U3-3
Removed Pin From Net: NetName=A Pin=U3-4
Removed Pin From Net: NetName=E Pin=U3-5
Removed Pin From Net: NetName=OE Pin=U3-6
Removed Pin From Net: NetName=B Pin=U3-7
Removed Pin From Net: NetName=C Pin=U3-8
Removed Pin From Net: NetName=D Pin=U3-9
Removed Pin From Net: NetName=D_BUFF Pin=U3-11
Removed Pin From Net: NetName=C_BUFF Pin=U3-12
Removed Pin From Net: NetName=B_BUFF Pin=U3-13
Removed Pin From Net: NetName=OE_A_BUFF Pin=U3-14
Removed Pin From Net: NetName=E_BUFF Pin=U3-15
Removed Pin From Net: NetName=A_BUFF Pin=U3-16
Removed Pin From Net: NetName=CLK_A_BUFF Pin=U3-17
Removed Pin From Net: NetName=LAT_A_BUFF Pin=U3-18
Removed Pin From Net: NetName=G2_B Pin=U4-2
Removed Pin From Net: NetName=R2_B Pin=U4-3
Removed Pin From Net: NetName=R2_C Pin=U4-4
Removed Pin From Net: NetName=R1_C Pin=U4-5
Removed Pin From Net: NetName=R2_A Pin=U4-6
Removed Pin From Net: NetName=B1_A Pin=U4-7
Removed Pin From Net: NetName=R1_B Pin=U4-8
Removed Pin From Net: NetName=G2_C Pin=U4-9
Removed Pin From Net: NetName=G2_C_BUFF Pin=U4-11
Removed Pin From Net: NetName=R1_B_BUFF Pin=U4-12
Removed Pin From Net: NetName=B1_A_BUFF Pin=U4-13
Removed Pin From Net: NetName=R2_A_BUFF Pin=U4-14
Removed Pin From Net: NetName=R1_C_BUFF Pin=U4-15
Removed Pin From Net: NetName=R2_C_BUFF Pin=U4-16
Removed Pin From Net: NetName=R2_B_BUFF Pin=U4-17
Removed Pin From Net: NetName=G2_B_BUFF Pin=U4-18
Removed Pin From Net: NetName=5V Pin=U5-1
Removed Pin From Net: NetName=5V Pin=U5-2
Removed Pin From Net: NetName=5V Pin=U5-3
Removed Pin From Net: NetName=5V Pin=U5-4
Removed Pin From Net: NetName=5V Pin=U6-1
Removed Pin From Net: NetName=G1_C Pin=U6-2
Removed Pin From Net: NetName=B1_C Pin=U6-3
Removed Pin From Net: NetName=G1_A Pin=U6-4
Removed Pin From Net: NetName=B2_A Pin=U6-5
Removed Pin From Net: NetName=G2_A Pin=U6-6
Removed Pin From Net: NetName=R1_A Pin=U6-7
Removed Pin From Net: NetName=G1_B Pin=U6-8
Removed Pin From Net: NetName=B1_B Pin=U6-9
Removed Pin From Net: NetName=GND Pin=U6-10
Removed Pin From Net: NetName=B1_B_BUFF Pin=U6-11
Removed Pin From Net: NetName=G1_B_BUFF Pin=U6-12
Removed Pin From Net: NetName=R1_A_BUFF Pin=U6-13
Removed Pin From Net: NetName=G2_A_BUFF Pin=U6-14
Removed Pin From Net: NetName=B2_A_BUFF Pin=U6-15
Removed Pin From Net: NetName=G1_A_BUFF Pin=U6-16
Removed Pin From Net: NetName=B1_C_BUFF Pin=U6-17
Removed Pin From Net: NetName=G1_C_BUFF Pin=U6-18
Removed Pin From Net: NetName=GND Pin=U6-19
Removed Pin From Net: NetName=5V Pin=U6-20
Removed Pin From Net: NetName=B2_B Pin=U7-2
Removed Pin From Net: NetName=B2_C Pin=U7-3
Removed Pin From Net: NetName=LAT Pin=U7-4
Removed Pin From Net: NetName=CLK Pin=U7-5
Removed Pin From Net: NetName=OE Pin=U7-6
Removed Pin From Net: NetName=LAT Pin=U7-7
Removed Pin From Net: NetName=CLK Pin=U7-8
Removed Pin From Net: NetName=OE Pin=U7-9
Removed Pin From Net: NetName=GND Pin=U7-10
Removed Pin From Net: NetName=OE_C_BUFF Pin=U7-11
Removed Pin From Net: NetName=CLK_C_BUFF Pin=U7-12
Removed Pin From Net: NetName=LAT_C_BUFF Pin=U7-13
Removed Pin From Net: NetName=OE_B_BUFF Pin=U7-14
Removed Pin From Net: NetName=CLK_B_BUFF Pin=U7-15
Removed Pin From Net: NetName=LAT_B_BUFF Pin=U7-16
Removed Pin From Net: NetName=B2_C_BUFF Pin=U7-17
Removed Pin From Net: NetName=B2_B_BUFF Pin=U7-18
Removed Pin From Net: NetName=GND Pin=U7-19
Removed Pin From Net: NetName=5V Pin=U7-20
Removed Member From Class: ClassName=Display Member=C1
Removed Member From Class: ClassName=Display Member=C2
Removed Member From Class: ClassName=Display Member=IC1
Removed Member From Class: ClassName=Display Member=P1
Removed Member From Class: ClassName=Display Member=P2
Removed Member From Class: ClassName=Display Member=P3
Removed Member From Class: ClassName=Display Member=P4
Removed Member From Class: ClassName=Display Member=P5
Removed Member From Class: ClassName=Display Member=P6
Removed Member From Class: ClassName=Display Member=R13
Removed Member From Class: ClassName=Display Member=R14
Removed Member From Class: ClassName=Display Member=U1
Removed Member From Class: ClassName=Display Member=U2
Removed Member From Class: ClassName=Display Member=U3
Removed Member From Class: ClassName=Display Member=U4
Removed Member From Class: ClassName=Display Member=U5
Removed Member From Class: ClassName=Display Member=U6
Removed Member From Class: ClassName=Display Member=U7
Change Component Footprint: Designator=U5 Old Footprint=70ADJ4ML1 New Footprint=FP-DGS0010A-IPC_B
Change Component Footprint: Designator=U1 Old Footprint=FP-DGS0010A-IPC_B New Footprint=FP-DW0020A-MFG
Change Component Footprint: Designator=U2 Old Footprint=FP-DGS0010A-IPC_B New Footprint=FP-DW0020A-MFG
Change Footprint: Footprint Not Found 70ADJ4ML1
Change Component Footprint: Designator=U6 Old Footprint=FP-DW0020A-MFG New Footprint=FP-DGS0010A-IPC_B
Change Component Footprint: Designator=P5 Old Footprint=HDR2X8 New Footprint=HDR2X20
Change Footprint: Footprint Not Found AMPHENOL_G630H9812248EU
Change Component Comment : Designator=U5 Old Comment=70ADJ-4-ML1 New Comment=ADS1115IDGSR
Change Component Comment : Designator=U1 Old Comment=ADS1115IDGSR New Comment=SN74HCT245DWR
Change Component Comment : Designator=U2 Old Comment=ADS1115IDGSR New Comment=SN74HCT245DWR
Change Component Comment : Designator=P5 Old Comment=INPUT_B New Comment=RASPI
Change Component Comment : Designator=P6 Old Comment=OUTPUT_B New Comment=INPUT_B
Change Component Comment : Designator=P4 Old Comment=RASPI New Comment=G630H9812248EU
Change Component Comment : Designator=U7 Old Comment=SN74HCT245DWR New Comment=70ADJ-4-ML1
Change Component Comment : Designator=U6 Old Comment=SN74HCT245DWR New Comment=ADS1115IDGSR
Change Managed Component Library Link : Designator=U1 Old VaultGUID=B7D15EC3-160A-466F-A46C-7801FE6295A7 New VaultGUID=B7D15EC3-160A-466F-A46C-7801FE6295A7 Old ItemGUID=CFD65749-66EF-4461-8E56-883732C3BCF2 New ItemGUID=1D52B6E1-4923-4756-8F91-93CC8790530C Old RevisionGUID=FC2DA980-96FA-44E7-A3FC-8DEC1B5C56CF New RevisionGUID=3ED494EC-C41C-4076-9967-2C85772DF8CA
Change Managed Component Library Link : Designator=U2 Old VaultGUID=B7D15EC3-160A-466F-A46C-7801FE6295A7 New VaultGUID=B7D15EC3-160A-466F-A46C-7801FE6295A7 Old ItemGUID=CFD65749-66EF-4461-8E56-883732C3BCF2 New ItemGUID=1D52B6E1-4923-4756-8F91-93CC8790530C Old RevisionGUID=FC2DA980-96FA-44E7-A3FC-8DEC1B5C56CF New RevisionGUID=3ED494EC-C41C-4076-9967-2C85772DF8CA
Change Managed Component Library Link : Designator=U6 Old VaultGUID=B7D15EC3-160A-466F-A46C-7801FE6295A7 New VaultGUID=B7D15EC3-160A-466F-A46C-7801FE6295A7 Old ItemGUID=1D52B6E1-4923-4756-8F91-93CC8790530C New ItemGUID=CFD65749-66EF-4461-8E56-883732C3BCF2 Old RevisionGUID=3ED494EC-C41C-4076-9967-2C85772DF8CA New RevisionGUID=FC2DA980-96FA-44E7-A3FC-8DEC1B5C56CF
Change Managed Component Library Link : Designator=U5 Old VaultGUID= New VaultGUID=B7D15EC3-160A-466F-A46C-7801FE6295A7 Old ItemGUID= New ItemGUID=CFD65749-66EF-4461-8E56-883732C3BCF2 Old RevisionGUID= New RevisionGUID=FC2DA980-96FA-44E7-A3FC-8DEC1B5C56CF
Change Managed Component Library Link : Designator=U7 Old VaultGUID=B7D15EC3-160A-466F-A46C-7801FE6295A7 New VaultGUID= Old ItemGUID=1D52B6E1-4923-4756-8F91-93CC8790530C New ItemGUID= Old RevisionGUID=3ED494EC-C41C-4076-9967-2C85772DF8CA New RevisionGUID=
Change component parameters: Designator = "P4" ("P4"); Footprint = "HDR2X20"; UniqueID = "\ODEETTIV" ("\ODEETTIV")
Change component parameters (AddParameter): Name = "Digi-Key_Part_Number"; Value = "G630H9812248EU-ND"; VariantName = "[No Variations]"
Change component parameters (AddParameter): Name = "DOWN"; Value = ""; VariantName = "[No Variations]"
Change component parameters (AddParameter): Name = "MF"; Value = "Amphenol ICC"; VariantName = "[No Variations]"
Change component parameters (AddParameter): Name = "MP"; Value = "G630H9812248EU"; VariantName = "[No Variations]"
Change component parameters (AddParameter): Name = "Package"; Value = "None"; VariantName = "[No Variations]"
Change component parameters (AddParameter): Name = "Purchase-URL"; Value = "https://pricing.snapeda.com/search/part/G630H9812248EU/?ref=eda"; VariantName = "[No Variations]"
Change component parameters (AddParameter): Name = "SnapEDA_Link"; Value = "https://www.snapeda.com/parts/G630H9812248EU/Amphenol%20FCI/view-part/704000/?ref=snap"; VariantName = "[No Variations]"
Change component parameters (AddParameter): Name = "Value"; Value = ""; VariantName = "[No Variations]"
Change component parameters: Designator = "R1" ("R1"); Footprint = "FP-RC1206-MFG"; UniqueID = "\UTXEFKHE" ("\UTXEFKHE")
Change component parameters (AddParameter): Name = "Automotive"; Value = "No"; VariantName = "[No Variations]"
Change component parameters (AddParameter): Name = "Category"; Value = "Res"; VariantName = "[No Variations]"
Change component parameters (AddParameter): Name = "ComponentLink2Description"; Value = "Datasheet"; VariantName = "[No Variations]"
Change component parameters (AddParameter): Name = "ComponentLink2URL"; Value = "https://www.yageo.com/upload/media/product/productsearch/datasheet/rchip/PYu-RC_Group_51_RoHS_L_10.pdf"; VariantName = "[No Variations]"
Change component parameters (AddParameter): Name = "Composition"; Value = "Thick Film"; VariantName = "[No Variations]"
Change component parameters (AddParameter): Name = "Device Class L1"; Value = "Passive Components"; VariantName = "[No Variations]"
Change component parameters (AddParameter): Name = "Device Class L2"; Value = "Resistors"; VariantName = "[No Variations]"
Change component parameters (AddParameter): Name = "Device Class L3"; Value = "Chip SMD Resistors"; VariantName = "[No Variations]"
Change component parameters (AddParameter): Name = "Digikey Description"; Value = "RES SMD 0 OHM JUMPER 1/4W 1206"; VariantName = "[No Variations]"
Change component parameters (AddParameter): Name = "Footprint Url"; Value = "https://www.yageo.com/upload/website/yageo_PYu-R_Mount_10_19050818_343.pdf"; VariantName = "[No Variations]"
Change component parameters (AddParameter): Name = "Height"; Value = "0.65mm"; VariantName = "[No Variations]"
Change component parameters (AddParameter): Name = "Ipc Land Pattern Name"; Value = "RESC310160X55"; VariantName = "[No Variations]"
Change component parameters (AddParameter): Name = "Lead Free"; Value = "Yes"; VariantName = "[No Variations]"
Change component parameters (AddParameter): Name = "Manufacturer"; Value = "YAGEO"; VariantName = "[No Variations]"
Change component parameters (AddParameter): Name = "Manufacturer Part Number"; Value = "RC1206JR-070RL"; VariantName = "[No Variations]"
Change component parameters (AddParameter): Name = "Mouser Description"; Value = "Resistor: thick film; SMD; 1206; 0O; 0.25W; ±5%; -55÷155°C"; VariantName = "[No Variations]"
Change component parameters (AddParameter): Name = "Octopart"; Value = "https://octopart.com/rc1206jr-070rl-yageo-40025601"; VariantName = "[No Variations]"
Change component parameters (AddParameter): Name = "Package"; Value = "RC1206"; VariantName = "[No Variations]"
Change component parameters (AddParameter): Name = "Power Rating"; Value = "0.25W"; VariantName = "[No Variations]"
Change component parameters (AddParameter): Name = "Resistance"; Value = "1K"; VariantName = "[No Variations]"
Change component parameters (AddParameter): Name = "RoHS"; Value = "TRUE"; VariantName = "[No Variations]"
Change component parameters (AddParameter): Name = "Series"; Value = "RC"; VariantName = "[No Variations]"
Change component parameters (AddParameter): Name = "Temperature"; Value = "-55°C to +155°C"; VariantName = "[No Variations]"
Change component parameters (AddParameter): Name = "Temperature Coefficient"; Value = "300ppm/°C"; VariantName = "[No Variations]"
Change component parameters (AddParameter): Name = "Temperature Range High"; Value = "+155°C"; VariantName = "[No Variations]"
Change component parameters (AddParameter): Name = "Temperature Range Low"; Value = "-55°C"; VariantName = "[No Variations]"
Change component parameters (AddParameter): Name = "Tolerance"; Value = "5%"; VariantName = "[No Variations]"
Change component parameters (AddParameter): Name = "Value"; Value = "1K"; VariantName = "[No Variations]"
Change component parameters (AddParameter): Name = "Voltage Rating"; Value = "200V"; VariantName = "[No Variations]"
Change component parameters: Designator = "R2" ("R2"); Footprint = "FP-RC1206-MFG"; UniqueID = "\XUSOWOYD" ("\XUSOWOYD")
Change component parameters (AddParameter): Name = "Automotive"; Value = "No"; VariantName = "[No Variations]"
Change component parameters (AddParameter): Name = "Category"; Value = "Res"; VariantName = "[No Variations]"
Change component parameters (AddParameter): Name = "ComponentLink2Description"; Value = "Datasheet"; VariantName = "[No Variations]"
Change component parameters (AddParameter): Name = "ComponentLink2URL"; Value = "https://www.yageo.com/upload/media/product/productsearch/datasheet/rchip/PYu-RC_Group_51_RoHS_L_10.pdf"; VariantName = "[No Variations]"
Change component parameters (AddParameter): Name = "Composition"; Value = "Thick Film"; VariantName = "[No Variations]"
Change component parameters (AddParameter): Name = "Device Class L1"; Value = "Passive Components"; VariantName = "[No Variations]"
Change component parameters (AddParameter): Name = "Device Class L2"; Value = "Resistors"; VariantName = "[No Variations]"
Change component parameters (AddParameter): Name = "Device Class L3"; Value = "Chip SMD Resistors"; VariantName = "[No Variations]"
Change component parameters (AddParameter): Name = "Digikey Description"; Value = "RES SMD 0 OHM JUMPER 1/4W 1206"; VariantName = "[No Variations]"
Change component parameters (AddParameter): Name = "Footprint Url"; Value = "https://www.yageo.com/upload/website/yageo_PYu-R_Mount_10_19050818_343.pdf"; VariantName = "[No Variations]"
Change component parameters (AddParameter): Name = "Height"; Value = "0.65mm"; VariantName = "[No Variations]"
Change component parameters (AddParameter): Name = "Ipc Land Pattern Name"; Value = "RESC310160X55"; VariantName = "[No Variations]"
Change component parameters (AddParameter): Name = "Lead Free"; Value = "Yes"; VariantName = "[No Variations]"
Change component parameters (AddParameter): Name = "Manufacturer"; Value = "YAGEO"; VariantName = "[No Variations]"
Change component parameters (AddParameter): Name = "Manufacturer Part Number"; Value = "RC1206JR-070RL"; VariantName = "[No Variations]"
Change component parameters (AddParameter): Name = "Mouser Description"; Value = "Resistor: thick film; SMD; 1206; 0O; 0.25W; ±5%; -55÷155°C"; VariantName = "[No Variations]"
Change component parameters (AddParameter): Name = "Octopart"; Value = "https://octopart.com/rc1206jr-070rl-yageo-40025601"; VariantName = "[No Variations]"
Change component parameters (AddParameter): Name = "Package"; Value = "RC1206"; VariantName = "[No Variations]"
Change component parameters (AddParameter): Name = "Power Rating"; Value = "0.25W"; VariantName = "[No Variations]"
Change component parameters (AddParameter): Name = "Resistance"; Value = "1K"; VariantName = "[No Variations]"
Change component parameters (AddParameter): Name = "RoHS"; Value = "TRUE"; VariantName = "[No Variations]"
Change component parameters (AddParameter): Name = "Series"; Value = "RC"; VariantName = "[No Variations]"
Change component parameters (AddParameter): Name = "Temperature"; Value = "-55°C to +155°C"; VariantName = "[No Variations]"
Change component parameters (AddParameter): Name = "Temperature Coefficient"; Value = "300ppm/°C"; VariantName = "[No Variations]"
Change component parameters (AddParameter): Name = "Temperature Range High"; Value = "+155°C"; VariantName = "[No Variations]"
Change component parameters (AddParameter): Name = "Temperature Range Low"; Value = "-55°C"; VariantName = "[No Variations]"
Change component parameters (AddParameter): Name = "Tolerance"; Value = "5%"; VariantName = "[No Variations]"
Change component parameters (AddParameter): Name = "Value"; Value = "1K"; VariantName = "[No Variations]"
Change component parameters (AddParameter): Name = "Voltage Rating"; Value = "200V"; VariantName = "[No Variations]"
Change component parameters: Designator = "R13" ("R13"); Footprint = "FP-RC1206-MFG"; UniqueID = "\DVGDJACF" ("\DVGDJACF")
Change component parameters (AddParameter): Name = "Automotive"; Value = "No"; VariantName = "[No Variations]"
Change component parameters (AddParameter): Name = "Category"; Value = "Res"; VariantName = "[No Variations]"
Change component parameters (AddParameter): Name = "ComponentLink2Description"; Value = "Datasheet"; VariantName = "[No Variations]"
Change component parameters (AddParameter): Name = "ComponentLink2URL"; Value = "https://www.yageo.com/upload/media/product/productsearch/datasheet/rchip/PYu-RC_Group_51_RoHS_L_10.pdf"; VariantName = "[No Variations]"
Change component parameters (AddParameter): Name = "Composition"; Value = "Thick Film"; VariantName = "[No Variations]"
Change component parameters (AddParameter): Name = "Device Class L1"; Value = "Passive Components"; VariantName = "[No Variations]"
Change component parameters (AddParameter): Name = "Device Class L2"; Value = "Resistors"; VariantName = "[No Variations]"
Change component parameters (AddParameter): Name = "Device Class L3"; Value = "Chip SMD Resistors"; VariantName = "[No Variations]"
Change component parameters (AddParameter): Name = "Digikey Description"; Value = "RES SMD 0 OHM JUMPER 1/4W 1206"; VariantName = "[No Variations]"
Change component parameters (AddParameter): Name = "Footprint Url"; Value = "https://www.yageo.com/upload/website/yageo_PYu-R_Mount_10_19050818_343.pdf"; VariantName = "[No Variations]"
Change component parameters (AddParameter): Name = "Height"; Value = "0.65mm"; VariantName = "[No Variations]"
Change component parameters (AddParameter): Name = "Ipc Land Pattern Name"; Value = "RESC310160X55"; VariantName = "[No Variations]"
Change component parameters (AddParameter): Name = "Lead Free"; Value = "Yes"; VariantName = "[No Variations]"
Change component parameters (AddParameter): Name = "Manufacturer"; Value = "YAGEO"; VariantName = "[No Variations]"
Change component parameters (AddParameter): Name = "Manufacturer Part Number"; Value = "RC1206JR-070RL"; VariantName = "[No Variations]"
Change component parameters (AddParameter): Name = "Mouser Description"; Value = "Resistor: thick film; SMD; 1206; 0O; 0.25W; ±5%; -55÷155°C"; VariantName = "[No Variations]"
Change component parameters (AddParameter): Name = "Octopart"; Value = "https://octopart.com/rc1206jr-070rl-yageo-40025601"; VariantName = "[No Variations]"
Change component parameters (AddParameter): Name = "Package"; Value = "RC1206"; VariantName = "[No Variations]"
Change component parameters (AddParameter): Name = "Power Rating"; Value = "0.25W"; VariantName = "[No Variations]"
Change component parameters (AddParameter): Name = "Resistance"; Value = "10K"; VariantName = "[No Variations]"
Change component parameters (AddParameter): Name = "RoHS"; Value = "TRUE"; VariantName = "[No Variations]"
Change component parameters (AddParameter): Name = "Series"; Value = "RC"; VariantName = "[No Variations]"
Change component parameters (AddParameter): Name = "Temperature"; Value = "-55°C to +155°C"; VariantName = "[No Variations]"
Change component parameters (AddParameter): Name = "Temperature Coefficient"; Value = "300ppm/°C"; VariantName = "[No Variations]"
Change component parameters (AddParameter): Name = "Temperature Range High"; Value = "+155°C"; VariantName = "[No Variations]"
Change component parameters (AddParameter): Name = "Temperature Range Low"; Value = "-55°C"; VariantName = "[No Variations]"
Change component parameters (AddParameter): Name = "Tolerance"; Value = "5%"; VariantName = "[No Variations]"
Change component parameters (AddParameter): Name = "Value"; Value = "10K"; VariantName = "[No Variations]"
Change component parameters (AddParameter): Name = "Voltage Rating"; Value = "200V"; VariantName = "[No Variations]"
Change component parameters: Designator = "R14" ("R14"); Footprint = "FP-RC1206-MFG"; UniqueID = "\KSFWUWNT" ("\KSFWUWNT")
Change component parameters (AddParameter): Name = "Automotive"; Value = "No"; VariantName = "[No Variations]"
Change component parameters (AddParameter): Name = "Category"; Value = "Res"; VariantName = "[No Variations]"
Change component parameters (AddParameter): Name = "ComponentLink2Description"; Value = "Datasheet"; VariantName = "[No Variations]"
Change component parameters (AddParameter): Name = "ComponentLink2URL"; Value = "https://www.yageo.com/upload/media/product/productsearch/datasheet/rchip/PYu-RC_Group_51_RoHS_L_10.pdf"; VariantName = "[No Variations]"
Change component parameters (AddParameter): Name = "Composition"; Value = "Thick Film"; VariantName = "[No Variations]"
Change component parameters (AddParameter): Name = "Device Class L1"; Value = "Passive Components"; VariantName = "[No Variations]"
Change component parameters (AddParameter): Name = "Device Class L2"; Value = "Resistors"; VariantName = "[No Variations]"
Change component parameters (AddParameter): Name = "Device Class L3"; Value = "Chip SMD Resistors"; VariantName = "[No Variations]"
Change component parameters (AddParameter): Name = "Digikey Description"; Value = "RES SMD 0 OHM JUMPER 1/4W 1206"; VariantName = "[No Variations]"
Change component parameters (AddParameter): Name = "Footprint Url"; Value = "https://www.yageo.com/upload/website/yageo_PYu-R_Mount_10_19050818_343.pdf"; VariantName = "[No Variations]"
Change component parameters (AddParameter): Name = "Height"; Value = "0.65mm"; VariantName = "[No Variations]"
Change component parameters (AddParameter): Name = "Ipc Land Pattern Name"; Value = "RESC310160X55"; VariantName = "[No Variations]"
Change component parameters (AddParameter): Name = "Lead Free"; Value = "Yes"; VariantName = "[No Variations]"
Change component parameters (AddParameter): Name = "Manufacturer"; Value = "YAGEO"; VariantName = "[No Variations]"
Change component parameters (AddParameter): Name = "Manufacturer Part Number"; Value = "RC1206JR-070RL"; VariantName = "[No Variations]"
Change component parameters (AddParameter): Name = "Mouser Description"; Value = "Resistor: thick film; SMD; 1206; 0O; 0.25W; ±5%; -55÷155°C"; VariantName = "[No Variations]"
Change component parameters (AddParameter): Name = "Octopart"; Value = "https://octopart.com/rc1206jr-070rl-yageo-40025601"; VariantName = "[No Variations]"
Change component parameters (AddParameter): Name = "Package"; Value = "RC1206"; VariantName = "[No Variations]"
Change component parameters (AddParameter): Name = "Power Rating"; Value = "0.25W"; VariantName = "[No Variations]"
Change component parameters (AddParameter): Name = "Resistance"; Value = "10K"; VariantName = "[No Variations]"
Change component parameters (AddParameter): Name = "RoHS"; Value = "TRUE"; VariantName = "[No Variations]"
Change component parameters (AddParameter): Name = "Series"; Value = "RC"; VariantName = "[No Variations]"
Change component parameters (AddParameter): Name = "Temperature"; Value = "-55°C to +155°C"; VariantName = "[No Variations]"
Change component parameters (AddParameter): Name = "Temperature Coefficient"; Value = "300ppm/°C"; VariantName = "[No Variations]"
Change component parameters (AddParameter): Name = "Temperature Range High"; Value = "+155°C"; VariantName = "[No Variations]"
Change component parameters (AddParameter): Name = "Temperature Range Low"; Value = "-55°C"; VariantName = "[No Variations]"
Change component parameters (AddParameter): Name = "Tolerance"; Value = "5%"; VariantName = "[No Variations]"
Change component parameters (AddParameter): Name = "Value"; Value = "10K"; VariantName = "[No Variations]"
Change component parameters (AddParameter): Name = "Voltage Rating"; Value = "200V"; VariantName = "[No Variations]"
Change component parameters: Designator = "U1" ("U1"); Footprint = "FP-DGS0010A-IPC_B"; UniqueID = "\BNDMCLXO" ("\BNDMCLXO")
Change component parameters (AddParameter): Name = "Ambient Temperature Range High"; Value = "+85°C"; VariantName = "[No Variations]"
Change component parameters (AddParameter): Name = "Ambient Temperature Range Low"; Value = "-40°C"; VariantName = "[No Variations]"
Change component parameters (AddParameter): Name = "Automotive"; Value = "No"; VariantName = "[No Variations]"
Change component parameters (AddParameter): Name = "Category"; Value = "IC"; VariantName = "[No Variations]"
Change component parameters (AddParameter): Name = "ComponentLink2Description"; Value = "Datasheet"; VariantName = "[No Variations]"
Change component parameters (AddParameter): Name = "ComponentLink2URL"; Value = "http://www.ti.com/lit/ds/symlink/sn74hct245.pdf"; VariantName = "[No Variations]"
Change component parameters (AddParameter): Name = "Device Class L1"; Value = "Integrated Circuits (ICs)"; VariantName = "[No Variations]"
Change component parameters (AddParameter): Name = "Device Class L2"; Value = "Logic ICs"; VariantName = "[No Variations]"
Change component parameters (AddParameter): Name = "Device Class L3"; Value = "Drivers and Transceivers"; VariantName = "[No Variations]"
Change component parameters (AddParameter): Name = "Digikey Description"; Value = "IC TXRX NON-INVERT 5.5V 20SOIC"; VariantName = "[No Variations]"
Change component parameters (AddParameter): Name = "Frequency"; Value = "25MHz"; VariantName = "[No Variations]"
Change component parameters (AddParameter): Name = "Height"; Value = "2.65mm"; VariantName = "[No Variations]"
Change component parameters (AddParameter): Name = "Ipc Land Pattern Name"; Value = "SOIC127P1030X265-20"; VariantName = "[No Variations]"
Change component parameters (AddParameter): Name = "Lead Free"; Value = "Yes"; VariantName = "[No Variations]"
Change component parameters (AddParameter): Name = "Logic Function Desc"; Value = "Non-Inverting"; VariantName = "[No Variations]"
Change component parameters (AddParameter): Name = "Manufacturer"; Value = "Texas Instruments"; VariantName = "[No Variations]"
Change component parameters (AddParameter): Name = "Manufacturer Part Number"; Value = "SN74HCT245DWR"; VariantName = "[No Variations]"
Change component parameters (AddParameter): Name = "Max Junction Temp"; Value = "+150°C"; VariantName = "[No Variations]"
Change component parameters (AddParameter): Name = "Max Supply Voltage"; Value = "5.5V"; VariantName = "[No Variations]"
Change component parameters (AddParameter): Name = "Min Supply Voltage"; Value = "4.5V"; VariantName = "[No Variations]"
Change component parameters (AddParameter): Name = "Mouser Description"; Value = "Octal Bus Transceivers With 3-State Outputs 20-SOIC -40 to 85"; VariantName = "[No Variations]"
Change component parameters (AddParameter): Name = "Nominal Supply Current"; Value = "80uA"; VariantName = "[No Variations]"
Change component parameters (AddParameter): Name = "Number Of Circuits"; Value = "1"; VariantName = "[No Variations]"
Change component parameters (AddParameter): Name = "Number Of Inputs"; Value = "8"; VariantName = "[No Variations]"
Change component parameters (AddParameter): Name = "Number Of Outputs"; Value = "8"; VariantName = "[No Variations]"
Change component parameters (AddParameter): Name = "Octopart"; Value = "https://octopart.com/sn74hct245dwr-texas+instruments-516824"; VariantName = "[No Variations]"
Change component parameters (AddParameter): Name = "Package"; Value = "DW0020A"; VariantName = "[No Variations]"
Change component parameters (AddParameter): Name = "Propagation Delay"; Value = "18ns"; VariantName = "[No Variations]"
Change component parameters (AddParameter): Name = "RoHS"; Value = "TRUE"; VariantName = "[No Variations]"
Change component parameters (AddParameter): Name = "Standoff Height"; Value = "0.1mm"; VariantName = "[No Variations]"
Change component parameters (AddParameter): Name = "Temperature"; Value = "-40°C to +85°C"; VariantName = "[No Variations]"
Change component parameters (AddParameter): Name = "Temperature Range High"; Value = "+85°C"; VariantName = "[No Variations]"
Change component parameters (AddParameter): Name = "Temperature Range Low"; Value = "-40°C"; VariantName = "[No Variations]"
Change component parameters: Designator = "U2" ("U2"); Footprint = "FP-DGS0010A-IPC_B"; UniqueID = "\AADCEZLG" ("\AADCEZLG")
Change component parameters (AddParameter): Name = "Ambient Temperature Range High"; Value = "+85°C"; VariantName = "[No Variations]"
Change component parameters (AddParameter): Name = "Ambient Temperature Range Low"; Value = "-40°C"; VariantName = "[No Variations]"
Change component parameters (AddParameter): Name = "Automotive"; Value = "No"; VariantName = "[No Variations]"
Change component parameters (AddParameter): Name = "Category"; Value = "IC"; VariantName = "[No Variations]"
Change component parameters (AddParameter): Name = "ComponentLink2Description"; Value = "Datasheet"; VariantName = "[No Variations]"
Change component parameters (AddParameter): Name = "ComponentLink2URL"; Value = "http://www.ti.com/lit/ds/symlink/sn74hct245.pdf"; VariantName = "[No Variations]"
Change component parameters (AddParameter): Name = "Device Class L1"; Value = "Integrated Circuits (ICs)"; VariantName = "[No Variations]"
Change component parameters (AddParameter): Name = "Device Class L2"; Value = "Logic ICs"; VariantName = "[No Variations]"
Change component parameters (AddParameter): Name = "Device Class L3"; Value = "Drivers and Transceivers"; VariantName = "[No Variations]"
Change component parameters (AddParameter): Name = "Digikey Description"; Value = "IC TXRX NON-INVERT 5.5V 20SOIC"; VariantName = "[No Variations]"
Change component parameters (AddParameter): Name = "Frequency"; Value = "25MHz"; VariantName = "[No Variations]"
Change component parameters (AddParameter): Name = "Height"; Value = "2.65mm"; VariantName = "[No Variations]"
Change component parameters (AddParameter): Name = "Ipc Land Pattern Name"; Value = "SOIC127P1030X265-20"; VariantName = "[No Variations]"
Change component parameters (AddParameter): Name = "Lead Free"; Value = "Yes"; VariantName = "[No Variations]"
Change component parameters (AddParameter): Name = "Logic Function Desc"; Value = "Non-Inverting"; VariantName = "[No Variations]"
Change component parameters (AddParameter): Name = "Manufacturer"; Value = "Texas Instruments"; VariantName = "[No Variations]"
Change component parameters (AddParameter): Name = "Manufacturer Part Number"; Value = "SN74HCT245DWR"; VariantName = "[No Variations]"
Change component parameters (AddParameter): Name = "Max Junction Temp"; Value = "+150°C"; VariantName = "[No Variations]"
Change component parameters (AddParameter): Name = "Max Supply Voltage"; Value = "5.5V"; VariantName = "[No Variations]"
Change component parameters (AddParameter): Name = "Min Supply Voltage"; Value = "4.5V"; VariantName = "[No Variations]"
Change component parameters (AddParameter): Name = "Mouser Description"; Value = "Octal Bus Transceivers With 3-State Outputs 20-SOIC -40 to 85"; VariantName = "[No Variations]"
Change component parameters (AddParameter): Name = "Nominal Supply Current"; Value = "80uA"; VariantName = "[No Variations]"
Change component parameters (AddParameter): Name = "Number Of Circuits"; Value = "1"; VariantName = "[No Variations]"
Change component parameters (AddParameter): Name = "Number Of Inputs"; Value = "8"; VariantName = "[No Variations]"
Change component parameters (AddParameter): Name = "Number Of Outputs"; Value = "8"; VariantName = "[No Variations]"
Change component parameters (AddParameter): Name = "Octopart"; Value = "https://octopart.com/sn74hct245dwr-texas+instruments-516824"; VariantName = "[No Variations]"
Change component parameters (AddParameter): Name = "Package"; Value = "DW0020A"; VariantName = "[No Variations]"
Change component parameters (AddParameter): Name = "Propagation Delay"; Value = "18ns"; VariantName = "[No Variations]"
Change component parameters (AddParameter): Name = "RoHS"; Value = "TRUE"; VariantName = "[No Variations]"
Change component parameters (AddParameter): Name = "Standoff Height"; Value = "0.1mm"; VariantName = "[No Variations]"
Change component parameters (AddParameter): Name = "Temperature"; Value = "-40°C to +85°C"; VariantName = "[No Variations]"
Change component parameters (AddParameter): Name = "Temperature Range High"; Value = "+85°C"; VariantName = "[No Variations]"
Change component parameters (AddParameter): Name = "Temperature Range Low"; Value = "-40°C"; VariantName = "[No Variations]"
Change component parameters: Designator = "U5" ("U5"); Footprint = "70ADJ4ML1"; UniqueID = "\TFIIAXVP" ("\TFIIAXVP")
Change component parameters (AddParameter): Name = "Case/Package"; Value = "VSSOP"; VariantName = "[No Variations]"
Change component parameters (AddParameter): Name = "Contact Plating"; Value = "Gold"; VariantName = "[No Variations]"
Change component parameters (AddParameter): Name = "Conversion Rate"; Value = "0.86KS/s"; VariantName = "[No Variations]"
Change component parameters (AddParameter): Name = "Integral Nonlinearity (INL)"; Value = "1LSB"; VariantName = "[No Variations]"
Change component parameters (AddParameter): Name = "Interface"; Value = "I2C"; VariantName = "[No Variations]"
Change component parameters (AddParameter): Name = "Lead Free"; Value = "Lead Free"; VariantName = "[No Variations]"
Change component parameters (AddParameter): Name = "Max Operating Temperature"; Value = "125°C"; VariantName = "[No Variations]"
Change component parameters (AddParameter): Name = "Max Supply Voltage"; Value = "5.5V"; VariantName = "[No Variations]"
Change component parameters (AddParameter): Name = "Max Supply Voltage (DC)"; Value = "5.5V"; VariantName = "[No Variations]"
Change component parameters (AddParameter): Name = "Min Operating Temperature"; Value = "-40°C"; VariantName = "[No Variations]"
Change component parameters (AddParameter): Name = "Min Supply Voltage"; Value = "2V"; VariantName = "[No Variations]"
Change component parameters (AddParameter): Name = "Min Supply Voltage (DC)"; Value = "2V"; VariantName = "[No Variations]"
Change component parameters (AddParameter): Name = "Number of A/D Converters"; Value = "1"; VariantName = "[No Variations]"
Change component parameters (AddParameter): Name = "Number of Bits"; Value = "16"; VariantName = "[No Variations]"
Change component parameters (AddParameter): Name = "Number of Converters"; Value = "1"; VariantName = "[No Variations]"
Change component parameters (AddParameter): Name = "Number of Inputs"; Value = "4"; VariantName = "[No Variations]"
Change component parameters (AddParameter): Name = "Number of Pins"; Value = "10"; VariantName = "[No Variations]"
Change component parameters (AddParameter): Name = "Package Quantity"; Value = "2500"; VariantName = "[No Variations]"
Change component parameters (AddParameter): Name = "Packaging"; Value = "Tape and Reel"; VariantName = "[No Variations]"
Change component parameters (AddParameter): Name = "Polarity"; Value = "Bipolar"; VariantName = "[No Variations]"
Change component parameters (AddParameter): Name = "Power Dissipation"; Value = "900uW"; VariantName = "[No Variations]"
Change component parameters (AddParameter): Name = "Radiation Hardening"; Value = "No"; VariantName = "[No Variations]"
Change component parameters (AddParameter): Name = "REACH SVHC"; Value = "No SVHC"; VariantName = "[No Variations]"
Change component parameters (AddParameter): Name = "Resolution"; Value = "16b"; VariantName = "[No Variations]"
Change component parameters (AddParameter): Name = "RoHS Compliant"; Value = "Yes"; VariantName = "[No Variations]"
Change component parameters (AddParameter): Name = "Sampling Rate"; Value = "860S/s"; VariantName = "[No Variations]"
Change component parameters (AddParameter): Name = "Series"; Value = "-"; VariantName = "[No Variations]"
Change component parameters (AddParameter): Name = "Supply Type"; Value = "Single"; VariantName = "[No Variations]"
Change component parameters: Designator = "U6" ("U6"); Footprint = "FP-DW0020A-MFG"; UniqueID = "\SDVTEIUL" ("\SDVTEIUL")
Change component parameters (AddParameter): Name = "Case/Package"; Value = "VSSOP"; VariantName = "[No Variations]"
Change component parameters (AddParameter): Name = "Contact Plating"; Value = "Gold"; VariantName = "[No Variations]"
Change component parameters (AddParameter): Name = "Conversion Rate"; Value = "0.86KS/s"; VariantName = "[No Variations]"
Change component parameters (AddParameter): Name = "Integral Nonlinearity (INL)"; Value = "1LSB"; VariantName = "[No Variations]"
Change component parameters (AddParameter): Name = "Interface"; Value = "I2C"; VariantName = "[No Variations]"
Change component parameters (AddParameter): Name = "Lead Free"; Value = "Lead Free"; VariantName = "[No Variations]"
Change component parameters (AddParameter): Name = "Max Operating Temperature"; Value = "125°C"; VariantName = "[No Variations]"
Change component parameters (AddParameter): Name = "Max Supply Voltage"; Value = "5.5V"; VariantName = "[No Variations]"
Change component parameters (AddParameter): Name = "Max Supply Voltage (DC)"; Value = "5.5V"; VariantName = "[No Variations]"
Change component parameters (AddParameter): Name = "Min Operating Temperature"; Value = "-40°C"; VariantName = "[No Variations]"
Change component parameters (AddParameter): Name = "Min Supply Voltage"; Value = "2V"; VariantName = "[No Variations]"
Change component parameters (AddParameter): Name = "Min Supply Voltage (DC)"; Value = "2V"; VariantName = "[No Variations]"
Change component parameters (AddParameter): Name = "Number of A/D Converters"; Value = "1"; VariantName = "[No Variations]"
Change component parameters (AddParameter): Name = "Number of Bits"; Value = "16"; VariantName = "[No Variations]"
Change component parameters (AddParameter): Name = "Number of Converters"; Value = "1"; VariantName = "[No Variations]"
Change component parameters (AddParameter): Name = "Number of Inputs"; Value = "4"; VariantName = "[No Variations]"
Change component parameters (AddParameter): Name = "Number of Pins"; Value = "10"; VariantName = "[No Variations]"
Change component parameters (AddParameter): Name = "Package Quantity"; Value = "2500"; VariantName = "[No Variations]"
Change component parameters (AddParameter): Name = "Packaging"; Value = "Tape and Reel"; VariantName = "[No Variations]"
Change component parameters (AddParameter): Name = "Polarity"; Value = "Bipolar"; VariantName = "[No Variations]"
Change component parameters (AddParameter): Name = "Power Dissipation"; Value = "900uW"; VariantName = "[No Variations]"
Change component parameters (AddParameter): Name = "Radiation Hardening"; Value = "No"; VariantName = "[No Variations]"
Change component parameters (AddParameter): Name = "REACH SVHC"; Value = "No SVHC"; VariantName = "[No Variations]"
Change component parameters (AddParameter): Name = "Resolution"; Value = "16b"; VariantName = "[No Variations]"
Change component parameters (AddParameter): Name = "RoHS Compliant"; Value = "Yes"; VariantName = "[No Variations]"
Change component parameters (AddParameter): Name = "Sampling Rate"; Value = "860S/s"; VariantName = "[No Variations]"
Change component parameters (AddParameter): Name = "Series"; Value = "-"; VariantName = "[No Variations]"
Change component parameters (AddParameter): Name = "Supply Type"; Value = "Single"; VariantName = "[No Variations]"
Change component parameters: Designator = "U7" ("U7"); Footprint = "FP-DW0020A-MFG"; UniqueID = "\VEEJSZRC" ("\VEEJSZRC")
Change component parameters (AddParameter): Name = "Arrow Part Number"; Value = "70ADJ-4-ML1"; VariantName = "[No Variations]"
Change component parameters (AddParameter): Name = "Arrow Price/Stock"; Value = "https://www.arrow.com/en/products/70adj-4-ml1/bourns"; VariantName = "[No Variations]"
Change component parameters (AddParameter): Name = "Datasheet Link"; Value = "https://bourns.com/docs/Product-MDS/70ad_m_4pin.pdf?sfvrsn=9bf192f1_4"; VariantName = "[No Variations]"
Change component parameters (AddParameter): Name = "Height"; Value = "5.72mm"; VariantName = "[No Variations]"
Change component parameters (AddParameter): Name = "Manufacturer_Name"; Value = "Bourns"; VariantName = "[No Variations]"
Change component parameters (AddParameter): Name = "Manufacturer_Part_Number"; Value = "70ADJ-4-ML1"; VariantName = "[No Variations]"
Change component parameters (AddParameter): Name = "Mouser Part Number"; Value = "652-70ADJ-4-ML1"; VariantName = "[No Variations]"
Change component parameters (AddParameter): Name = "Mouser Price/Stock"; Value = "https://www.mouser.co.uk/ProductDetail/Bourns/70ADJ-4-ML1?qs=BKfsZh40Pd%252BjS5%2FR%252B1gG%2Fw%3D%3D"; VariantName = "[No Variations]"
Change component parameters (AddParameter): Name = "Mouser Testing Part Number"; Value = ""; VariantName = "[No Variations]"
Change component parameters (AddParameter): Name = "Mouser Testing Price/Stock"; Value = ""; VariantName = "[No Variations]"
Added Component: Designator=P7(HDR2X8)
Add component (AddParameter): Name = "LatestRevisionDate"; Value = "17-Jul-2002"; VariantName = "[No Variations]"
Add component (AddParameter): Name = "LatestRevisionNote"; Value = "Re-released for DXP Platform."; VariantName = "[No Variations]"
Add component (AddParameter): Name = "Publisher"; Value = "Altium Limited"; VariantName = "[No Variations]"
Added Pin To Net: NetName=3V3 Pin=P5-1
Added Pin To Net: NetName=5V Pin=P5-2
Added Pin To Net: NetName=G1_C Pin=P5-3
Added Pin To Net: NetName=5V Pin=P5-4
Added Pin To Net: NetName=B1_C Pin=P5-5
Added Pin To Net: NetName=GND Pin=P5-6
Added Pin To Net: NetName=LAT Pin=P5-7
Added Pin To Net: NetName=R1_C Pin=P5-8
Added Pin To Net: NetName=GND Pin=P5-9
Added Pin To Net: NetName=E Pin=P5-10
Added Pin To Net: NetName=CLK Pin=P5-11
Added Pin To Net: NetName=OE Pin=P5-12
Added Pin To Net: NetName=G1_A Pin=P5-13
Added Pin To Net: NetName=GND Pin=P5-14
Added Pin To Net: NetName=A Pin=P5-15
Added Pin To Net: NetName=B Pin=P5-16
Added Pin To Net: NetName=3V3 Pin=P5-17
Added Pin To Net: NetName=C Pin=P5-18
Added Pin To Net: NetName=B2_A Pin=P5-19
Added Pin To Net: NetName=GND Pin=P5-20
Added Pin To Net: NetName=G2_A Pin=P5-21
Added Pin To Net: NetName=D Pin=P5-22
Added Pin To Net: NetName=R1_A Pin=P5-23
Added Pin To Net: NetName=R2_A Pin=P5-24
Added Pin To Net: NetName=GND Pin=P5-25
Added Pin To Net: NetName=B1_A Pin=P5-26
Added Pin To Net: NetName=SDA Pin=P5-27
Added Pin To Net: NetName=SCL Pin=P5-28
Added Pin To Net: NetName=G1_B Pin=P5-29
Added Pin To Net: NetName=GND Pin=P5-30
Added Pin To Net: NetName=B1_B Pin=P5-31
Added Pin To Net: NetName=R1_B Pin=P5-32
Added Pin To Net: NetName=G2_B Pin=P5-33
Added Pin To Net: NetName=GND Pin=P5-34
Added Pin To Net: NetName=R2_B Pin=P5-35
Added Pin To Net: NetName=G2_C Pin=P5-36
Added Pin To Net: NetName=R2_C Pin=P5-37
Added Pin To Net: NetName=B2_B Pin=P5-38
Added Pin To Net: NetName=GND Pin=P5-39
Added Pin To Net: NetName=B2_C Pin=P5-40
Added Pin To Net: NetName=R1_B_BUFF Pin=P6-1
Added Pin To Net: NetName=G1_B_BUFF Pin=P6-2
Added Pin To Net: NetName=B1_B_BUFF Pin=P6-3
Added Pin To Net: NetName=R2_B_BUFF Pin=P6-5
Added Pin To Net: NetName=G2_B_BUFF Pin=P6-6
Added Pin To Net: NetName=B2_B_BUFF Pin=P6-7
Added Pin To Net: NetName=A_BUFF Pin=P6-9
Added Pin To Net: NetName=B_BUFF Pin=P6-10
Added Pin To Net: NetName=C_BUFF Pin=P6-11
Added Pin To Net: NetName=D_BUFF Pin=P6-12
Added Pin To Net: NetName=CLK_B_BUFF Pin=P6-13
Added Pin To Net: NetName=LAT_B_BUFF Pin=P6-14
Added Pin To Net: NetName=OE_B_BUFF Pin=P6-15
Added Pin To Net: NetName=R1_O Pin=P7-1
Added Pin To Net: NetName=G1_O Pin=P7-2
Added Pin To Net: NetName=B1_O Pin=P7-3
Added Pin To Net: NetName=GND Pin=P7-4
Added Pin To Net: NetName=R2_O Pin=P7-5
Added Pin To Net: NetName=G2_O Pin=P7-6
Added Pin To Net: NetName=B2_O Pin=P7-7
Added Pin To Net: NetName=GND Pin=P7-8
Added Pin To Net: NetName=A_O Pin=P7-9
Added Pin To Net: NetName=B_O Pin=P7-10
Added Pin To Net: NetName=C_O Pin=P7-11
Added Pin To Net: NetName=D_O Pin=P7-12
Added Pin To Net: NetName=CLK_O Pin=P7-13
Added Pin To Net: NetName=LAT_O Pin=P7-14
Added Pin To Net: NetName=OE_O Pin=P7-15
Added Pin To Net: NetName=GND Pin=P7-16
Added Pin To Net: NetName=DISP_SENSE_A Pin=R1-1
Added Pin To Net: NetName=BAT_SENSE_A Pin=R2-1
Added Pin To Net: NetName=GND Pin=R3-1
Added Pin To Net: NetName=DISP_SENSE_A Pin=R3-2
Added Pin To Net: NetName=GND Pin=R4-1
Added Pin To Net: NetName=BAT_SENSE_A Pin=R4-2
Added Pin To Net: NetName=DISP_SENSE_B Pin=R5-1
Added Pin To Net: NetName=3V3 Pin=R5-2
Added Pin To Net: NetName=BAT_SENSE_B Pin=R6-1
Added Pin To Net: NetName=3V3 Pin=R6-2
Added Pin To Net: NetName=GND Pin=R7-1
Added Pin To Net: NetName=DISP_SENSE_B Pin=R7-2
Added Pin To Net: NetName=GND Pin=R8-1
Added Pin To Net: NetName=BAT_SENSE_B Pin=R8-2
Added Pin To Net: NetName=DISP_SENSE_C Pin=R9-1
Added Pin To Net: NetName=3V3 Pin=R9-2
Added Pin To Net: NetName=BAT_SENSE_C Pin=R10-1
Added Pin To Net: NetName=3V3 Pin=R10-2
Added Pin To Net: NetName=GND Pin=R11-1
Added Pin To Net: NetName=DISP_SENSE_C Pin=R11-2
Added Pin To Net: NetName=GND Pin=R12-1
Added Pin To Net: NetName=BAT_SENSE_C Pin=R12-2
Added Pin To Net: NetName=SDA Pin=R13-1
Added Pin To Net: NetName=3V3 Pin=R13-2
Added Pin To Net: NetName=SCL Pin=R14-1
Added Pin To Net: NetName=3V3 Pin=R14-2
Added Pin To Net: NetName=5V Pin=U1-1
Added Pin To Net: NetName=LAT Pin=U1-2
Added Pin To Net: NetName=CLK Pin=U1-3
Added Pin To Net: NetName=A Pin=U1-4
Added Pin To Net: NetName=E Pin=U1-5
Added Pin To Net: NetName=OE Pin=U1-6
Added Pin To Net: NetName=B Pin=U1-7
Added Pin To Net: NetName=C Pin=U1-8
Added Pin To Net: NetName=D Pin=U1-9
Added Pin To Net: NetName=GND Pin=U1-10
Added Pin To Net: NetName=D_BUFF Pin=U1-11
Added Pin To Net: NetName=C_BUFF Pin=U1-12
Added Pin To Net: NetName=B_BUFF Pin=U1-13
Added Pin To Net: NetName=OE_A_BUFF Pin=U1-14
Added Pin To Net: NetName=E_BUFF Pin=U1-15
Added Pin To Net: NetName=A_BUFF Pin=U1-16
Added Pin To Net: NetName=CLK_A_BUFF Pin=U1-17
Added Pin To Net: NetName=LAT_A_BUFF Pin=U1-18
Added Pin To Net: NetName=GND Pin=U1-19
Added Pin To Net: NetName=5V Pin=U1-20
Added Pin To Net: NetName=5V Pin=U2-1
Added Pin To Net: NetName=G2_B Pin=U2-2
Added Pin To Net: NetName=R2_B Pin=U2-3
Added Pin To Net: NetName=R2_C Pin=U2-4
Added Pin To Net: NetName=R1_C Pin=U2-5
Added Pin To Net: NetName=R2_A Pin=U2-6
Added Pin To Net: NetName=B1_A Pin=U2-7
Added Pin To Net: NetName=R1_B Pin=U2-8
Added Pin To Net: NetName=G2_C Pin=U2-9
Added Pin To Net: NetName=GND Pin=U2-10
Added Pin To Net: NetName=G2_C_BUFF Pin=U2-11
Added Pin To Net: NetName=R1_B_BUFF Pin=U2-12
Added Pin To Net: NetName=B1_A_BUFF Pin=U2-13
Added Pin To Net: NetName=R2_A_BUFF Pin=U2-14
Added Pin To Net: NetName=R1_C_BUFF Pin=U2-15
Added Pin To Net: NetName=R2_C_BUFF Pin=U2-16
Added Pin To Net: NetName=R2_B_BUFF Pin=U2-17
Added Pin To Net: NetName=G2_B_BUFF Pin=U2-18
Added Pin To Net: NetName=GND Pin=U2-19
Added Pin To Net: NetName=5V Pin=U2-20
Added Pin To Net: NetName=G1_C Pin=U3-2
Added Pin To Net: NetName=B1_C Pin=U3-3
Added Pin To Net: NetName=G1_A Pin=U3-4
Added Pin To Net: NetName=B2_A Pin=U3-5
Added Pin To Net: NetName=G2_A Pin=U3-6
Added Pin To Net: NetName=R1_A Pin=U3-7
Added Pin To Net: NetName=G1_B Pin=U3-8
Added Pin To Net: NetName=B1_B Pin=U3-9
Added Pin To Net: NetName=B1_B_BUFF Pin=U3-11
Added Pin To Net: NetName=G1_B_BUFF Pin=U3-12
Added Pin To Net: NetName=R1_A_BUFF Pin=U3-13
Added Pin To Net: NetName=G2_A_BUFF Pin=U3-14
Added Pin To Net: NetName=B2_A_BUFF Pin=U3-15
Added Pin To Net: NetName=G1_A_BUFF Pin=U3-16
Added Pin To Net: NetName=B1_C_BUFF Pin=U3-17
Added Pin To Net: NetName=G1_C_BUFF Pin=U3-18
Added Pin To Net: NetName=B2_B Pin=U4-2
Added Pin To Net: NetName=B2_C Pin=U4-3
Added Pin To Net: NetName=LAT Pin=U4-4
Added Pin To Net: NetName=CLK Pin=U4-5
Added Pin To Net: NetName=OE Pin=U4-6
Added Pin To Net: NetName=LAT Pin=U4-7
Added Pin To Net: NetName=CLK Pin=U4-8
Added Pin To Net: NetName=OE Pin=U4-9
Added Pin To Net: NetName=OE_C_BUFF Pin=U4-11
Added Pin To Net: NetName=CLK_C_BUFF Pin=U4-12
Added Pin To Net: NetName=LAT_C_BUFF Pin=U4-13
Added Pin To Net: NetName=OE_B_BUFF Pin=U4-14
Added Pin To Net: NetName=CLK_B_BUFF Pin=U4-15
Added Pin To Net: NetName=LAT_B_BUFF Pin=U4-16
Added Pin To Net: NetName=B2_C_BUFF Pin=U4-17
Added Pin To Net: NetName=B2_B_BUFF Pin=U4-18
Added Pin To Net: NetName=GND Pin=U5-1
Added Pin To Net: NetName=GND Pin=U5-3
Added Pin To Net: NetName=BAT_SENSE_A Pin=U5-4
Added Pin To Net: NetName=BAT_SENSE_B Pin=U5-5
Added Pin To Net: NetName=BAT_SENSE_C Pin=U5-6
Added Pin To Net: NetName=DISP_SENSE_A Pin=U5-7
Added Pin To Net: NetName=3V3 Pin=U5-8
Added Pin To Net: NetName=SDA Pin=U5-9
Added Pin To Net: NetName=SCL Pin=U5-10
Added Pin To Net: NetName=3V3 Pin=U6-1
Added Pin To Net: NetName=GND Pin=U6-3
Added Pin To Net: NetName=DISP_SENSE_B Pin=U6-4
Added Pin To Net: NetName=DISP_SENSE_C Pin=U6-5
Added Pin To Net: NetName=AIN2 Pin=U6-6
Added Pin To Net: NetName=AIN3 Pin=U6-7
Added Pin To Net: NetName=3V3 Pin=U6-8
Added Pin To Net: NetName=SDA Pin=U6-9
Added Pin To Net: NetName=SCL Pin=U6-10
Added Pin To Net: NetName=5V Pin=U7-2
Added Pin To Net: NetName=5V Pin=U7-3
Added Pin To Net: NetName=5V Pin=U7-4
Change Class Name : Old Net Name=Display New Net Name=Display&Baterry detection
Added Class: Name=3v3--5V Logic Level Conversion
Added Class: Name=ADC
Added Class: Name=Board Edge Connectors
Added Class: Name=DIsplay_IO
Added Class: Name=Power Delivery & Comunication Connector
Added Class: Name=Raspberry pi Connector
Added Room: Name=3v3--5V Logic Level Conversion
Added Room: Name=ADC
Added Room: Name=Board Edge Connectors
Added Room: Name=Display&Baterry detection
Added Room: Name=DIsplay_IO
Added Room: Name=Power Delivery & Comunication Connector
Added Room: Name=Raspberry pi Connector
