Change Component Comment : Designator=P1 Old Comment=Header 4 New Comment=UART
Change Component Designator: OldDesignator=ENC1 NewDesignator=ENC2
Change Component Designator: OldDesignator=ENC2 NewDesignator=ENC1
Change Component Designator: OldDesignator=IC4 NewDesignator=IC5
Change Component Designator: OldDesignator=IC5 NewDesignator=IC4
Added Component: Designator=C2(AVX-1206-2_L)
Add component (AddParameter): Name = "Capacitance"; Value = "0.001uF"; VariantName = "[No Variations]"
Add component (AddParameter): Name = "Case Size/Dimension"; Value = "1206"; VariantName = "[No Variations]"
Add component (AddParameter): Name = "Datasheet URL"; Value = "https://datasheet.ciiva.com/11787/0900766b80ed4c37-11787781.pdf"; VariantName = "[No Variations]"
Add component (AddParameter): Name = "Datasheet Version"; Value = "11/2010"; VariantName = "[No Variations]"
Add component (AddParameter): Name = "Dielectric"; Value = "X7R"; VariantName = "[No Variations]"
Add component (AddParameter): Name = "Manufacturer"; Value = "AVX"; VariantName = "[No Variations]"
Add component (AddParameter): Name = "Manufacturer URL"; Value = "http://www.avx.com/"; VariantName = "[No Variations]"
Add component (AddParameter): Name = "Mounting Technology"; Value = "SurfaceMount"; VariantName = "[No Variations]"
Add component (AddParameter): Name = "Package Description"; Value = "2-Pin SMD, Body 3.4 x 1.8 mm"; VariantName = "[No Variations]"
Add component (AddParameter): Name = "Package Reference"; Value = "1206"; VariantName = "[No Variations]"
Add component (AddParameter): Name = "PartNumber"; Value = "1206GC102KAT1A"; VariantName = "[No Variations]"
Add component (AddParameter): Name = "Rated Voltage"; Value = "2000V"; VariantName = "[No Variations]"
Add component (AddParameter): Name = "Tolerance"; Value = "10%"; VariantName = "[No Variations]"
Add component (AddParameter): Name = "Tolerance (%)"; Value = "±10%"; VariantName = "[No Variations]"
Add component (AddParameter): Name = "Voltage Rating DC"; Value = "2000V"; VariantName = "[No Variations]"
Added Component: Designator=C3(AVX-1206-2_L)
Add component (AddParameter): Name = "Capacitance"; Value = "0.001uF"; VariantName = "[No Variations]"
Add component (AddParameter): Name = "Case Size/Dimension"; Value = "1206"; VariantName = "[No Variations]"
Add component (AddParameter): Name = "Datasheet URL"; Value = "https://datasheet.ciiva.com/11787/0900766b80ed4c37-11787781.pdf"; VariantName = "[No Variations]"
Add component (AddParameter): Name = "Datasheet Version"; Value = "11/2010"; VariantName = "[No Variations]"
Add component (AddParameter): Name = "Dielectric"; Value = "X7R"; VariantName = "[No Variations]"
Add component (AddParameter): Name = "Manufacturer"; Value = "AVX"; VariantName = "[No Variations]"
Add component (AddParameter): Name = "Manufacturer URL"; Value = "http://www.avx.com/"; VariantName = "[No Variations]"
Add component (AddParameter): Name = "Mounting Technology"; Value = "SurfaceMount"; VariantName = "[No Variations]"
Add component (AddParameter): Name = "Package Description"; Value = "2-Pin SMD, Body 3.4 x 1.8 mm"; VariantName = "[No Variations]"
Add component (AddParameter): Name = "Package Reference"; Value = "1206"; VariantName = "[No Variations]"
Add component (AddParameter): Name = "PartNumber"; Value = "1206GC102KAT1A"; VariantName = "[No Variations]"
Add component (AddParameter): Name = "Rated Voltage"; Value = "2000V"; VariantName = "[No Variations]"
Add component (AddParameter): Name = "Tolerance"; Value = "10%"; VariantName = "[No Variations]"
Add component (AddParameter): Name = "Tolerance (%)"; Value = "±10%"; VariantName = "[No Variations]"
Add component (AddParameter): Name = "Voltage Rating DC"; Value = "2000V"; VariantName = "[No Variations]"
Added Component: Designator=P?(HDR2X3)
Add component (AddParameter): Name = "LatestRevisionDate"; Value = "17-Jul-2002"; VariantName = "[No Variations]"
Add component (AddParameter): Name = "LatestRevisionNote"; Value = "Re-released for DXP Platform."; VariantName = "[No Variations]"
Add component (AddParameter): Name = "Publisher"; Value = "Altium Limited"; VariantName = "[No Variations]"
Added Component: Designator=P?(HDR1X4)
Add component (AddParameter): Name = "LatestRevisionDate"; Value = "17-Jul-2002"; VariantName = "[No Variations]"
Add component (AddParameter): Name = "LatestRevisionNote"; Value = "Re-released for DXP Platform."; VariantName = "[No Variations]"
Add component (AddParameter): Name = "Publisher"; Value = "Altium Limited"; VariantName = "[No Variations]"
Added Component: Designator=R8(FP-RC1206-MFG)
Add component (AddParameter): Name = "Automotive"; Value = "No"; VariantName = "[No Variations]"
Add component (AddParameter): Name = "Category"; Value = "Res"; VariantName = "[No Variations]"
Add component (AddParameter): Name = "ComponentLink2Description"; Value = "Datasheet"; VariantName = "[No Variations]"
Add component (AddParameter): Name = "ComponentLink2URL"; Value = "https://www.yageo.com/upload/media/product/productsearch/datasheet/rchip/PYu-RC_Group_51_RoHS_L_10.pdf"; VariantName = "[No Variations]"
Add component (AddParameter): Name = "Composition"; Value = "Thick Film"; VariantName = "[No Variations]"
Add component (AddParameter): Name = "Device Class L1"; Value = "Passive Components"; VariantName = "[No Variations]"
Add component (AddParameter): Name = "Device Class L2"; Value = "Resistors"; VariantName = "[No Variations]"
Add component (AddParameter): Name = "Device Class L3"; Value = "Chip SMD Resistors"; VariantName = "[No Variations]"
Add component (AddParameter): Name = "Digikey Description"; Value = "RES SMD 0 OHM JUMPER 1/4W 1206"; VariantName = "[No Variations]"
Add component (AddParameter): Name = "Footprint Url"; Value = "https://www.yageo.com/upload/website/yageo_PYu-R_Mount_10_19050818_343.pdf"; VariantName = "[No Variations]"
Add component (AddParameter): Name = "Height"; Value = "0.65mm"; VariantName = "[No Variations]"
Add component (AddParameter): Name = "Ipc Land Pattern Name"; Value = "RESC310160X55"; VariantName = "[No Variations]"
Add component (AddParameter): Name = "Lead Free"; Value = "Yes"; VariantName = "[No Variations]"
Add component (AddParameter): Name = "Manufacturer"; Value = "YAGEO"; VariantName = "[No Variations]"
Add component (AddParameter): Name = "Manufacturer Part Number"; Value = "RC1206JR-070RL"; VariantName = "[No Variations]"
Add component (AddParameter): Name = "Mouser Description"; Value = "Resistor: thick film; SMD; 1206; 0O; 0.25W; ±5%; -55÷155°C"; VariantName = "[No Variations]"
Add component (AddParameter): Name = "Octopart"; Value = "https://octopart.com/rc1206jr-070rl-yageo-40025601"; VariantName = "[No Variations]"
Add component (AddParameter): Name = "Package"; Value = "RC1206"; VariantName = "[No Variations]"
Add component (AddParameter): Name = "Power Rating"; Value = "0.25W"; VariantName = "[No Variations]"
Add component (AddParameter): Name = "Resistance"; Value = "0O"; VariantName = "[No Variations]"
Add component (AddParameter): Name = "RoHS"; Value = "TRUE"; VariantName = "[No Variations]"
Add component (AddParameter): Name = "Series"; Value = "RC"; VariantName = "[No Variations]"
Add component (AddParameter): Name = "Temperature"; Value = "-55°C to +155°C"; VariantName = "[No Variations]"
Add component (AddParameter): Name = "Temperature Coefficient"; Value = "300ppm/°C"; VariantName = "[No Variations]"
Add component (AddParameter): Name = "Temperature Range High"; Value = "+155°C"; VariantName = "[No Variations]"
Add component (AddParameter): Name = "Temperature Range Low"; Value = "-55°C"; VariantName = "[No Variations]"
Add component (AddParameter): Name = "Tolerance"; Value = "5%"; VariantName = "[No Variations]"
Add component (AddParameter): Name = "Value"; Value = "0O"; VariantName = "[No Variations]"
Add component (AddParameter): Name = "Voltage Rating"; Value = "200V"; VariantName = "[No Variations]"
Added Component: Designator=R?(FP-RC1206-MFG)
Add component (AddParameter): Name = "Automotive"; Value = "No"; VariantName = "[No Variations]"
Add component (AddParameter): Name = "Category"; Value = "Res"; VariantName = "[No Variations]"
Add component (AddParameter): Name = "ComponentLink2Description"; Value = "Datasheet"; VariantName = "[No Variations]"
Add component (AddParameter): Name = "ComponentLink2URL"; Value = "https://www.yageo.com/upload/media/product/productsearch/datasheet/rchip/PYu-RC_Group_51_RoHS_L_10.pdf"; VariantName = "[No Variations]"
Add component (AddParameter): Name = "Composition"; Value = "Thick Film"; VariantName = "[No Variations]"
Add component (AddParameter): Name = "Device Class L1"; Value = "Passive Components"; VariantName = "[No Variations]"
Add component (AddParameter): Name = "Device Class L2"; Value = "Resistors"; VariantName = "[No Variations]"
Add component (AddParameter): Name = "Device Class L3"; Value = "Chip SMD Resistors"; VariantName = "[No Variations]"
Add component (AddParameter): Name = "Digikey Description"; Value = "RES SMD 0 OHM JUMPER 1/4W 1206"; VariantName = "[No Variations]"
Add component (AddParameter): Name = "Footprint Url"; Value = "https://www.yageo.com/upload/website/yageo_PYu-R_Mount_10_19050818_343.pdf"; VariantName = "[No Variations]"
Add component (AddParameter): Name = "Height"; Value = "0.65mm"; VariantName = "[No Variations]"
Add component (AddParameter): Name = "Ipc Land Pattern Name"; Value = "RESC310160X55"; VariantName = "[No Variations]"
Add component (AddParameter): Name = "Lead Free"; Value = "Yes"; VariantName = "[No Variations]"
Add component (AddParameter): Name = "Manufacturer"; Value = "YAGEO"; VariantName = "[No Variations]"
Add component (AddParameter): Name = "Manufacturer Part Number"; Value = "RC1206JR-070RL"; VariantName = "[No Variations]"
Add component (AddParameter): Name = "Mouser Description"; Value = "Resistor: thick film; SMD; 1206; 0O; 0.25W; ±5%; -55÷155°C"; VariantName = "[No Variations]"
Add component (AddParameter): Name = "Octopart"; Value = "https://octopart.com/rc1206jr-070rl-yageo-40025601"; VariantName = "[No Variations]"
Add component (AddParameter): Name = "Package"; Value = "RC1206"; VariantName = "[No Variations]"
Add component (AddParameter): Name = "Power Rating"; Value = "0.25W"; VariantName = "[No Variations]"
Add component (AddParameter): Name = "Resistance"; Value = "0O"; VariantName = "[No Variations]"
Add component (AddParameter): Name = "RoHS"; Value = "TRUE"; VariantName = "[No Variations]"
Add component (AddParameter): Name = "Series"; Value = "RC"; VariantName = "[No Variations]"
Add component (AddParameter): Name = "Temperature"; Value = "-55°C to +155°C"; VariantName = "[No Variations]"
Add component (AddParameter): Name = "Temperature Coefficient"; Value = "300ppm/°C"; VariantName = "[No Variations]"
Add component (AddParameter): Name = "Temperature Range High"; Value = "+155°C"; VariantName = "[No Variations]"
Add component (AddParameter): Name = "Temperature Range Low"; Value = "-55°C"; VariantName = "[No Variations]"
Add component (AddParameter): Name = "Tolerance"; Value = "5%"; VariantName = "[No Variations]"
Add component (AddParameter): Name = "Value"; Value = "0O"; VariantName = "[No Variations]"
Add component (AddParameter): Name = "Voltage Rating"; Value = "200V"; VariantName = "[No Variations]"
Added Component: Designator=SW?(FP-3-1825910-1-MFG)
Add component (AddParameter): Name = "Automotive"; Value = "No"; VariantName = "[No Variations]"
Add component (AddParameter): Name = "Category"; Value = "Switch"; VariantName = "[No Variations]"
Add component (AddParameter): Name = "ComponentLink2Description"; Value = "Datasheet"; VariantName = "[No Variations]"
Add component (AddParameter): Name = "ComponentLink2URL"; Value = "https://www.te.com/commerce/DocumentDelivery/DDEController?Action=srchrtrv&DocNm=1825910&DocType=Customer+Drawing&DocLang=English"; VariantName = "[No Variations]"
Add component (AddParameter): Name = "Contact Current Rating"; Value = "50mA"; VariantName = "[No Variations]"
Add component (AddParameter): Name = "Contact Resistance"; Value = "100mO"; VariantName = "[No Variations]"
Add component (AddParameter): Name = "Device Class L1"; Value = "Electromechanical"; VariantName = "[No Variations]"
Add component (AddParameter): Name = "Device Class L2"; Value = "Switches"; VariantName = "[No Variations]"
Add component (AddParameter): Name = "Device Class L3"; Value = "Tactile Switches"; VariantName = "[No Variations]"
Add component (AddParameter): Name = "Digikey Description"; Value = "SWITCH TACTILE SPST-NO 0.05A 24V"; VariantName = "[No Variations]"
Add component (AddParameter): Name = "Electromechanical Life"; Value = "100000Cycles"; VariantName = "[No Variations]"
Add component (AddParameter): Name = "Height"; Value = "17.3mm"; VariantName = "[No Variations]"
Add component (AddParameter): Name = "Lead Free"; Value = "Yes"; VariantName = "[No Variations]"
Add component (AddParameter): Name = "Manufacturer"; Value = "TE Connectivity"; VariantName = "[No Variations]"
Add component (AddParameter): Name = "Manufacturer Part Number"; Value = "3-1825910-1"; VariantName = "[No Variations]"
Add component (AddParameter): Name = "Mount"; Value = "Through Hole"; VariantName = "[No Variations]"
Add component (AddParameter): Name = "Octopart"; Value = "https://octopart.com/3-1825910-1-te+connectivity-46506874"; VariantName = "[No Variations]"
Add component (AddParameter): Name = "Operating Force"; Value = "160gf"; VariantName = "[No Variations]"
Add component (AddParameter): Name = "Package"; Value = "0"; VariantName = "[No Variations]"
Add component (AddParameter): Name = "RoHS"; Value = "TRUE"; VariantName = "[No Variations]"
Add component (AddParameter): Name = "Temperature"; Value = "-35°C to +85°C"; VariantName = "[No Variations]"
Add component (AddParameter): Name = "Temperature Range High"; Value = "+85°C"; VariantName = "[No Variations]"
Add component (AddParameter): Name = "Temperature Range Low"; Value = "-35°C"; VariantName = "[No Variations]"
Add component (AddParameter): Name = "Throw Configuration"; Value = "SPST-NO"; VariantName = "[No Variations]"
Added Pin To Net: NetName=GND Pin=C2-1
Added Pin To Net: NetName=5V Pin=C2-2
Added Pin To Net: NetName=GND Pin=C3-1
Added Pin To Net: NetName=VBUS Pin=C3-2
Added Pin To Net: NetName=GND Pin=ENC1-2
Added Pin To Net: NetName=GND Pin=ENC1-3
Added Pin To Net: NetName=GND Pin=ENC1-4
Added Pin To Net: NetName=GND Pin=ENC1-C
Added Pin To Net: NetName=GND Pin=ENC2-2
Added Pin To Net: NetName=GND Pin=ENC2-3
Added Pin To Net: NetName=GND Pin=ENC2-4
Added Pin To Net: NetName=GND Pin=ENC2-C
Added Pin To Net: NetName=GND Pin=IC1-4
Added Pin To Net: NetName=5V Pin=IC3-5
Added Pin To Net: NetName=GND Pin=IC3-6
Added Pin To Net: NetName=5V Pin=IC4-5
Added Pin To Net: NetName=GND Pin=IC4-6
Added Pin To Net: NetName=GND Pin=IC5-A12
Added Pin To Net: NetName=GND Pin=IC5-B1
Added Pin To Net: NetName=GND Pin=IC6-1
Added Pin To Net: NetName=5V Pin=IC6-2
Added Pin To Net: NetName=VBUS Pin=IC6-3
Added Pin To Net: NetName=5V Pin=IC6-4
Added Pin To Net: NetName=5V Pin=P1-1
Added Pin To Net: NetName=GND Pin=P1-2
Added Pin To Net: NetName=GND Pin=P?-1
Added Pin To Net: NetName=5V Pin=P?-2
Added Pin To Net: NetName=5V Pin=P?-2
Added Pin To Net: NetName=GND Pin=P?-6
Added Pin To Net: NetName=5V Pin=R?-2
Added Pin To Net: NetName=GND Pin=SW?-2
Added Pin To Net: NetName=5V Pin=U1-7
Added Pin To Net: NetName=GND Pin=U1-8
Added Pin To Net: NetName=PWM Pin=U1-15
Added Pin To Net: NetName=5V Pin=U1-20
Added Pin To Net: NetName=5V Pin=U1-21
Added Pin To Net: NetName=GND Pin=U1-22
Added Pin To Net: NetName=BUTT0 Pin=ENC2-1
Added Pin To Net: NetName=BUTT0 Pin=U1-23
Added Net: Name=BUTT0
Added Pin To Net: NetName=BUTT1 Pin=ENC1-1
Added Pin To Net: NetName=BUTT1 Pin=U1-24
Added Net: Name=BUTT1
Added Pin To Net: NetName=INT0 Pin=ENC2-A
Added Pin To Net: NetName=INT0 Pin=U1-4
Added Net: Name=INT0
Added Pin To Net: NetName=INT1 Pin=ENC2-B
Added Pin To Net: NetName=INT1 Pin=U1-5
Added Net: Name=INT1
Added Pin To Net: NetName=MISO Pin=P?-1
Added Pin To Net: NetName=MISO Pin=U1-18
Added Net: Name=MISO
Added Pin To Net: NetName=MOSI Pin=P?-4
Added Pin To Net: NetName=MOSI Pin=U1-17
Added Net: Name=MOSI
Added Pin To Net: NetName=NetIC3_7 Pin=IC3-7
Added Pin To Net: NetName=NetIC3_7 Pin=R7-1
Added Net: Name=NetIC3_7
Added Pin To Net: NetName=NetIC3_8 Pin=IC3-8
Added Pin To Net: NetName=NetIC3_8 Pin=R7-2
Added Net: Name=NetIC3_8
Added Pin To Net: NetName=NetIC4_7 Pin=IC4-7
Added Pin To Net: NetName=NetIC4_7 Pin=R8-1
Added Net: Name=NetIC4_7
Added Pin To Net: NetName=NetIC4_8 Pin=IC4-8
Added Pin To Net: NetName=NetIC4_8 Pin=R8-2
Added Net: Name=NetIC4_8
Added Pin To Net: NetName=NetU1_9 Pin=U1-9
Added Pin To Net: NetName=NetU1_9 Pin=Y1-2
Added Net: Name=NetU1_9
Added Pin To Net: NetName=NetU1_10 Pin=U1-10
Added Pin To Net: NetName=NetU1_10 Pin=Y1-1
Added Net: Name=NetU1_10
Added Pin To Net: NetName=ROT2A Pin=ENC1-A
Added Pin To Net: NetName=ROT2A Pin=U1-6
Added Net: Name=ROT2A
Added Pin To Net: NetName=ROT2B Pin=ENC1-B
Added Pin To Net: NetName=ROT2B Pin=U1-11
Added Net: Name=ROT2B
Added Pin To Net: NetName=RST Pin=P?-5
Added Pin To Net: NetName=RST Pin=R?-1
Added Pin To Net: NetName=RST Pin=SW?-3
Added Pin To Net: NetName=RST Pin=U1-1
Added Net: Name=RST
Added Pin To Net: NetName=RXD Pin=P1-4
Added Pin To Net: NetName=RXD Pin=U1-2
Added Net: Name=RXD
Added Pin To Net: NetName=SCK Pin=P?-3
Added Pin To Net: NetName=SCK Pin=U1-19
Added Net: Name=SCK
Added Pin To Net: NetName=SCL Pin=IC2-6
Added Pin To Net: NetName=SCL Pin=IC3-1
Added Pin To Net: NetName=SCL Pin=IC3-4
Added Pin To Net: NetName=SCL Pin=IC4-1
Added Pin To Net: NetName=SCL Pin=IC4-2
Added Pin To Net: NetName=SCL Pin=IC4-4
Added Pin To Net: NetName=SCL Pin=P?-3
Added Pin To Net: NetName=SCL Pin=U1-28
Added Net: Name=SCL
Added Pin To Net: NetName=SDA Pin=IC2-5
Added Pin To Net: NetName=SDA Pin=IC3-2
Added Pin To Net: NetName=SDA Pin=IC3-3
Added Pin To Net: NetName=SDA Pin=IC4-3
Added Pin To Net: NetName=SDA Pin=P?-4
Added Pin To Net: NetName=SDA Pin=U1-27
Added Net: Name=SDA
Added Pin To Net: NetName=TXD Pin=P1-3
Added Pin To Net: NetName=TXD Pin=U1-3
Added Net: Name=TXD
Added Member To Class: ClassName=Sheet1 Member=Component C2 220uF
Added Member To Class: ClassName=Sheet1 Member=Component C3 220uF
Added Member To Class: ClassName=Sheet1 Member=Component P? ICSP
Added Member To Class: ClassName=Sheet1 Member=Component P? I2C DISPLAY
Added Member To Class: ClassName=Sheet1 Member=Component R8 RC1206JR-070RL
Added Member To Class: ClassName=Sheet1 Member=Component R? 10K
Added Member To Class: ClassName=Sheet1 Member=Component SW? 3-1825910-1
Added Room: Name=Sheet1
